1.80731191528e-15
0.0570824149586
0.0793197497314
0.0452267548377
-0.0437123686596
-0.162712183416
-0.272421700754
-0.333489865591
-0.321451304414
-0.236242488462
-0.102656694313
0.0385242589321
0.145424441676
0.190371108671
0.169779302481
0.104840879298
0.032731736962
-0.00831654165606
0.00564253217464
0.0744401805788
0.173323847552
0.26213299546
0.300692813286
0.264571242029
0.155140229847
1.59700474058e-16
-0.156525410471
-0.269316914532
-0.308819646077
-0.271621972672
-0.181202204259
-0.0785190945831
-0.00600489662622
0.00892974288416
-0.0354593817088
-0.114593519233
-0.187233249465
-0.211821374437
-0.163259514712
-0.0436364828662
0.117321936358
0.272413587174
0.373996229174
0.391488103085
0.322674247495
0.194460902132
0.0527119739718
-0.0550295982508
-0.0973826630365
-0.0707140364412
6.15987542797e-16
0.0714247302748
0.0993499895625
0.056705626624
-0.0548634831135
-0.204433256087
-0.342633479298
-0.419886203827
-0.405162581605
-0.298086071829
-0.129671613869
0.0487158618241
0.184101154888
0.241272474626
0.215418899922
0.133176252082
0.0416262307016
-0.0105888207971
0.00719267837646
0.0950037663741
0.221469360761
0.335354502572
0.385157086681
0.339308881021
0.199214158781
-2.3495843755e-16
-0.201503976698
-0.347154173067
-0.398592799007
-0.351043602108
-0.234496970218
-0.101749595939
-0.00779206824117
0.011603318598
-0.0461399183681
-0.149318828091
-0.244316557228
-0.276797256166
-0.213648253821
-0.0571881856196
0.153985041469
0.358078237228
0.492349466254
0.516165842921
0.426095480666
0.2571902254
0.0698262512354
-0.073013127091
-0.129416433772
-0.094129280296
6.15987542797e-16
0.0953927605684
0.132914175226
0.0759932547274
-0.0736523471935
-0.274927482324
-0.461603437388
-0.566699561808
-0.547825462452
-0.403790352619
-0.175982904536
0.0662395531278
0.250804471876
0.3293281223
0.294617024893
0.18250078989
0.0571584063366
-0.0145695804952
0.00991717776148
0.131264745906
0.306649884131
0.46533686791
0.535609073665
0.472895054651
0.278267396393
2.62862863901e-15
-0.282755580206
-0.488273755615
-0.561950503517
-0.496102941822
-0.332204041142
-0.144501527006
-0.0110937920722
0.0165620017595
-0.0660278142164
-0.214240057696
-0.351472941977
-0.399273918187
-0.309026938562
-0.0829486295924
0.223978242137
0.522334309351
0.720289033965
0.75736483494
0.627083914942
0.379661761305
0.103396564329
-0.108456392669
-0.192855862092
-0.140727933908
6.15987542797e-16
0.143570922472
0.200727529932
0.115165035515
-0.11201294469
-0.419626157232
-0.70713718068
-0.871376745576
-0.845556692046
-0.625653183728
-0.273751184834
0.103452785222
0.393307012715
0.518597158105
0.465905992854
0.289854195707
0.0911812672512
-0.0233464362152
0.0159642373721
0.212292366836
0.498306061713
0.759853872917
0.87894822345
0.779969765463
0.461338051914
9.31033181765e-15
-0.473806647912
-0.822707834804
-0.952193908738
-0.84547121071
-0.569492641958
-0.24921277846
-0.0192509921252
0.0289217045651
-0.116048885592
-0.379040102078
-0.626061177897
-0.71615798024
-0.558242211596
-0.150939309586
0.410626777252
0.964990503717
1.34122785635
1.42171995331
1.18698026757
0.724808817037
0.199134123894
-0.210773744244
-0.378294191027
-0.278696496563
6.15987542797e-16
0.290071863769
0.409818706945
0.237681030743
-0.23376614544
-0.885877443045
-1.51070215872
-1.8846055195
-1.85217180162
-1.3886448712
-0.615940165877
0.236084561148
0.910816239972
1.21940412852
1.1129976496
0.703931618145
0.22527136615
-0.0587198244201
0.0409083582661
0.55469941012
1.32881616457
2.06994675726
2.44849862247
2.22435822003
1.34852661329
4.27188477109e-14
-1.46090383106
-2.61120312786
-3.11627097405
-2.85849790288
-1.99322424685
-0.905035879669
-0.0727259702509
0.113985541521
-0.478701653069
-1.64250710901
-2.8619939561
-3.47061175039
-2.88425142658
-0.837027080433
2.46376066351
6.3260488577
9.72390195852
11.5768624769
11.0784824973
7.97289698741
2.68831067256
-3.72366948164
-9.83564896669
-14.2135213247
-15.8019597201
-14.2135213247
-9.83564896669
-3.72366948164
2.68831067256
7.97289698741
11.0784824973
11.5768624769
9.72390195852
6.3260488577
2.46376066351
-0.837027080433
-2.88425142658
-3.47061175039
-2.8619939561
-1.64250710901
-0.478701653069
0.113985541521
-0.0727259702509
-0.905035879669
-1.99322424685
-2.85849790288
-3.11627097405
-2.61120312786
-1.46090383106
-9.85372506936e-15
1.34852661329
2.22435822003
2.44849862247
2.06994675726
1.32881616457
0.55469941012
0.0409083582661
-0.0587198244201
0.22527136615
0.703931618145
1.1129976496
1.21940412852
0.910816239972
0.236084561148
-0.615940165877
-1.3886448712
-1.85217180162
-1.8846055195
-1.51070215872
-0.885877443045
-0.23376614544
0.237681030743
0.409818706945
0.290071863769
6.15987542797e-16
-0.278696496563
-0.378294191027
-0.210773744244
0.199134123894
0.724808817037
1.18698026757
1.42171995331
1.34122785635
0.964990503717
0.410626777252
-0.150939309586
-0.558242211596
-0.71615798024
-0.626061177897
-0.379040102078
-0.116048885592
0.0289217045651
-0.0192509921252
-0.24921277846
-0.569492641958
-0.84547121071
-0.952193908738
-0.822707834804
-0.473806647912
-8.21385910909e-15
0.461338051914
0.779969765463
0.87894822345
0.759853872917
0.498306061713
0.212292366836
0.0159642373722
-0.0233464362152
0.0911812672512
0.289854195707
0.465905992854
0.518597158105
0.393307012715
0.103452785222
-0.273751184834
-0.625653183728
-0.845556692046
-0.871376745576
-0.70713718068
-0.419626157232
-0.11201294469
0.115165035515
0.200727529932
0.143570922472
6.15987542797e-16
-0.140727933908
-0.192855862092
-0.108456392669
0.103396564329
0.379661761305
0.627083914942
0.75736483494
0.720289033965
0.522334309351
0.223978242137
-0.0829486295924
-0.309026938562
-0.399273918187
-0.351472941977
-0.214240057696
-0.0660278142164
0.0165620017595
-0.0110937920722
-0.144501527006
-0.332204041142
-0.496102941822
-0.561950503517
-0.488273755615
-0.282755580206
1.64470906285e-15
0.278267396393
0.472895054651
0.535609073665
0.46533686791
0.306649884131
0.131264745906
0.00991717776149
-0.0145695804952
0.0571584063366
0.18250078989
0.294617024893
0.3293281223
0.250804471876
0.0662395531278
-0.175982904536
-0.403790352619
-0.547825462452
-0.566699561808
-0.461603437388
-0.274927482324
-0.0736523471935
0.0759932547273
0.132914175226
0.0953927605684
6.15987542797e-16
-0.094129280296
-0.129416433772
-0.073013127091
0.0698262512354
0.2571902254
0.426095480666
0.516165842921
0.492349466254
0.358078237228
0.153985041469
-0.0571881856196
-0.213648253821
-0.276797256166
-0.244316557228
-0.149318828091
-0.0461399183681
0.011603318598
-0.00779206824117
-0.101749595939
-0.234496970218
-0.351043602108
-0.398592799007
-0.347154173067
-0.201503976698
5.86980970796e-15
0.199214158781
0.339308881021
0.385157086681
0.335354502572
0.221469360761
0.0950037663741
0.00719267837647
-0.0105888207971
0.0416262307016
0.133176252082
0.215418899922
0.241272474626
0.184101154888
0.0487158618241
-0.129671613869
-0.298086071829
-0.405162581605
-0.419886203827
-0.342633479298
-0.204433256087
-0.0548634831135
0.056705626624
0.0993499895625
0.0714247302748
6.15987542797e-16
-0.0707140364412
-0.0973826630365
-0.0550295982508
0.0527119739718
0.194460902132
0.322674247495
0.391488103085
0.373996229174
0.272413587174
0.117321936358
-0.0436364828662
-0.163259514712
-0.211821374437
-0.187233249465
-0.114593519233
-0.0354593817088
0.00892974288416
-0.00600489662622
-0.0785190945831
-0.181202204259
-0.271621972672
-0.308819646077
-0.269316914532
-0.156525410471
-2.37246213351e-15
0.155140229847
0.264571242029
0.300692813286
0.26213299546
0.173323847552
0.0744401805788
0.00564253217464
-0.00831654165606
0.032731736962
0.104840879298
0.169779302481
0.190371108671
0.145424441676
0.0385242589321
-0.102656694313
-0.236242488462
-0.321451304414
-0.333489865591
-0.272421700754
-0.162712183416
-0.0437123686596
0.0452267548377
0.0793197497314
0.0570824149586
