-9.31226751861e-15
0.45634185308
0.64427749828
0.377326623329
-0.378860471391
-1.48273985307
-2.64418036562
-3.4974412625
-3.70184494355
-3.04397246292
-1.51363026668
0.668538994031
3.08234186371
5.19399636242
6.47828403149
6.54826284505
5.26058605937
2.76901291507
-0.489780695763
-3.8781232742
-6.69061638516
-8.30940515674
-8.3458499162
-6.73513229705
-3.76052312737
-3.81001226401e-15
3.79409922672
6.85594184498
8.57141342745
8.61019810359
6.99473531176
4.09062317964
0.521234501913
-2.97317976595
-5.69896823099
-7.15740357483
-7.14427584781
-5.77923538917
-3.46036492247
-0.757255069068
1.72986316192
3.51003523236
4.30695421317
4.10569191684
3.13194179229
1.77205494635
0.456861156678
-0.459111704248
-0.790994156304
-0.565319012025
-1.28649811974e-14
0.571000610136
0.806973836229
0.473094801839
-0.475508550828
-1.86292955899
-3.32567015057
-4.40351412843
-4.66586706427
-3.840823893
-1.91195402107
0.845401161764
3.90211363598
6.58276544328
8.2197582335
8.31806361399
6.69009314073
3.52557382083
-0.624335831962
-4.94942804608
-8.5491209366
-10.6304680497
-10.6901897803
-8.63771204198
-4.82885356129
5.60545943195e-15
4.88435762521
8.83742792735
11.0631033773
11.1277998883
9.05201040346
5.30086672391
0.676363817959
-3.86335334857
-7.41552492707
-9.32631374902
-9.32240872824
-7.55200698094
-4.52837878743
-0.992427450766
2.27044540002
4.61381989663
5.66991440722
5.41323711329
4.13576928982
2.34368557421
0.605192701054
-0.609148208904
-1.05118960246
-0.752510737861
4.89858719659e-15
0.762611553134
1.07960013225
0.634011401104
-0.638353944947
-2.50531906209
-4.48041673064
-5.94320438312
-6.3087780024
-5.2028181813
-2.59479474288
1.14950229909
5.31592292438
8.98523458316
11.2417281723
11.3988279155
9.18639655144
4.85097751287
-0.860826677402
-6.83852272015
-11.8372443738
-14.7508045031
-14.8660451632
-12.0383860743
-6.74506529196
-6.27118198065e-14
6.85385666763
12.4298783043
15.5971621385
15.7260643049
12.8236814049
7.52812164992
0.962958656077
-5.51435905309
-10.6118718784
-13.3812327703
-13.4111844862
-10.8936029902
-6.54997646039
-1.439466843
3.30246603639
6.73025104187
8.29487478093
7.94278716623
6.08660386049
3.45972632384
0.896150730406
-0.904851222934
-1.56647862327
-1.12504080611
-1.28649811974e-14
1.1477689032
1.63041652626
0.960821401673
-0.97082995794
-3.82390804213
-6.86361711927
-9.13847555684
-9.73746169935
-8.06150948971
-4.03634737781
1.79529010757
8.33633367686
14.1491625045
17.7776166445
18.1040208069
14.6544897368
7.77325312303
-1.38572099289
-11.0598330412
-19.2355221073
-24.0867567202
-24.3955612935
-19.8555198887
-11.1826082472
-2.22118804696e-13
11.4848409025
20.9434935812
26.4285247346
26.8007574774
21.983453837
12.9832822658
1.67101649143
-9.62955237629
-18.651168756
-23.6744887475
-23.8886723661
-19.5393196491
-11.8322155414
-2.61935769792
6.05452106671
12.4338536197
15.4456289024
14.9101443296
11.5210715931
6.60493207278
1.72591992523
-1.75848445212
-3.07270806872
-2.22802198857
-1.28649811974e-14
2.31896166157
3.32876707444
1.98297182898
-2.02607991222
-8.07269475562
-14.6631820275
-19.7646099253
-21.3296780081
-17.8926186235
-9.08178160007
4.09694409162
19.305193778
33.2696523755
42.4687508731
43.9669076739
36.205209938
19.55090937
-3.55091004428
-28.8982734303
-51.2947256196
-65.615647617
-67.9590636034
-56.6250011641
-32.6876241072
-1.01915372915e-12
35.4115927828
66.4728274535
86.493353677
90.6120848045
76.9420884294
47.1498145442
6.31272896761
-37.9517652477
-76.9360711183
-102.589451239
-109.205359388
-94.6905490687
-61.1331136303
-14.5255290521
36.3271264003
81.5108181738
111.980809543
121.411175255
107.530001535
72.6542528005
23.2999189906
-31.0665586541
-79.8904097867
-113.629121417
-125.663706144
-113.629121417
-79.8904097867
-31.0665586541
23.2999189906
72.6542528005
107.530001535
121.411175255
111.980809543
81.5108181738
36.3271264003
-14.5255290521
-61.1331136303
-94.6905490687
-109.205359388
-102.589451239
-76.9360711183
-37.9517652477
6.31272896761
47.1498145442
76.9420884294
90.6120848045
86.493353677
66.4728274535
35.4115927828
2.35082666985e-13
-32.6876241072
-56.6250011641
-67.9590636034
-65.615647617
-51.2947256196
-28.8982734303
-3.55091004428
19.55090937
36.205209938
43.9669076739
42.4687508731
33.2696523755
19.305193778
4.09694409162
-9.08178160007
-17.8926186235
-21.3296780081
-19.7646099253
-14.6631820275
-8.07269475562
-2.02607991222
1.98297182898
3.32876707444
2.31896166157
-1.28649811974e-14
-2.22802198857
-3.07270806872
-1.75848445212
1.72591992523
6.60493207278
11.5210715931
14.9101443296
15.4456289024
12.4338536197
6.05452106671
-2.61935769792
-11.8322155414
-19.5393196491
-23.8886723661
-23.6744887475
-18.651168756
-9.62955237629
1.67101649143
12.9832822658
21.983453837
26.8007574774
26.4285247346
20.9434935812
11.4848409025
1.95959994014e-13
-11.1826082472
-19.8555198887
-24.3955612935
-24.0867567202
-19.2355221073
-11.0598330412
-1.38572099289
7.77325312303
14.6544897368
18.1040208069
17.7776166445
14.1491625045
8.33633367686
1.79529010757
-4.03634737781
-8.06150948971
-9.73746169935
-9.13847555684
-6.86361711927
-3.82390804213
-0.97082995794
0.960821401673
1.63041652626
1.1477689032
-1.28649811974e-14
-1.12504080611
-1.56647862327
-0.904851222935
0.896150730406
3.45972632384
6.08660386049
7.94278716623
8.29487478093
6.73025104187
3.30246603639
-1.439466843
-6.54997646039
-10.8936029902
-13.4111844862
-13.3812327703
-10.6118718784
-5.51435905309
0.962958656076
7.52812164992
12.8236814049
15.7260643049
15.5971621385
12.4298783043
6.85385666763
-3.92382160236e-14
-6.74506529196
-12.0383860743
-14.8660451632
-14.7508045031
-11.8372443738
-6.83852272015
-0.860826677402
4.85097751287
9.18639655144
11.3988279155
11.2417281723
8.98523458316
5.31592292438
1.14950229909
-2.59479474288
-5.2028181813
-6.30877800239
-5.94320438312
-4.48041673064
-2.50531906209
-0.638353944947
0.634011401104
1.07960013225
0.762611553134
4.89858719659e-15
-0.752510737861
-1.05118960246
-0.609148208904
0.605192701054
2.34368557421
4.13576928982
5.41323711329
5.66991440722
4.61381989663
2.27044540002
-0.992427450766
-4.52837878743
-7.55200698094
-9.32240872824
-9.32631374902
-7.41552492707
-3.86335334857
0.676363817959
5.30086672391
9.05201040346
11.1277998883
11.0631033773
8.83742792735
4.88435762521
-1.40037448897e-13
-4.82885356129
-8.63771204198
-10.6901897803
-10.6304680497
-8.5491209366
-4.94942804608
-0.624335831962
3.52557382083
6.69009314073
8.31806361399
8.2197582335
6.58276544328
3.90211363598
0.845401161764
-1.91195402107
-3.840823893
-4.66586706427
-4.40351412843
-3.32567015057
-1.86292955899
-0.475508550828
0.473094801839
0.806973836229
0.571000610136
-1.28649811974e-14
-0.565319012025
-0.790994156304
-0.459111704248
0.456861156678
1.77205494635
3.13194179229
4.10569191684
4.30695421317
3.51003523236
1.72986316192
-0.757255069068
-3.46036492247
-5.77923538917
-7.14427584781
-7.15740357483
-5.69896823099
-2.97317976595
0.521234501913
4.09062317964
6.99473531176
8.61019810359
8.57141342745
6.85594184498
3.79409922672
5.66003944438e-14
-3.76052312737
-6.73513229705
-8.3458499162
-8.30940515674
-6.69061638516
-3.8781232742
-0.489780695763
2.76901291507
5.26058605937
6.54826284505
6.47828403149
5.19399636242
3.08234186371
0.668538994031
-1.51363026668
-3.04397246292
-3.70184494355
-3.4974412625
-2.64418036562
-1.48273985307
-0.378860471391
0.377326623329
0.64427749828
0.45634185308
