0.335328
0.304482057663
0.215044690029
0.0840309542576
-0.0633523729789
-0.198647157662
-0.295743106644
-0.336014874952
-0.311967918002
-0.228665263863
-0.102656694313
0.0413630697937
0.175483325708
0.274093803166
0.31887853501
0.302293754573
0.228854222727
0.114004422584
-0.01915698117
-0.144600802627
-0.238559810157
-0.284135273427
-0.274404988448
-0.213446801854
-0.115131658612
-1.12925288165e-16
0.109081143691
0.19155407113
0.233142887935
0.228376114849
0.181202204259
0.103655294617
0.0129381397454
-0.0723932369745
-0.13629814642
-0.168354394776
-0.165478842404
-0.131975597721
-0.0779997441814
-0.0168677607846
0.0381202079228
0.0766050214607
0.0931929750818
0.0881705228858
0.066822852515
0.0376016664764
0.00965099711653
-0.00966495651675
-0.0166104324219
-0.0118538049912
-2.69624275935e-16
0.0119729387097
0.0169459967133
0.00995932067462
-0.0100449153662
-0.0395299570649
-0.0709562248355
-0.0945663121107
-0.100959056339
-0.0838243428549
-0.0421328613883
0.0188312038389
0.0879571583322
0.150325146068
0.190389635885
0.195655107442
0.160002171884
0.0858433465763
-0.0154973322225
-0.125417179675
-0.221469360761
-0.281961571965
-0.290773714166
-0.241336485096
-0.138830546515
1.66140704488e-16
0.149538820956
0.28007181515
0.363746147478
0.380508641022
0.322757390213
0.197649617792
0.0264548787586
-0.159060062647
-0.322601735651
-0.430539589846
-0.458873989405
-0.39852902669
-0.257808836533
-0.0614023209982
0.153985041469
0.346593261578
0.477824279472
0.520073978428
0.462572551418
0.313990668563
0.101199245148
-0.135657815043
-0.350862388995
-0.502092929524
-0.55888
-0.508832431933
-0.360345156265
-0.141194868719
0.106744409266
0.33564519743
0.501120264036
0.570990311981
0.531663634905
0.390839209865
0.175982904536
-0.0711206739619
-0.30264515593
-0.474162272631
-0.553348046047
-0.526215054256
-0.399640956105
-0.19972203355
0.0336698456928
0.254983094709
0.422067356432
0.504395175308
0.488783885674
0.381515149771
0.206505990843
1.85872113587e-15
-0.197049807957
-0.347289088308
-0.42424361575
-0.417116705634
-0.332204041142
-0.190760584212
-0.0239026649534
0.134267798491
0.253796548505
0.314749520668
0.310635721707
0.248768162077
0.147642372915
0.0320639416716
-0.072774942398
-0.146884857663
-0.179482766824
-0.170572880723
-0.129863279416
-0.0734127774063
-0.0189308020363
0.0190484094456
0.0328951700904
0.0235902455766
2.69624275935e-16
-0.0240668161943
-0.0342378300941
-0.0202266615763
0.0205083688726
0.0811404381859
0.146441570405
0.196250518681
0.210697161054
0.175939005333
0.0889471518198
-0.0399898598376
-0.187908474619
-0.323112670284
-0.411772933425
-0.425837586786
-0.350480947936
-0.189269065343
0.0343965178597
0.280253203966
0.498306061713
0.638874954199
0.663560527198
0.554760491713
0.321502318246
6.58339876336e-15
-0.351618308733
-0.663731835903
-0.868949130087
-0.916436304434
-0.783839376232
-0.484098339229
-0.0653591122271
0.396463141226
0.811392244213
1.09290818961
1.17586459785
1.03111478334
0.673629540619
0.162061863618
-0.410626777252
-0.934039467644
-1.30165924408
-1.4324844669
-1.28859496466
-0.884882793224
-0.288605254682
0.391615956634
1.02559775245
1.48658886977
1.67664
1.54726596649
1.11106423182
0.441609483013
-0.338797472887
-1.08152341394
-1.64002995503
-1.89887475845
-1.7975294323
-1.34410557539
-0.615940165877
0.253481376428
1.0990797768
1.75568192839
2.09042595173
2.02968663785
1.57505553288
0.804940317034
-0.138888113483
-1.07750920667
-1.82895854454
-2.24368888327
-2.23444062022
-1.794534223
-1.00075980178
-3.02067869008e-14
1.01809067445
1.85724164617
2.35262368734
2.40338673246
1.99322424685
1.19476365901
0.156695248028
-0.924078377851
-1.84002497666
-2.41307965846
-2.52946230533
-2.16236940882
-1.37799548054
-0.323554320504
0.800524366378
1.7789388317
2.42301735213
2.60732831962
2.29425126968
1.54166832553
0.492200852943
-0.653995390967
-1.67765367461
-2.38261480324
-2.63365995336
-2.38261480324
-1.67765367461
-0.653995390967
0.492200852943
1.54166832553
2.29425126968
2.60732831962
2.42301735213
1.7789388317
0.800524366378
-0.323554320504
-1.37799548054
-2.16236940882
-2.52946230533
-2.41307965846
-1.84002497666
-0.924078377851
0.156695248028
1.19476365901
1.99322424685
2.40338673246
2.35262368734
1.85724164617
1.01809067445
6.96763581649e-15
-1.00075980178
-1.794534223
-2.23444062022
-2.24368888327
-1.82895854454
-1.07750920667
-0.138888113483
0.804940317034
1.57505553288
2.02968663785
2.09042595173
1.75568192839
1.0990797768
0.253481376428
-0.615940165877
-1.34410557539
-1.7975294323
-1.89887475845
-1.64002995503
-1.08152341394
-0.338797472887
0.441609483013
1.11106423182
1.54726596649
1.67664
1.48658886977
1.02559775245
0.391615956635
-0.288605254682
-0.884882793224
-1.28859496466
-1.4324844669
-1.30165924408
-0.934039467644
-0.410626777252
0.162061863618
0.673629540619
1.03111478334
1.17586459785
1.09290818961
0.811392244213
0.396463141226
-0.0653591122271
-0.484098339229
-0.783839376232
-0.916436304434
-0.868949130087
-0.663731835903
-0.351618308733
-5.80807547575e-15
0.321502318246
0.554760491713
0.663560527198
0.638874954199
0.498306061713
0.280253203966
0.0343965178597
-0.189269065343
-0.350480947936
-0.425837586786
-0.411772933425
-0.323112670284
-0.187908474619
-0.0399898598376
0.0889471518198
0.175939005333
0.210697161054
0.196250518681
0.146441570405
0.0811404381859
0.0205083688726
-0.0202266615763
-0.0342378300941
-0.0240668161943
2.69624275935e-16
0.0235902455766
0.0328951700904
0.0190484094456
-0.0189308020363
-0.0734127774063
-0.129863279416
-0.170572880723
-0.179482766824
-0.146884857663
-0.072774942398
0.0320639416716
0.147642372915
0.248768162077
0.310635721707
0.314749520668
0.253796548505
0.134267798491
-0.0239026649534
-0.190760584212
-0.332204041142
-0.417116705634
-0.42424361575
-0.347289088308
-0.197049807957
1.16298493142e-15
0.206505990843
0.381515149771
0.488783885674
0.504395175308
0.422067356432
0.254983094709
0.0336698456928
-0.19972203355
-0.399640956105
-0.526215054256
-0.553348046047
-0.474162272631
-0.30264515593
-0.0711206739619
0.175982904536
0.390839209865
0.531663634905
0.570990311981
0.501120264036
0.33564519743
0.106744409266
-0.141194868719
-0.360345156265
-0.508832431933
-0.55888
-0.502092929524
-0.350862388995
-0.135657815043
0.101199245148
0.313990668563
0.462572551418
0.520073978428
0.477824279472
0.346593261578
0.153985041469
-0.0614023209982
-0.257808836533
-0.39852902669
-0.458873989405
-0.430539589846
-0.322601735651
-0.159060062647
0.0264548787586
0.197649617792
0.322757390213
0.380508641022
0.363746147478
0.28007181515
0.149538820956
-4.15058224877e-15
-0.138830546515
-0.241336485096
-0.290773714166
-0.281961571965
-0.221469360761
-0.125417179675
-0.0154973322225
0.0858433465763
0.160002171884
0.195655107442
0.190389635885
0.150325146068
0.0879571583322
0.0188312038389
-0.0421328613883
-0.0838243428549
-0.100959056339
-0.0945663121107
-0.0709562248355
-0.0395299570649
-0.0100449153662
0.00995932067462
0.0169459967133
0.0119729387097
-2.69624275935e-16
-0.0118538049912
-0.0166104324219
-0.00966495651675
0.00965099711653
0.0376016664764
0.066822852515
0.0881705228858
0.0931929750818
0.0766050214607
0.0381202079228
-0.0168677607846
-0.0779997441814
-0.131975597721
-0.165478842404
-0.168354394776
-0.13629814642
-0.0723932369745
0.0129381397454
0.103655294617
0.181202204259
0.228376114849
0.233142887935
0.19155407113
0.109081143691
1.67758406271e-15
-0.115131658612
-0.213446801854
-0.274404988448
-0.284135273427
-0.238559810157
-0.144600802627
-0.01915698117
0.114004422584
0.228854222727
0.302293754573
0.31887853501
0.274093803166
0.175483325708
0.0413630697937
-0.102656694313
-0.228665263863
-0.311967918002
-0.336014874952
-0.295743106644
-0.198647157662
-0.0633523729789
0.0840309542576
0.215044690029
0.304482057663
