120
108.830292956841
77.4005444178653
31.5617724434135
-20.1525953969677
-68.1153201249583
-103.39757533717
-119.431153457896
-113.231214979435
-85.9519515099544
-42.6717194045741
8.55235611375554
58.1843097600949
96.9845684976234
117.730006938058
116.558617250374
93.6884674286514
53.3771053652526
3.12896613949251
-47.7016670050357
-89.6520727176216
-114.912688629078
-118.780953415058
-100.536744001818
-63.5764349623554
-14.7806233665936
36.7667754445033
81.4696057449885
111.005908893921
119.877154002776
106.431854255321
73.1730106396644
26.2921488188245
-25.4833063327054
-72.5147437137787
-106.046707034975
-119.836826181632
-111.31790797111
-82.0758494156781
-37.5544043053874
13.9582357094285
62.8723856623498
100.082100132722
118.660352290652
115.148581569838
90.2005454728522
48.4606149081188
-2.30083018419849
-52.6339486246232
-93.1686372873528
-116.358886214915
-117.88755729433
-97.4700703902245
-58.9073812905378
-9.37838899593566
41.89650092569
85.3718634894259
112.954247638071
119.508867530089
103.815503432595
68.7956600037652
20.9686937735553
-30.7618418987928
-76.7656982025167
-108.478715174813
-119.997140998428
-109.176684972558
-78.0317024952441
-32.36019906875
19.3355367486814
67.4317345493624
102.97472034457
119.347748488111
113.502786850438
86.527943917741
43.44490457491
-7.72591571158228
-57.4584657457668
-96.4944452877916
-117.566846743871
-116.752794264667
-94.2038333120218
-54.1177186854125
-3.95695299946757
46.9404461162707
89.0993280387763
114.671320095692
118.895894623922
100.986597292428
64.277454843569
15.602306726668
-35.9773946458061
-80.8594800454502
-110.688620382265
-119.911769674391
-106.811929995023
-73.8277908696754
-27.0997384833633
24.6732495663719
71.8530214584551
105.656506686259
119.790788132579
111.624602747066
82.6781821699919
38.3402436979221
-13.135182941966
-62.1653404915199
-99.6226873489323
-118.534096997349
-115.37898767767
-90.7447201697277
-49.2172536616312
1.47258459428611
51.8882838749627
92.6443676580461
116.153610675479
118.039490305408
97.9509278314176
59.627645882719
10.203974997634
-41.119286077439
-84.787707497365
-112.671898023848
-119.580887001613
-104.228484716561
-69.4727217675703
-21.7837929913355
29.9604455515998
76.1271940996372
108.121968379164
119.988564129942
109.517874716375
78.6591423599538
33.1570837297532
-18.5175567615619
-66.7449358498484
-102.546958603848
-119.258656594982
-113.768950310673
-87.0998132667325
-44.2160195944054
6.89910716932343
56.7298838340406
95.9997241151136
117.398084486355
116.941408005254
94.7147103802664
54.8557532948589
4.78475131052873
-46.1769885140177
-88.5423377746161
-114.4244874709
-119.005170440292
-101.431638569031
-64.9754119023757
-16.4232466364189
35.1862995233102
80.2455013895692
110.366057554947
119.940671547039
107.186916143462
74.4790532035169
27.9060368446532
-23.8620171190499
-71.187875404776
-105.261271802232
-119.739042049333
-111.925978607777
-83.2765753067582
-39.1242561768407
12.3115042826913
61.4553331405857
99.1585275414791
118.402193551217
115.603895973715
91.2845708783088
49.9715472117169
-0.644268835679216
-51.1401466472157
-92.1156835221927
-115.94280041345
-118.185798731679
-98.4271179083321
-60.3450692160102
-11.0290747796572
40.3401118941282
84.1995113688194
112.38417959073
119.647208440738
104.636499510499
70.1464731543624
22.5978542108084
-29.1576215883912
-75.485062533964
-107.760069568889
-119.974269803232
-109.853845930592
-79.2828341144691
-33.9523884548465
17.6986944123787
66.0549567523929
102.11431049786
119.163882023742
114.029692677445
87.66753230734
44.9850277194077
-6.07196988442718
-55.9985987418631
-95.5004285530657
-117.223728207037
-117.124449484685
-95.2210742900793
-55.5911740262233
-5.61232162806456
45.411330577052
87.9811284657401
114.172202516281
119.108775657172
101.871846625397
65.6702728811018
17.2434039780363
-34.3935277727209
-79.6276990334442
-110.038235782094
-119.963858243545
-107.556794832538
-75.1267666085215
-28.7110054825562
23.0496476459869
70.5193372469684
104.861021215844
119.681590397596
112.222021192674
83.8710003125307
39.9064043839265
-11.4872389799157
-60.7423974414178
-98.6896428275906
-118.264648237461
-115.823295741087
-91.8200718746955
-50.7234596162684
-0.184077622354577
50.389572590141
91.5826100716056
115.726465473942
118.326475601543
98.8986179304994
61.0596171051741
11.8536490259773
-39.5590155034293
-83.6073031313513
-112.091106048511
-119.707828687245
-105.039528372494
-70.8168820598705
-23.410838641936
28.3534082637498
74.839334103083
107.393035988474
119.954258699421
110.184582606172
79.9027480398612
34.7460753477411
-16.8789887199421
-65.361830134515
-101.676796642302
-119.063429290401
-114.285001526372
-88.2310739877351
-45.7518923066603
5.24454327000681
55.2646453149882
94.9965823930947
117.043786213999
117.301909981028
95.7229009132071
56.3239458366887
6.43962451832773
-44.6435087889942
-87.4157268537859
-113.91447725322
-119.20670533777
-102.307200485603
-66.3620046696043
-18.0627396710023
33.5991171696319
79.0061024153736
109.705170684423
119.981328659061
107.921548437521
75.7709002211285
29.5146060402957
-22.2361798566096
-69.847438840893
-104.455773999048
-119.61843591494
-112.51271639532
-84.461428862938
-40.686651049796
10.6624263099035
60.0265673654214
98.2160555496363
118.121467610117
116.037176525383
92.3511976422523
51.4729550466416
1.01241530908655
-49.6365974686103
-91.0451727072476
-115.504616165323
-118.461514211745
-99.3654054309316
-61.7712555019815
-12.6776584456107
38.776034124605
83.011111003698
111.792691362151
119.762744852578
105.437552098209
71.4839165390927
24.2227075459889
-27.5478438984617
-74.1900395759708
-107.020885127081
-119.928531772041
-110.510068983503
-80.5188545972154
-35.5381065892349
16.0584787432507
64.6655890237212
101.234437884721
118.957303181534
114.534864691981
88.7904114551415
46.516576815044
-4.41686675296391
-54.5280585263142
-94.4882096434823
-116.858267081479
-117.473781038288
-96.220166337599
-57.0540338096604
-7.26662056031557
43.8735597365713
86.8461598801577
113.651323962333
119.298954815735
102.737679405024
67.0505743068452
18.8812146739497
-32.8031055677293
-78.3807411544525
-109.366878132494
-119.993081961123
-108.281159577894
-76.4114233483545
-30.3168002262838
21.4216525126794
69.1722122025265
104.045549461883
119.549581610678
112.798050364082
85.0478328240479
41.4649589956784
-9.83710557499642
-59.3078770219157
-97.7377882740602
-117.972658491745
-116.245528135176
-92.8779228728203
-52.2199977893564
-1.8407047542008
48.881257161911
90.5033970380254
115.277263058716
118.59090812769
99.8274581671903
62.4799504968454
13.5010637744869
-37.9912050667386
-82.4109633944302
-111.488949751117
-119.811954319981
-105.830551721803
-72.1475448078185
-25.0334222373924
26.7409668776899
73.5372098915287
106.643634717707
119.897090246978
110.830289553151
81.131124429038
36.3284444390183
-15.2372035796264
-63.9662665959145
-100.78725530352
-118.845508754053
-114.779270268287
-89.3455180571165
-47.2790448073251
3.58897977209937
53.7888734742241
93.9753345282054
116.667179649472
117.640054466802
96.7128468685424
57.7814031564245
8.09327034764158
-43.1015201078787
-86.2724546847354
-113.382755182881
-119.385519695377
-103.163262871329
-67.7359489824634
-19.6987899865231
32.0055308969868
77.7516450491615
109.023374245956
119.999117589685
108.635611118175
77.0483054692555
31.1175498159468
-20.6061044264457
-68.4936895064359
-103.63036715156
-119.475030765719
-113.078009502788
-85.6301842536951
-42.241291135178
9.01131610175095
58.5863606565157
97.2548637903097
117.818227973106
116.448340642507
93.4002224679295
52.9645522478082
2.66890648968528
-48.1235876620271
-89.9573088795626
-115.044416987504
-118.714651183755
-100.284754122451
-63.1856683204309
-14.3238257773205
37.2045657269552
81.806888900597
111.179895688707
119.855454744621
106.218508516835
72.8077352441437
25.8429440855703
-25.9328156491456
-72.8808761571082
-106.261302736344
-119.859935622423
-111.145229056597
-81.7395283606556
-37.1170512374723
14.4152023628522
63.2638961738282
100.335270206963
118.728051334966
115.018206609357
89.8963673428148
48.0392599518854
-2.76092177625804
-53.0471253809035
-93.4579814857756
-116.470533023297
-117.800722343638
-97.2009190297982
-58.5060192178141
-8.91953449042344
42.3274266906236
85.6946386045865
113.108783712173
119.466395851877
103.583930605456
68.4180960383375
20.5154266512374
-31.2064311618583
-77.1188440759465
-108.674675392779
-119.999435257149
-108.984886168739
-77.6815162363819
-31.9168166535455
19.789574458796
67.8119030842454
103.210246851527
119.394786932414
113.352580471378
86.2084554028187
43.0156104760482
-8.18509723905709
-57.8620526494921
-96.7673051097531
-117.658183412816
-116.645604383355
-93.9180715399907
-53.7065829439574
-3.49698105170559
47.36362507193
89.4069342529745
114.806089046808
118.832737483581
100.73727150655
63.8883753452652
15.1459052494805
-36.4161535886399
-81.198916306364
-110.865543901354
-119.893244053701
-106.601403997152
-73.4644563899765
-26.6512345167853
25.1234287212561
72.2210696470291
105.873907401121
119.817069668795
111.454872486967
82.3440374016048
37.9038894074622
-13.5925142613077
-62.5585112254315
-99.8785041321516
-118.604936521121
-115.251662329868
-90.4429330642557
-48.7971860244469
1.93273222242173
52.3028495906683
92.9361751680789
116.268336573171
117.955777012968
97.6843595647151
59.2278474658548
9.7453736171531
-41.5513163703774
-85.1127391726626
-112.829422604958
-119.541579431484
-103.999662562574
-69.0969829701426
-21.3310857553341
30.4058444394673
76.4823683877903
108.320798188471
119.994034948379
109.328968086621
78.311025477224
32.7145626539944
-18.9721015174048
-67.126885423096
-102.785208580526
-119.308853934383
-113.621750186538
-86.7826187167832
-43.7878801219519
7.3584883562619
57.1349875141466
96.2751354645721
117.492532437003
116.837309958098
94.4314454134818
54.4460545200219
4.32488898248715
-46.601405603857
-88.8522993836263
-114.56229059296
-118.945161400351
-101.184988757022
-64.5880380873401
-15.9672630188584
35.6260062196519
80.5870745816411
110.545909367929
119.92532044656
106.979219917775
74.1176769525373
27.4582550159772
-24.3128446613297
-71.5578218010887
-105.481467171436
-119.768494428658
-111.759205089742
-82.9446227470141
-38.6889214561286
12.7691784761024
61.8501453623356
99.4169788440009
118.476170178943
115.479626305648
90.9851891775616
49.5527869098125
-1.10445057384779
-51.5560815682826
-92.4099404392023
-116.060599933761
-118.105211086431
-98.163145437337
-59.9468535054088
-10.5707483765711
40.7732261288206
84.5267841164891
112.544685172799
119.611066851698
104.410438933048
69.7725774289012
22.145728432639
-29.6038088777886
-75.8422483127736
-107.961759495289
-119.982916920699
-109.667840476311
-78.9368031956526
-33.5107498046788
18.1537245548757
66.4386691640943
102.355272591642
119.217235866334
113.885505822325
87.3526468366942
44.5580632742236
-6.53152884130711
-56.4051998951487
-95.7783783066635
-117.321282938941
-117.023448231959
-94.9403196261245
-55.1829317401618
-5.15259083219536
45.8369655775859
88.2934306998841
114.313033242963
119.051917577063
101.627884540129
65.2846232077076
16.787859947735
-34.8341612705339
-79.9713928807027
-110.221007319025
-119.951682394758
-107.351938275766
-74.767365805849
-28.263967128598
23.5011020937181
70.8911642230643
105.084000747076
119.714212216622
112.058212363465
83.5412557789758
39.4721099766737
-11.9452342392081
-61.1388323381923
-98.9507163342031
-118.341758444151
-115.702087674209
-91.5231098442211
-50.3060266035865
0.276116298171646
50.8068568972561
91.87930237424
115.847333003723
118.249017443492
98.6372538335084
60.6630030758252
11.3956194395554
-39.9931930419671
-83.9368013568351
-112.254584983442
-119.674854801443
-104.816240143369
-70.4448472225141
-22.9593158654004
28.8003626938444
75.1985143526399
107.59757642144
119.966081703883
110.001487190527
79.5588195733377
34.3053401672536
-17.3344825668993
-65.7472871007688
-101.920459371338
-119.119937093873
-114.143834810775
-87.9185126006919
-45.3261232336094
5.70425809883187
55.6727245668978
95.2770573065186
117.144443078672
117.204010335446
95.444669930049
55.9171794921583
5.9800471608154
-45.0703414187038
-87.7303548318553
-114.058328873937
-119.153000926784
-102.065937751873
-65.9780975140685
-17.6076569346452
34.0406564727186
79.3519005407979
109.890853236234
119.972328642146
107.719541311085
75.4134919922208
29.0683324624446
-22.6882396979758
-70.2211286792069
-104.681527067327
-119.654225619238
-112.351880060434
-84.1339080679106
-40.2534176501441
11.1207208115894
60.424606047086
98.4797388201789
118.201707721469
115.919035835261
92.0566694322983
51.0568692138745
0.552231134453338
-50.0552112781671
-91.3442862581119
-115.628545945231
-118.387189231773
-99.1066621619499
-61.3762620525555
-12.2199475009748
39.2112542784171
83.3428190063969
111.959135860167
119.73294024122
105.2170468571
71.1137603173109
23.7718092861592
-27.9955441718632
-74.5511971813269
-107.228266320254
-119.943530100131
-110.329892330995
-80.1770449711854
-35.0982958794704
16.5144145903743
65.05277217749
101.480789638474
119.016962253288
114.396724842504
88.4801890452603
46.0920234020354
-4.87671554830874
-54.9375964318624
-94.7711963520964
-116.962021282621
-117.378987664769
-95.9444722929503
-56.6487627890866
-6.80721854003151
44.3015696568721
87.1630986101199
113.798189622551
119.248406632887
102.49912751901
66.6684279623539
18.4266149162411
-33.2455296367303
-78.7286270807529
-109.555462851407
-119.98725820493
-108.082011507438
-76.056024723723
-29.8713126894875
21.8742962070174
69.5477470967279
104.274065310069
119.588537494867
112.640194187373
84.7225513739211
41.0328072472086
-10.2956774813325
-59.7075005219181
-98.0040687440193
-118.056024684316
-116.130460451217
-92.5858425176646
-51.8052789630066
-1.3805522532503
49.301180526949
90.8049175843499
115.404249183495
118.519719867385
99.5713480553422
62.0865964487906
13.0436932815755
-38.4274470975732
-82.744865368449
-111.658351881136
-119.785320403258
-105.612839975791
-71.7792848395651
-24.5831699795826
27.1893916614685
73.9003276435145
106.853846789369
119.915263184026
110.653040249203
80.7914499307391
35.8895791569689
-15.6935597015613
-64.3551574879122
-101.036284343324
-118.908316251333
-114.644163867298
-89.0376494065021
-46.8557272843384
4.04894062216194
54.1998505189174
94.2608195476845
116.77402624319
117.548371882253
96.4397028992326
57.3776467709836
7.63406555510581
-43.5306869240853
-86.5916890644516
-113.532627884448
-119.33813014929
-102.927433200034
-67.3555816582999
-19.2446948691533
32.4488186503836
78.1016021995644
109.214852145904
119.996470371717
108.43933159311
76.6949333836541
30.672869547698
-21.0593104052715
-68.8710515622773
-103.861634890868
-119.51715097355
-112.923141006107
-85.3071576481386
-41.8102416299326
9.47014356177384
58.9875499327858
97.5237287714159
117.904716274493
116.33635144769
93.1106038852088
52.5512201892385
2.20880758869621
-48.5448005731868
-90.2612220538855
-115.174453406261
-118.646603035239
-100.031289371391
-62.7939724170779
-13.8668175298495
37.6418088478616
82.1429689354931
111.352247378712
119.831992791639
106.00360063989
72.4413890770157
25.3933592843122
-26.3819435758487
-73.2459367531533
-106.474335669884
-119.881282302489
-110.970915547143
-81.4020051755866
-36.67915229508
14.8719570142173
63.6544762733937
100.586964666578
118.794004264993
114.886140094678
89.5908671214165
47.6171984900085
-3.22097276388839
-53.4595219816748
-93.7459512127511
-116.580466918349
-117.712154916738
-96.9303381511446
-58.1037967065083
-8.46054880675636
42.7577299529259
86.0161534225302
113.26165631365
119.422167200664
103.350834386169
68.0395258590147
20.0618578118507
-31.650561476978
-77.4708557749845
-108.869037349835
-119.999964703546
-108.79148454179
-77.3301875279996
-31.4729648428708
20.2433211268329
68.1910743204149
103.444255462042
119.440069456858
113.200707034213
85.8876990340587
42.5856837535472
-8.6441583896263
-58.2647885853534
-97.0387417905809
-117.74778970185
-116.536699013967
-93.6309285300379
-53.2946573484513
-3.03695767440264
47.7861074584052
89.713225573825
114.939169563304
118.767832689349
100.486464193879
63.4983562509341
14.6892810239049
-36.8543769649786
-81.5371583879197
-111.040836938783
-119.872955182423
-106.389310229641
-73.1000414803785
-26.2023385948065
25.5732383899261
72.5880556919865
106.089751045514
119.841589074708
111.28350307805
82.0086816127543
37.4669776706231
-14.0496456777319
-62.9507619214128
-100.13285201833
-118.674031741236
-115.122641994473
-90.1398158291648
-48.3764007349227
2.39285142617824
52.716646096809
93.2266158807858
116.381352531205
117.870328963955
97.4163546699036
58.8271779945974
9.28662891303456
-41.9827355748137
-85.4365191086442
-112.985287821962
-119.500513782641
-103.769310902337
-68.7202279745395
-20.8780648064977
30.8507961534885
76.8364178620968
108.518034941283
119.997741033912
109.138453573381
77.9617568868831
32.2715604504441
-19.4263672536122
-67.5078477720743
-103.021946911733
-119.357296617726
-113.472879045663
-86.4641478688691
-43.3590966682151
7.81776132310499
57.539250919218
96.5491309111567
117.585252443942
116.731493603483
94.146791658669
54.0355550158449
3.8649630489963
-47.025137334351
-89.1609542562149
-114.698408865906
-118.88340305312
-100.936850833715
-64.1997143864567
-15.5110445733413
36.0651889700673
80.9274625926125
110.724135400063
119.908205623752
106.769950365971
73.7552106648491
27.0100693631801
-24.7633146385242
-71.9267158080638
-105.700111241727
-119.796185392067
-111.590787947118
-82.6114503340941
-38.2530177436984
13.2266648752617
62.2440479639766
99.6739680370593
118.548404396757
115.35365829736
90.6844693723268
49.1332978430742
-1.56461606903493
-51.9712582623751
-92.7028382981308
-116.176692569563
-118.022886486909
-97.8977292968098
-59.5477561661135
-10.1122665112017
41.2057407182513
84.8528137423839
112.703535578348
119.573166162005
104.182842808121
69.3976555694005
21.6932769608095
-30.0495607887539
-76.1983186918845
-108.161861645522
-119.989799468774
-109.480222154799
-78.5896113660078
-33.0686183173163
18.6084877134828
66.8214044730182
102.594729362953
119.268836400283
113.739644071452
87.0364766847678
44.1304435207904
-6.99099174005176
-56.8109715062686
-96.0549194631145
-117.417112245674
-116.920725934269
-94.6581686902104
-54.773877887626
-4.69278425799939
46.2619264612705
88.6044344167981
114.452182786319
118.993308619619
101.382427829964
64.8980134039006
16.3320690210906
-35.2742824679566
-80.3139106015921
-110.402157853391
-119.93774243594
-107.145502911369
-74.4068654115988
-27.8165131010408
23.9522109145307
71.261948614248
105.305434824869
119.745073418053
111.892755512217
83.2102826176607
39.0372350594758
-12.4030538218636
-61.5343680760239
-99.2103345885995
-118.417128217702
-115.579177995406
-91.2248017981468
-49.887853748296
0.736306157894925
51.2233939961232
92.1746434228017
115.966496785475
118.169820216229
98.3744390943497
60.2654968854879
10.9374222596046
-40.4267824070638
-84.2650651373251
-112.41641300831
-119.640120876868
-104.591410398715
-70.071776364155
-22.5074554299057
29.2468935616603
75.5565886697897
107.800534434219
119.976140386546
109.816774000763
79.2137210480916
33.8641004636591
-17.7897214784262
-66.131777132288
-102.162623172631
-119.174693019659
-114.000989400221
-87.6046582102717
-44.8996875565756
6.16388903605892
56.0799850490382
95.5561309956429
117.24337711893
117.104386989401
95.1650352575333
55.5095907826904
5.52038185570962
-45.4965112061819
-88.0436925737595
-114.200503057223
-119.097544151846
-101.823173950874
-65.5932200293053
-17.152315245323
34.4816951453619
79.6965316506269
110.074919641003
119.961564211559
107.515949970745
75.0549746692619
28.6216313813233
-23.1399658670596
-70.5937857867134
-104.905740601282
-119.688255588153
-112.189391384584
-83.80514992908
-39.8195922499796
11.5788517626259
60.8217560738199
98.7419737650968
118.280209459384
115.799190342591
91.7607873597706
50.6400324959794
0.0920388382527957
-50.4730889338051
-91.642056423298
-115.750775194777
-118.311123150519
-98.8464613472888
-60.9803659523564
-11.7620568395502
39.6458977586353
83.6733012997044
112.123933793246
119.701374736837
104.994994205863
70.7425582369295
23.3205614181608
-28.442832719322
-74.9112583742649
-107.434070524626
-119.956764438085
-110.148093074568
-79.8340561942916
-34.6579689847274
16.970107562675
65.4389986106445
101.725648930638
119.074870961791
114.256902578858
88.1686653715162
45.6667921210721
-5.33649262259199
-55.3463263790506
-95.0527892760252
-117.064055342195
-117.282468017424
-95.6673672084323
-56.2426586442994
-6.34771640707977
44.7289280411421
87.4787554464625
113.943381671165
119.196104682971
102.25906819487
66.2853011360509
17.9717441612778
-33.6874647690965
-79.0753551578452
-109.742436355813
-119.979669815499
-107.881273892284
-75.6995075554098
-29.4253858401138
22.3266181996152
69.9222591634416
104.50104761641
119.625734609738
112.480681429508
84.3960239229043
40.6000520358628
-10.7540979708051
-60.106245913351
-98.2689078839606
-118.137654645987
-116.013684855321
-92.2924005174677
-51.3897982447811
-0.920379448740641
49.7203788274828
91.1051026774087
115.529538076609
118.44678855669
99.3137735637506
61.6923293031951
12.586130957186
-38.8631239821331
-83.0775504270792
-111.826111869797
-119.756924823162
-105.393574998789
-71.4099692249558
-24.1325561810599
27.6374165752527
74.2623585553102
107.062487378754
119.931672546655
110.474163588853
80.4505872456271
35.4501860526718
-16.149685020847
-64.7431019189966
-101.283827458804
-118.9693749832
-114.507371413095
-88.7284712935499
-46.4317206617337
4.50884192510493
54.6100304551546
94.5449182885035
116.879155460153
117.454960532774
96.165140606781
56.9730465417561
7.17474848960358
-43.9592135415026
-86.9096499541715
-113.680830879981
-119.288985516586
-102.690089791594
-66.9742237464719
-18.7903167231658
32.891629184239
78.4504107223079
109.404723840649
119.992058385028
108.241457268302
76.3404333580497
30.2277381785112
-21.5122066682151
-69.2474007426773
-104.091375153874
-119.557513461933
-112.76661176702
-84.9828764439868
-41.3785772282155
9.92883174592058
59.3878716886775
97.7911594867807
117.989470570248
116.222651312931
92.8196159398704
52.1371152683622
1.74867620313728
-48.9652995437941
-90.5638077709806
-115.302795972921
-118.576809970284
-99.7763534763072
-62.4013530129142
-13.4096053453382
38.0784983767678
82.477840907009
111.522961429191
119.806768488881
105.787133785098
72.0739775260662
24.9434010270113
-26.8306835075726
-73.6099201330349
-106.685802702559
-119.900865907886
-110.794970006344
-81.0632848243619
-36.2407139183089
15.328492946118
64.0441202168572
100.837179809944
118.858210110775
114.752383968079
89.2840493015922
47.1944367296764
-3.68097638119562
-53.8711323618886
-94.0325422331562
-116.688686283294
-117.621856316174
-96.6583317336517
-57.7007196720402
-8.00143869516023
43.1874043841986
86.3364032147921
113.412863194231
119.376182226914
103.116218202841
67.6599550333649
19.6079939259561
-32.0942263124021
-77.8217281226542
-109.061798187533
-119.998729329831
-108.596482936038
-76.977721537029
-31.0286501643791
20.696770079617
68.5692426814642
103.676742734591
119.48359539548
113.047168772521
85.5656795287701
42.1551307302661
-9.10309241195677
-58.6666676303736
-97.3087513382966
-117.835664293147
-116.426079758157
-93.3424085051326
-52.8819479570222
-2.57688963305337
48.2078870623114
90.0181974967479
115.070559687987
118.701181195773
100.234179043006
63.1074032965387
14.232440765458
-37.292058329944
-81.8742013156483
-111.214496916546
-119.850903358942
-106.175651811717
-72.7345515002698
-25.7530573192634
26.022671957107
72.9539741961257
106.304034445063
119.864345989714
111.110497040616
81.6721197354607
37.0295149129911
-14.5065704682849
-63.3420868106996
-100.385727266817
-118.741381641521
-114.991928568964
-89.8353729223547
-47.9549039814847
2.85293543865166
53.1296673077416
93.515685524699
116.492656887472
117.783147415041
97.1469170884903
58.4256433615318
8.827747631967
-42.4135373459313
-85.7590425435276
-113.139491382574
-119.457690659032
-103.537433123595
-68.3424623216388
-20.4247368073355
31.2952941498272
77.1893373156057
108.71367573687
119.999682332037
108.946333978522
77.6113417255703
31.8280836342667
-19.8803472893688
-67.8878172940292
-103.257170115793
-119.403983932574
-113.322339077473
-86.1444054066912
-42.9296755392455
8.27691931538738
57.9426681038079
96.8217064252533
117.676243143552
116.623960497635
93.8607533021921
53.6242608194885
3.40498027412456
-47.4481774737345
-89.4682978530366
-114.832840287864
-118.81989630687
-100.687228448439
-63.8104465107308
-15.0545980093887
36.5038413155766
81.2666604164595
110.900733030214
119.889327330318
106.559110565738
73.3916596711775
26.5614864776461
-25.2134204256541
-72.2945520004451
-105.917200797547
-119.822114532315
-111.420729656787
-82.2770629679038
-37.8165514503043
13.6839567520025
62.6370351524572
99.9294913411623
118.618895142323
115.225993801436
90.3824158852342
48.7130861808492
-2.02475855367291
-52.3856706235674
-92.9943727913844
-116.291076613501
-117.938826143845
-97.630873390176
-59.1477830675743
-9.65363592635416
41.6376493015108
85.1775954516481
112.860728471192
119.533506929058
103.953714482941
69.021713089781
21.2405064494573
-30.4948707656791
-76.5532684346219
-108.360373076714
-119.994917346236
-109.290993725332
-78.2412637316342
-32.6260004951219
19.0629772000648
67.2031570503325
102.83267729014
119.318682866706
113.592109569993
86.7190265014277
43.7021747480477
-7.45035182340933
-57.2159076076006
-96.3300479553697
-117.51121471789
-116.816284102335
-94.3746256318886
-54.3640184845093
-4.23290866778282
46.6862069782701
88.914135042588
114.589649099893
118.932949646795
101.135480104806
64.510449155486
15.8760379013433
-35.7138848922008
-80.6552471587621
-110.581684721041
-119.922038572104
-106.937491775354
-74.0452707275894
-27.3686499805154
24.4029674740438
71.6316849674563
105.52532019263
119.774173548017
111.725653072275
82.8780856961505
38.6017860279629
-12.8606909948086
-61.9289988378368
-99.4684937726192
-118.490756449661
-115.454568512287
-90.9251521236374
-49.4689472003931
1.19648518888239
51.639177760803
92.4686288737609
116.083955066678
118.088885084494
98.1101775781942
59.8671043802156
10.4790642247501
-40.8597772219971
-84.5920896451037
-112.576587743137
-119.603627424348
-104.365042445075
-69.697674971497
-22.0552639809036
29.6929943001268
75.9135517883806
108.001907041937
119.984434599478
109.630445753432
78.8674575394414
33.4223627262117
-18.2446987593841
-66.5152945744299
-102.403284484713
-119.227696262471
-113.856467395521
-87.2895154322885
-44.4725915470907
6.62342932195804
56.4864207718845
95.8337993561686
117.340586879765
117.00304140804
94.8840010082092
55.101185702637
5.06063536324578
-45.9220118838072
-88.3557354712838
-114.340997712143
-119.04033582855
-101.578912652888
-65.207377875637
-16.6967212996624
34.9222267012871
80.0399906764342
110.257367191699
119.94903552561
107.310777410679
74.6953535249001
28.1745093664826
-23.5913517204072
-70.9654046828126
-105.128411303448
-119.720525321213
-112.025252757461
-83.475159281432
-39.3851812294928
12.0368124253654
61.2180116048106
99.0027565277488
118.356971669352
115.67764180992
91.4635557761503
50.2224510232942
-0.368154811554906
-50.8902242898774
-91.938478823557
-115.871302116357
-118.233317086673
-98.584806813672
-60.5835730237524
-11.3039931954475
40.079958173041
84.0025530232807
112.28708273773
119.668048803656
104.771397410195
70.370315757163
22.8689705784299
-28.8897029626311
-75.2702178594178
-107.638294713464
-119.968234591267
-109.964673887914
-79.4898933108198
-34.2171323808287
17.425550958343
65.8242626430092
101.969012160103
119.131028455386
114.115399957388
87.8558450154421
45.2408892259684
-5.79619121393962
-55.7542423567504
-95.332984273925
-117.164367759603
-117.184223515753
-95.3888551593869
-55.8357273478098
-5.88812091928743
45.1556286042746
87.7931257468598
114.086897972851
119.142049735185
102.017504963128
65.901199462535
17.5166090987875
-34.128904465343
-79.420920286443
-109.927795895916
-119.97031690443
-107.678949684654
-75.3418770866686
-28.9790262363535
22.7786118382296
70.2957428947652
104.726493042705
119.661172408238
112.319514436423
84.0682552731961
40.166699726118
-11.2123603014812
-60.5041073319155
-98.5323017989278
-118.217547176238
-115.895203064892
-91.9976011878424
-50.9735617451003
-0.460193108372639
50.1388458984184
91.4039479024192
115.653127895451
118.372115268196
99.0547384805295
61.2971548584589
12.1283835305865
-39.2982293130147
-83.4090136775951
-111.992227249883
-119.726767997303
-105.172760015489
-71.0396033954502
-23.6815874689222
28.0850350300191
74.623297302591
107.269553417422
119.946318093535
110.293662202809
80.1085413867092
35.0102715882042
-16.6055728293285
-65.1300941837373
-101.529881009385
-119.028684051672
-114.368894917462
-88.4179882652878
-46.0070311753016
4.96867691724434
55.0194072504949
94.8276265724744
116.982565754244
117.359821792148
95.8891640291249
56.5676084191235
6.71532590622661
-44.3870936578683
-87.2263326777027
-113.827361989886
-119.238086520027
-102.451236136575
-66.5918808555402
-18.3356622310166
33.3339559862197
78.7980654875291
109.592986537783
119.985881694506
108.04199105385
75.984810606009
29.7821622548516
-21.9647865546144
-69.6227315127378
-104.319584561832
-119.596117637264
-112.608424087574
-84.6573454103837
-40.9463042784357
10.3873739083483
59.7873200367323
98.0571520033518
118.072489613906
116.107241910398
92.5272629114185
51.7222435753412
1.28851910007287
-49.3850783896509
-90.8650615807775
-115.429442799973
-118.505273015323
-99.5199501864949
-62.0078158821184
-12.9521959479188
38.5146278913447
82.8114998902318
111.692035329478
119.779782207318
105.569111136006
71.705505994763
24.4930759311377
-27.2790288447651
-73.9728209437029
-106.895700724354
-119.918686150602
-110.617395021805
-80.723372288492
-35.801742555208
15.7848034443471
64.4328222737822
101.085911957183
118.920667928046
114.616940196692
88.9759183956665
46.7709808883811
-4.14092586297738
-54.2819504680543
-94.3177503321409
-116.795189526564
-117.529827869956
-96.3849037776841
-57.2967940424136
-7.54221090771038
43.6164436652735
86.6553832714984
113.562402130135
119.328441606923
102.880085505943
67.2793891436889
19.1538416684733
-32.5374191432071
-78.1714559587195
-109.252955070964
-119.995729154174
-108.399884219346
-76.6241234471435
-30.583879152551
21.1499146483308
68.9464026057182
103.907705250013
119.525364108149
112.891967944371
85.2424016228538
41.7239577382945
-9.5618925565629
-59.0676838741708
-97.5773297819055
-117.921805894347
-116.313748242788
-93.0525157085008
-52.4684608393326
-2.11678369381786
48.6289576805916
90.3218455365615
115.200257488518
118.632783983088
99.9804197642337
62.7155222317379
13.7753911927884
-37.7291912466336
-82.2100401327189
-111.386521280658
-119.827088907571
-105.960431885617
-72.3679918248471
-25.3033972976566
26.4717228130585
73.3188197779476
106.51675444834
119.885340079131
110.935856919034
81.3343567194801
36.5915075682538
-14.9632819130544
-63.7324801381458
-100.63712615862
-118.806985231475
-114.859523975722
-89.5296088212111
-47.5327019630082
3.3129774934709
53.5419071492392
93.8033798485241
116.60224800504
117.694233648389
96.8760507830444
58.0232494719541
8.36873652263313
-42.8437153480077
-86.0803047340198
-113.292031018951
-119.413110690448
-103.304032636534
-67.9636915671707
-19.9711084248592
31.7393318913329
77.5411215579954
108.907717697979
119.999858814204
108.752612127512
77.2597851467772
31.3841387275942
-20.3340349480735
-68.266788400819
-103.490874733324
-119.448915192304
-113.170132495932
-85.8233960326431
-42.4996230504608
8.73595558036023
58.3452331349367
97.0928579981459
117.76550319765
116.514712222023
93.5733345507627
53.2121779797778
2.94494742275072
-47.8705198004369
-89.7743256540477
-114.965582881778
-118.754642095584
-100.436125272343
-63.420240185068
-14.5979300398932
36.9419568049838
81.6046630646492
111.075699661185
119.868685843898
106.346703617866
73.0270293182135
26.1125129566178
-25.6631554030796
-72.6613249685194
-106.132732646191
-119.846281468065
-111.249032719769
-81.9414655662292
-37.3795289949922
14.141047381
63.0291011481723
100.183544998366
118.687641378946
115.096634695421
90.0790331585402
48.2921581031287
-2.48487126051367
-52.7993125571577
-93.284539631408
-116.403750383346
-117.853031293504
-97.3625816420543
-58.7469400921487
-9.19486336705489
42.0689455265702
85.5011244677554
113.016261539516
119.49208973612
103.723057327269
68.6447555189795
20.7874235574187
-30.9397322594491
-76.9070923207867
-108.557290869385
-119.998270477817
-109.100157970867
-77.8917654156346
-32.1829028476177
19.5171863305046
67.5839212816523
103.069112873734
119.366774532518
113.442904487719
86.4003009553721
43.2732632544878
-7.90960233563162
-57.6200022438029
-96.6037597371505
-117.603588971637
-116.71012427217
-94.0896946211896
-53.9533595585601
-3.77297082487536
47.1098008887468
89.222528022555
114.725430161997
118.870841546275
100.887044996459
64.1219361623028
15.4197732952625
-36.1529620781112
-80.9953975322361
-110.759585281707
-119.904571034204
-106.727907926907
-73.68258707173
-26.9203843536657
24.8533651430598
72.0003678450415
105.743653616544
119.801512178545
111.556907501184
82.5446699000067
38.1657692862074
-13.3181390276538
-62.3227188198659
-99.7251900895603
-118.562642057193
-115.328261057464
-90.6241652275879
-49.0493131206625
1.65664662336213
52.0542020764369
92.7612544035253
116.199706119892
118.006213238587
97.8444731714896
59.4678314190966
10.0205520759827
-41.2921711187886
-84.9178700706792
-112.735106832261
-119.565374980584
-104.137139611598
-69.3225485463778
-21.6027481686875
30.1386583485256
76.2693984586241
108.201691283043
119.990964220697
109.442505188829
78.5200341398184
32.9801334514641
-18.699407718509
-66.8978337868767
-102.642439768222
-119.278946042799
-113.71027092213
-86.9730889014869
-44.0448414863741
7.08287219815806
56.8920257580643
96.1100583044802
117.43607093153
116.899975081834
94.6015713151937
54.6919702583335
4.60081444482769
-46.3468371938224
-88.666478935273
-114.479810772467
-118.981376798249
-101.33315745023
-64.8205767275878
-16.2408817980167
35.3622446616612
80.3822725670182
110.438193205093
119.934742768557
107.104026648332
74.3346338480309
27.7269729936804
-24.042390619553
-71.33597990216
-105.349535899037
-119.751034343832
-111.859466593029
-83.1439409780905
-38.9501909775031
12.4945960646475
61.6133668123861
99.2620832728409
118.431993222442
115.554392024842
91.1649790527787
49.8041309371284
-0.828343046969219
-51.3066112116231
-92.2335490994395
-115.990124937397
-118.15377218452
-98.3217024092222
-60.1858891023309
-10.845763305355
40.5134291379584
84.3305693348592
112.448580294207
119.632962931799
104.546259758503
69.9970383525324
22.4170434084535
-29.3361483297288
-75.6280703576157
0
0
0
0
0
0
0
0
0
0
