-1.66533453693773e-015
0.00154680938927489
0.00440114099737889
0.0040391399391873
-0.00458679228850973
-0.0242362408612599
-0.0530108458992341
-0.0834038133496052
-0.103368289270653
-0.0994029645937936
-0.060990783833106
0.0148084121247365
0.120051174932979
0.235177132946391
0.331591432406902
0.377474325117103
0.345806156682679
0.222818235768891
0.0146716713261253
-0.249720585511303
-0.521143360295556
-0.738090399614184
-0.839273284874706
-0.778289991946195
-0.53724220131751
-0.135879769400059
0.366567670259784
0.878382166351758
1.29082910939948
1.49976154446661
1.42929968602673
1.0525389338695
0.404277040131649
-0.418080100704534
-1.26711357584939
-1.97038948743306
-2.36391840156687
-2.32784520100525
-1.81696165650238
-0.87893965589828
0.344947137360029
1.63866092926954
2.74790205329218
3.42845195401871
3.49745581472206
2.87725132749332
1.62190383980283
-0.0807231959970926
-1.93412136627507
-3.58288735800317
-4.67912387601675
-4.95340510726756
-4.27621873951231
-2.6965268313209
-0.447625048649767
2.0836757077835
4.42138471048264
6.08795527676757
6.69942069574826
6.04948895411493
4.16481549747385
1.31810681418587
-2.00682395623657
-5.19471421724115
-7.61066407049503
-8.72417679821851
-8.22160487372073
-6.08378503110588
-2.61094702903566
1.61376412201034
5.81919010949522
9.18470152049052
10.9979276878149
10.8017799463934
8.50102156370354
4.40470571665764
-0.808038727036838
-6.19704349424925
-10.7282393148681
-13.4696702859397
-13.7796620509006
-11.4497249208846
-6.7714210241488
-0.509537676054602
6.21872505860923
12.1404088647248
16.0652208366306
17.1215145394829
14.9435920453826
9.77103108773397
2.43577650453009
-5.76664925846515
-13.3030143919189
-18.6865527469509
-20.7672313693144
-18.9719599424509
-13.4454263918717
-5.05906420636621
4.72031940501922
14.0838362391874
21.2126719840188
24.6285789192305
23.4956533987928
17.8125574439016
8.45269614616223
-2.96264736931065
-14.3415182890231
-23.5022072826252
-28.5889979205089
-28.4439736159555
-22.8610654301412
-12.6680172013417
0.38716244778121
13.9319026158976
25.3977716171402
32.5052081632727
33.7132184259708
28.5459112232739
17.7278509725466
3.09429886410313
-12.7155456267873
-26.7320176081166
-36.2107420869736
-39.1670448967237
-34.7854484734627
-23.6207254009739
-7.54390798724615
10.566033223089
27.3351727158644
39.5213990182323
44.638875597189
41.4603201727075
30.2963907869879
12.9906951765939
-7.37861756165624
-27.0437106976062
-42.2424692859294
-49.9364177153251
-48.4144585133239
-37.6630759523821
-19.424474942848
3.0786330394439
25.7097040897414
44.1774372360168
54.848218672776
55.4583411823704
45.5868417213999
26.7913529339978
2.37087962426095
-23.2103176020931
-45.1377449338523
-59.1520332136357
-62.3745117854858
-53.8932729518727
-34.991250657835
-8.96290122345857
19.4568517068667
44.9530940613934
62.6246360441078
68.9252178604125
62.3716084515962
43.8777786460698
16.6420220701762
-14.4027344619366
-43.4816907475663
-65.0525915801932
-74.8618678375894
-70.7812516704302
-53.2606540003707
-25.3023081894286
8.0498900535859
40.6198032828881
66.2433977725442
79.9358693867735
78.8604447905583
62.9107033328984
34.7877400909495
-0.452984019235845
-36.3100097310694
-66.0363620850924
-83.9102962360795
-86.3367360266337
-72.567327225686
-44.8953690816936
-8.27884603511815
30.5475622938201
64.3125498821696
86.5717476991147
92.9387356146063
81.948138761895
55.3811705311274
17.9830256034009
-23.384385790987
-61.0031712815739
-87.7417216122401
-98.4085500666056
-90.7603378715731
-65.9684028536254
-28.4474337449266
14.9303537175876
56.0958414596343
87.2868213334981
102.514214948569
98.7132559705627
76.3581168610126
39.4170646673127
-5.35163933487745
-49.638257886786
-85.127162063974
-105.061419427692
-105.531410993997
-86.2413139665937
-50.6032026070261
-5.1338886676345
41.7389796143907
81.2424290810936
105.90383400501
110.967358641881
95.3121338444749
61.6946902814738
16.2640774908957
-32.5651596803189
-75.6751655626998
-104.951415955895
-114.813615994244
-103.281371118721
-72.3707321740688
-27.7423862444429
22.3372612755125
68.53102286919
102.176171684277
116.912970119717
109.889582602432
82.3145675320106
39.2497873585247
-11.3209697448914
-59.9758815885706
-97.6149951714312
-117.166565230035
-114.919054766936
-91.2272818164068
-50.458064588688
-0.183316261235116
50.2299359719126
91.3693681798694
115.539282582048
118.203955595595
98.8410043765654
61.0438057887725
11.8528815880775
-39.5590155034293
-83.6018901641727
-112.062080187761
-119.638092693065
-104.930766207681
-70.7023386084253
-23.3563286043292
28.2635832865211
74.529792082366
106.831134691447
119.179834430799
109.324363479486
79.1608538967101
34.3677196524183
-16.6659906662129
-64.4157662879059
-100.003814152541
-116.853914397074
-111.909685656876
-86.1900053507795
-44.5804661160361
5.09667176134366
53.5566027151112
91.7916957750739
112.750020892973
112.639114214478
91.6133621260505
53.7202166662283
6.11997655968175
-42.2702492751097
-82.4510147349022
-107.018260841365
-111.530769596159
-95.3142179935517
-61.5560580585919
-16.6792682967586
30.8820034291942
72.2710779503443
99.8617690024599
108.666568951882
97.2394178446733
67.9094450441468
26.3087264603268
-19.7105866028429
-61.5612903647716
-91.5268969995173
-104.187243189458
-97.4000395220867
-72.6604146010735
-34.77875357065
9.05485076763314
50.6375138378294
82.2915517902976
98.284636870008
95.868954408398
75.7508044999475
41.910938906499
0.818182332173406
-39.8085056779816
-72.4523512979118
-91.1917671314359
-92.7754717520364
-77.1843761750415
-47.5836151124617
-9.68334053152688
29.3631639157917
62.3113199369454
83.1712384217139
88.2974375340081
77.0239250441978
51.7344465677978
17.3648984084545
-19.55924152747
-52.1628557106288
-74.5026909079036
-82.6512981423647
-75.3856357562192
-54.3600118478501
-23.7414268771688
10.6140869187235
42.281663551315
65.4699973122813
76.0807435011645
72.4310940466375
55.5125206769348
28.7477418945036
-2.69783067879982
-32.912269895761
-56.3489140006477
-68.844607381802
-68.3574911740341
-55.2939702758223
-32.3739760333411
-4.07072137253518
24.2606172632988
47.395838951626
61.2047211079765
63.3866437086284
53.8481863531913
34.661966909841
9.62540038375156
-16.4880933786069
-38.8382363214251
-53.4143905669743
-57.7534958726365
-51.351301424588
-35.6993086833177
-13.9512748764521
9.7081874665109
30.8671618908924
45.7080982633932
51.6947718187385
48.0012913437536
35.6115373671204
17.0807821184035
-3.98579808167748
-23.6321750527495
-38.2929278416442
-45.4384024108738
-44.0072164257333
-34.5530099048043
-19.0877709710848
-0.660946235705691
17.2387618959002
31.3420761967225
39.1942694399635
39.5787959051221
32.6970859139671
20.079943736896
4.25663914263876
-11.7482317307984
-24.9906678995349
-33.1466965870332
-34.9168863146606
-30.2262276557348
-20.190254515629
-6.86272848369441
7.17989724409991
19.3339291305076
27.4489797481466
30.2053410919448
27.3225991608232
19.5678509926321
8.57032322838951
-3.51521655126444
-14.4276248219993
-22.2200998824768
-25.6046080848597
-24.1596734521047
-18.3691348629735
-9.49222059928227
0.703472204091365
10.2905238546509
17.5436103003283
21.247283141565
20.895253939105
16.7494656509354
9.7547086064175
1.33150611223136
-6.90854219478046
-13.4685480673211
-17.2356921785571
-17.6661908637996
-14.8559486496901
-9.48966993729496
-2.68409840838146
4.2401300684314
10.0120958053085
13.6414317976731
14.584936077919
12.8216375233644
8.82744837940757
3.45964496010262
-2.22242142598689
-7.16362380136582
-10.5066698863328
-11.7379399865213
-10.7613549351416
-7.89084491535444
-3.7676591848808
0.777654050919562
4.88967894170771
7.84690159455148
9.1857635911236
8.7692005413406
6.7904955653388
3.71589407334576
0.180604186649615
-3.13945988338223
-5.65477960146063
-6.9646656597404
-6.91768519423519
-5.62175653674252
-3.40555163626975
-0.741826893532742
1.8503275479112
3.90459519645489
5.08933796173035
5.25831303455301
4.46309444906054
2.9278074362997
0.993814660744656
-0.952944138628057
-2.55698021126211
-3.55640586190032
-3.82333784208295
-3.37586032188203
-2.36169908751178
-1.01910352772717
0.375707532816991
1.56342823962082
2.34829042029347
2.62835314361878
2.40522468633987
1.77330862112124
0.892588326783607
-0.0482440023281783
-0.87029317278468
-1.43704177213147
-1.67534135310134
-1.58197502653269
-1.21606324124384
-0.6803356094639
-0.0961678893239189
0.422007804668479
0.787799502335614
0.955807163233593
0.924831027586457
0.731895335068538
0.43945312261191
0.119255228115004
-0.163367210220028
-0.361609005304384
-0.453653289703106
-0.442920507179481
-0.352946846187614
-0.218793202432357
-0.0773948428047132
0.0408316550457995
0.11741636976728
0.147518636298693
0.138079421928558
0.103479083306385
0.0602030016071916
0.0220536496215839
-0.00291235492683141
-0.0131695799802517
-0.0123838636621909
-0.00669026631000989
-0.00165788872910019
0
0
0
0
0
0
0
0
0
0
