135
-118
94
-86
40
75
58
-108
14
37
-17
-41
-8
-8
74
67
43
83
-40
38
-3
42
-188
-27
-181
103
71
-14
-6
204
36
170
-42
-49
5
-53
-228
-101
-70
-1
-55
-1
100
177
65
20
100
42
-69
9
-107
-70
78
-54
26
16
80
-17
141
-73
153
-77
-8
-11
-103
-175
7
-112
27
-20
91
100
233
-11
127
-28
107
-184
-91
-219
-74
-74
-87
30
120
109
109
59
63
281
-192
-20
-158
-85
-125
-82
-285
123
27
137
85
118
146
197
-81
-61
27
-157
-150
-189
-64
-105
130
138
111
115
156
49
246
-212
-95
-159
-70
-93
-79
-355
263
167
57
77
19
182
225
-92
-222
-18
-176
18
-252
-50
50
155
86
115
-19
198
11
31
-153
-129
-106
42
-95
-42
-160
227
95
164
-4
20
44
153
-168
-19
-194
14
31
-154
-105
66
90
82
101
-110
113
-30
113
-80
-104
-83
81
-39
29
-97
85
45
212
-150
-51
-67
111
-204
0
-176
126
122
45
-27
90
-36
138
44
-169
39
-131
102
-8
-138
-111
59
113
149
-72
-78
166
134
-25
-95
-130
123
19
-114
-104
0
79
152
-50
-83
-8
198
-3
-49
-202
19
116
-45
-139
-77
-11
310
124
-158
19
147
2
61
-241
-159
-8
5
-162
-13
-67
162
203
79
-33
126
103
65
-28
-343
-75
-21
-100
-102
-36
-56
390
147
-77
81
88
68
102
-350
-169
-10
-60
-214
-22
-222
289
167
44
19
194
-17
229
-119
-206
-84
-47
-173
-12
-133
-18
260
134
13
77
-6
159
191
-258
-124
-7
-74
-2
-25
-238
209
159
19
95
32
-136
286
-110
-118
-59
36
-37
36
-198
-79
207
55
3
90
-71
112
172
-198
-121
-125
-121
96
-98
-115
161
85
107
181
-59
-94
181
-156
-127
-140
-123
157
0
-74
57
211
-34
140
-93
-40
180
-17
-126
-111
-83
67
90
-180
-73
140
102
88
-72
-101
79
78
-161
-104
-39
-76
133
65
-101
187
82
9
187
-130
-34
43
-69
-31
-62
-93
79
71
-22
-13
26
116
165
-22
-171
-19
19
-125
-116
-33
45
42
91
-38
169
74
58
19
-157
19
-45
-140
-130
65
-105
117
66
2
136
82
37
90
-80
-57
-73
-133
-113
-134
-59
105
-14
58
167
171
145
58
-49
-83
-80
-62
-171
-108
20
-75
146
81
161
55
18
97
45
-146
-11
-74
-121
-2
-78
-18
142
81
64
52
70
188
-1
-99
2
-153
-100
-122
-35
-41
53
118
128
207
56
30
96
25
-38
-151
-169
-54
-66
-78
-76
82
89
163
34
115
86
24
-197
-58
-94
-38
-114
-114
-16
55
113
137
16
107
100
61
-17
-9
-113
-145
29
-118
-36
-134
22
74
82
-1
160
37
102
-15
-129
-150
56
-53
-105
-74
-35
65
172
-2
24
-34
118
91
-8
-144
-51
0
14
-107
-131
52
64
65
-9
32
64
59
-60
18
-176
38
-101
-39
-96
3
35
112
41
80
24
-1
132
-97
-155
50
-125
6
-98
-130
64
82
61
32
122
-5
178
-173
-20
-67
-46
-137
-87
-103
-15
47
99
-8
74
128
2
64
-146
-70
12
11
-136
19
-127
186
145
2
-31
128
-22
217
-254
-96
-53
11
-145
-50
-105
186
25
170
26
71
72
148
-102
-119
-74
-61
-63
-179
33
-157
281
39
31
78
155
-65
227
-198
48
-55
-44
-231
18
-254
141
-16
33
96
217
-57
258
79
-99
-62
-14
-176
-109
-89
-147
195
-7
-31
155
212
53
241
-169
-16
96
-79
-284
42
-297
81
2
-41
81
246
-55
284
42
-28
79
-60
-191
1
-208
-103
138
-118
-41
154
70
47
169
-123
79
86
-103
-183
135
-204
130
-45
-103
60
232
-131
139
-99
73
60
-6
-251
68
-114
-19
17
-118
-83
162
74
-22
68
36
170
108
-190
-4
-1
-119
-34
-104
-125
19
64
-53
132
12
159
100
-27
-58
17
-80
95
-128
-82
-45
160
21
-14
-112
52
40
117
-77
-7
18
27
-36
-32
-16
71
-73
4
79
-62
-19
80
-37
-6
30
-37
129
-98
44
-18
7
-57
-30
-149
107
-86
49
44
88
99
134
-93
97
-14
-115
-97
-82
-118
19
-118
-44
122
79
99
61
150
18
94
-9
-127
-2
-27
-161
17
-104
-36
97
-1
6
204
-96
215
5
-137
43
16
-151
-3
-174
52
63
76
48
-16
41
152
-16
-91
-118
73
-17
-116
12
-52
-23
122
-91
92
136
-64
174
-68
-84
28
-3
-119
-16
-153
30
34
20
62
105
-31
159
-60
-78
-77
-63
-122
-123
-9
-12
32
55
-16
213
9
74
-69
-57
-55
-131
-105
-161
52
3
134
9
19
47
197
-16
46
-242
39
17
-142
-254
74
-37
142
4
66
27
223
-40
8
-138
5
-65
-1
-174
6
-6
54
116
25
34
58
59
-24
-99
-124
-31
-97
-83
-177
132
21
257
95
157
136
186
-76
-97
-174
-63
-306
-97
-178
96
52
161
63
89
179
229
35
35
-127
-82
-74
-209
-186
-213
55
14
223
33
250
224
306
-89
-17
-218
-76
-347
-199
-232
-52
-23
185
133
229
235
240
104
34
-107
-248
-179
-252
-248
-126
2
105
260
167
342
307
215
-60
-18
-209
-257
-323
-221
-167
36
-43
138
184
485
265
209
15
-73
-81
-187
-246
-249
-339
41
-29
-12
201
367
339
303
91
-60
90
-166
-288
-322
-414
-234
31
40
149
178
381
308
256
26
-49
-80
-169
-248
-303
-294
-105
37
-63
96
171
293
254
216
43
74
-73
-174
-232
-272
-211
-122
-6
48
120
256
240
185
99
-22
-26
-116
-280
-214
-141
-156
29
31
112
101
255
285
135
44
-2
-38
-111
-312
-240
-122
-54
112
-130
171
316
211
181
163
-173
158
-93
-291
-175
-231
-197
133
-85
119
263
221
231
222
-81
-40
-57
-108
-331
-240
-208
-36
185
-39
106
233
180
220
107
-117
15
-145
-260
-226
-201
-186
89
26
155
194
225
96
254
-68
-160
-127
-113
-266
-77
-188
-74
250
150
40
300
114
241
84
-212
-127
-150
-313
-126
-226
-51
158
199
264
181
183
173
143
-242
-254
-263
-140
-288
-123
-152
138
360
229
71
337
72
151
-43
-385
-227
-187
-338
-136
-182
54
270
265
243
244
217
114
-37
-226
-260
-273
-204
-223
-110
-40
167
283
288
93
334
69
112
-160
-216
-347
-118
-323
-57
-71
117
221
232
204
229
142
116
-189
-99
-272
-223
-204
-142
-94
91
54
242
306
205
175
127
-68
-123
-207
-310
-138
-298
-104
-18
90
252
169
359
237
109
37
-62
-270
-262
-334
-185
-111
-63
99
185
261
277
218
128
113
-172
-138
-219
-278
-182
-182
-60
87
142
182
275
346
245
-43
-126
-89
-256
-148
-437
-235
18
90
98
278
183
343
220
78
-80
-188
-137
-203
-332
-260
-46
76
196
210
110
321
409
41
-150
-129
-172
-245
-180
-552
-103
214
189
189
244
166
509
190
-128
-219
-149
-309
-196
-363
-319
124
104
201
297
214
336
410
-175
-126
-86
-315
-210
-269
-484
98
207
111
312
230
97
520
65
-244
-166
-162
-347
-107
-346
-174
214
212
205
355
141
294
307
-177
-253
-222
-373
-154
-165
-374
181
203
176
340
220
36
372
-16
-274
-193
-286
-295
-11
-353
9
242
196
239
309
51
190
134
-198
-81
-318
-350
-64
-158
-193
222
122
319
288
78
108
181
-90
-133
-258
-237
-262
49
-224
-22
173
165
214
271
93
121
-21
-130
-90
-198
-324
-18
-97
-5
72
40
352
223
160
26
-1
-107
-70
-337
-136
-245
35
-76
78
112
246
109
328
-54
128
-184
-109
-278
-180
-193
-112
-28
99
100
90
305
90
254
26
-56
-123
-38
-379
-94
-228
-46
-11
96
73
328
84
340
-14
83
-182
-45
-264
-205
-239
-149
-125
200
139
156
275
241
208
122
-22
-142
-134
-312
-243
-291
-100
-63
112
114
334
272
249
157
74
-156
-156
-230
-251
-209
-154
-146
238
173
218
198
291
217
128
-177
-220
-92
-314
-228
-220
-133
-20
285
75
335
330
159
157
89
-268
-102
-399
-316
-111
-188
-117
223
162
282
304
195
205
166
-230
-245
-102
-369
-248
-86
-164
118
210
83
310
395
67
153
-61
-191
-78
-319
-360
-70
-222
-8
198
151
195
377
35
235
18
-208
-233
-155
-265
-173
-63
-149
227
202
63
270
230
-35
177
-172
-105
-220
-154
-299
84
-136
139
155
173
190
325
-145
116
-123
-181
-218
-68
-316
18
-77
13
150
278
40
373
32
-33
99
-180
-92
-192
-297
-325
-5
-115
187
98
278
209
342
17
94
-161
-111
-290
-144
-428
36
-220
256
120
276
112
310
167
63
-23
-191
-164
-133
-248
-307
-8
-49
199
116
363
118
306
2
50
-187
-36
-337
-90
-409
54
-188
223
12
414
84
305
86
118
-115
-5
-288
-164
-268
-160
-1
51
90
86
314
266
253
-6
47
-138
-6
-384
-229
-300
-71
-67
263
-88
497
156
389
23
99
-266
-14
-434
-186
-335
-245
44
150
104
192
259
306
311
-40
-26
-180
-80
-305
-246
-210
-41
45
241
53
333
183
207
82
50
-295
-27
-370
-118
-144
-137
37
275
20
299
200
171
137
-105
-180
-161
-111
-269
-116
-127
37
234
152
51
243
104
121
22
-207
-330
65
-308
-111
-161
18
140
249
-36
273
143
259
-24
-124
-249
-106
-215
-201
-171
-7
72
277
210
145
175
145
101
-17
-343
-177
-77
-313
-67
-142
-70
331
141
103
327
56
186
55
-212
-269
-100
-279
-97
-151
-72
239
248
121
284
150
198
32
-60
-391
-48
-179
-207
-53
-98
-42
322
160
157
337
-50
58
56
-308
-148
-172
-309
-135
-128
-58
216
229
148
341
210
64
-36
-86
-301
-119
-346
-290
-3
-48
-58
350
85
298
339
-17
62
96
-307
-117
-323
-375
-25
-98
-33
173
202
244
323
248
37
96
-145
-183
-164
-360
-377
-57
-2
35
315
111
366
424
31
12
67
-243
-114
-374
-425
-92
-44
-48
242
166
313
310
108
95
38
-130
-228
-234
-329
-153
-168
60
78
179
160
325
392
-54
-60
5
-247
-153
-228
-401
-69
72
-46
152
173
315
348
36
65
0
-149
-232
-180
-296
-45
-115
103
153
221
92
257
314
111
-94
-126
-266
-135
-140
-394
-121
85
99
147
185
198
332
118
-51
-17
-253
-217
-245
-147
-106
-9
33
196
271
234
178
148
117
-69
-181
-264
-171
-164
-265
-58
79
171
325
154
239
244
107
-99
-121
-221
-149
-354
-163
-88
69
85
235
208
237
134
63
52
-164
-225
-374
-166
-197
-92
-92
127
201
360
157
165
176
118
-120
-275
-328
-123
-289
-259
-70
155
161
295
271
232
212
37
-38
-195
-215
-378
-123
-222
-111
39
139
195
375
190
130
221
-86
-66
-267
-319
-128
-212
-309
73
62
287
262
93
238
237
-39
-151
-201
-197
-157
-242
-212
-81
225
183
125
257
147
258
103
-212
-64
-209
-169
-186
-224
-147
112
50
307
252
115
188
209
-89
-212
-291
-161
-259
-134
-246
138
125
260
145
349
145
134
-108
-179
-279
-200
-318
-152
-116
-18
154
178
234
288
200
101
190
-184
-128
-339
-160
-344
24
-250
176
154
248
190
399
111
121
-136
-76
-281
-165
-303
-168
-134
102
134
137
312
244
257
56
-11
-175
8
-300
-225
-273
-20
-115
120
64
259
181
249
28
132
-169
-36
-171
-219
-185
-134
-48
128
-27
126
198
156
157
36
-83
38
-89
-100
-207
-133
59
4
29
6
200
78
225
-30
51
-127
-13
-134
-24
-238
-7
-16
132
-72
111
-19
202
-14
10
-38
82
-34
-25
-115
-114
44
14
-109
81
-18
66
80
-120
126
53
-11
-10
-16
-56
140
-131
103
-95
-20
-45
84
-59
9
-67
28
114
-19
-60
-26
72
45
-89
-26
-135
154
-20
-150
49
7
8
159
-85
106
154
-87
22
17
-113
-46
31
-153
109
-24
-34
137
101
-101
109
-18
24
40
-95
-131
81
-65
-61
32
-31
-3
113
1
70
132
-138
57
53
-41
-63
-8
-96
104
-2
-68
6
131
-59
12
-108
-6
13
-23
-85
-22
40
-55
131
1
4
139
-5
2
88
-122
10
-2
-28
-82
14
-10
64
-12
-34
-13
193
-28
20
-82
60
69
-54
-183
-48
49
40
-40
-70
-34
220
41
23
-24
-90
88
107
-153
-157
43
17
67
69
-186
127
194
34
41
-102
4
160
14
-259
-99
-42
175
-84
-12
-61
226
11
-99
32
-118
55
104
-183
-122
84
35
-41
31
-99
82
136
-95
-49
43
-40
44
-11
-194
45
64
-8
-19
7
-10
191
-7
-162
29
-21
-4
-19
-121
30
145
-13
79
-63
17
76
100
-197
-44
0
-3
59
-16
-60
52
74
-2
53
5
-58
11
-22
-50
-60
22
11
-66
-52
108
105
-45
27
-10
-30
42
-5
-100
18
68
63
-19
82
27
43
-16
-40
-18
-2
-42
-14
-67
-104
6
9
1
-14
6
24
188
35
-18
8
17
-122
-14
-121
-41
-98
90
-89
109
-43
41
49
68
-134
190
-200
60
82
-44
-12
27
-131
14
-6
-79
84
-9
3
43
87
-127
95
-29
74
-140
57
-15
189
-71
-77
-27
36
-87
88
-274
78
58
33
-6
87
-97
96
50
-20
-50
-40
-46
-52
-58
-80
-11
70
49
113
5
31
223
-15
-32
-136
-26
-70
-46
-268
45
-28
-22
53
54
-94
318
65
-42
43
111
-26
51
-284
-87
-37
-46
-202
-20
-62
120
155
-7
129
90
157
13
-18
-179
-114
-140
10
-150
-46
-86
289
105
170
-32
133
37
101
-178
-203
-173
-34
-56
-45
-109
183
206
208
86
65
-52
231
-127
-158
-287
-164
68
-104
-82
78
167
198
265
-64
83
76
54
-51
-204
-368
-19
-105
-29
-144
101
194
413
109
148
96
211
16
-213
-268
-226
-195
-128
-192
-14
127
307
245
155
244
95
199
-56
-275
-370
-148
-240
-170
-254
-58
277
393
196
299
135
213
91
-247
-239
-257
-263
-80
-252
-125
124
272
195
250
167
150
114
-21
-285
-265
-50
-250
-41
-148
-65
298
232
132
342
-4
248
-49
-243
-146
-146
-318
-16
-218
-110
272
19
162
309
129
195
24
-102
-137
-102
-254
-324
-89
-96
57
202
79
268
395
51
149
-40
-209
-38
-304
-458
-123
-134
18
241
-25
338
397
196
120
-1
-244
18
-233
-387
-264
-39
-65
105
50
210
314
316
-81
121
-139
-129
-30
-337
-312
-27
-130
201
123
-12
340
299
89
34
-136
-164
94
-296
-218
-253
13
172
233
-75
263
205
307
-8
-34
-244
-78
-157
-291
-246
-27
-112
301
123
176
386
161
104
32
-221
-192
-148
-343
-206
-119
-195
201
364
67
381
161
242
52
-97
-291
-54
-383
-337
-166
21
-14
335
141
354
354
129
45
107
-316
-226
-294
-381
-99
-41
-117
290
311
196
403
189
4
87
-127
-397
-91
-379
-245
-20
-6
36
364
184
302
319
-1
60
18
-318
-185
-298
-336
-36
-75
5
223
286
269
265
196
-87
60
-166
-381
-223
-285
-191
28
66
60
400
169
242
274
71
-47
-124
-307
-283
-300
-209
-167
98
119
201
289
316
198
161
-15
-101
-259
-331
-308
-200
-218
-53
248
231
312
213
229
143
78
-216
-185
-379
-282
-197
-81
-127
162
237
378
295
194
36
63
-23
-310
-355
-269
-188
-46
-55
-1
307
261
298
243
67
-14
-48
-328
-270
-273
-242
-132
25
64
181
320
299
343
66
10
-37
-154
-410
-328
-284
-204
-58
2
159
340
216
328
300
24
-120
-58
-356
-237
-254
-328
-101
174
88
243
291
241
376
77
-85
-92
-215
-241
-267
-229
-150
-51
138
123
325
270
202
221
83
-192
-193
-200
-251
-143
-272
-95
181
160
202
229
184
222
119
-198
-231
-90
-176
-246
-151
-31
82
276
120
200
99
93
173
-53
-156
-263
-87
-80
-80
-203
20
133
364
-6
142
5
250
36
-107
-287
-55
-108
-37
-178
-4
-8
134
208
131
8
23
79
76
-12
-256
-56
5
-28
-251
76
-49
430
-147
114
-73
200
-52
0
-280
-22
-116
99
-96
24
-86
188
89
55
17
-20
-34
110
-55
-158
-24
-17
116
-116
-2
-54
212
-122
145
-131
115
9
178
-255
53
-29
133
-25
-100
-119
170
7
29
-128
-1
118
24
-73
10
-51
10
64
33
-48
29
93
30
53
-172
112
31
120
-200
-12
9
151
-74
-45
-121
49
37
-45
-60
-18
59
27
13
117
-55
15
94
46
-18
-36
-132
45
-11
-169
-84
75
57
71
86
5
122
-10
-27
-70
-33
23
-148
-28
-83
0
84
33
84
-25
111
60
-75
59
6
-150
12
-22
-43
-13
74
-49
175
78
101
18
40
-47
-26
-89
-16
-63
-6
65
-16
80
34
145
19
10
-37
-85
-13
-64
-201
-15
-86
16
35
18
-29
250
-13
62
25
-47
86
-30
-239
-78
-178
51
84
-61
-57
152
152
193
-80
-98
123
4
-97
-278
-140
14
115
-90
-103
53
217
137
24
-50
60
47
147
-219
-151
-143
93
11
-71
-95
197
172
107
-118
-134
100
86
-127
-225
-52
51
218
-39
-115
85
118
72
51
-217
59
-96
93
-125
-98
-56
67
125
1
-77
104
200
37
-62
-132
28
87
-115
-150
-104
13
144
-35
-49
73
61
88
-9
-76
-40
71
-64
-68
-109
11
-8
82
12
-57
4
138
62
25
-132
32
25
-9
-1
-138
53
105
-87
31
47
-86
213
-69
-100
-28
68
-61
-17
-119
15
61
40
-44
3
30
46
61
-14
-134
52
-43
-30
-29
51
3
87
19
151
-26
-74
58
-2
-77
-142
-125
-30
41
-36
8
10
64
129
87
-31
53
-39
-42
-110
-9
-147
10
-79
107
17
137
93
159
-17
-21
-107
15
-16
-108
-131
1
22
-16
142
-28
44
-2
127
-3
65
-93
-127
-30
28
-162
-21
-97
105
172
140
-31
76
135
94
-226
-218
-102
-54
-73
-59
-31
250
165
108
127
-82
64
12
-136
-134
-150
-92
35
-156
54
58
187
288
106
8
154
-96
56
-215
-385
-29
-146
-162
88
8
357
317
59
136
109
9
-29
-215
-273
-223
-80
30
-194
69
93
239
293
62
-70
229
-56
-16
-253
-290
-94
23
-117
17
-60
300
468
30
40
27
-8
28
-295
-328
-186
-65
115
-87
55
95
303
251
105
-175
76
24
-39
-336
-224
-142
132
-132
0
23
276
371
86
16
44
-21
-92
-261
-389
-45
-111
-83
98
134
126
268
117
103
-43
40
-119
-105
-164
-167
-29
128
-133
79
30
161
225
15
-114
203
-2
-98
-111
-214
-58
41
-143
36
101
84
112
-26
32
34
3
-191
-61
-169
-68
14
84
-13
106
54
144
124
-63
-153
113
-55
-70
-177
-185
17
113
-44
-28
230
156
163
24
-117
77
-109
-241
-114
-203
-49
119
0
61
237
212
89
118
-100
-109
-26
-219
-206
-11
-301
139
133
-31
194
305
17
216
59
-196
8
-211
-313
-121
-222
-89
213
32
157
282
158
133
232
-188
-168
-65
-194
-235
12
-308
111
310
45
252
198
-29
273
-7
-329
-72
-283
-265
-104
-237
-191
328
89
248
283
211
215
245
-338
-177
-213
-248
-262
-159
-290
185
346
175
248
296
126
414
-98
-419
-86
-306
-257
-162
-278
-78
313
97
365
251
249
225
93
-268
-183
-325
-295
-217
-76
-203
103
263
235
285
306
13
290
-40
-264
-93
-297
-263
-3
-285
-4
277
53
351
205
110
204
103
-165
-195
-347
-86
-176
-122
-138
119
284
244
123
246
82
107
-80
-249
-220
-173
-255
-40
-127
23
238
146
240
260
143
28
-12
-150
-104
-323
-215
-211
-119
14
140
141
309
196
269
88
45
-88
-121
-223
-223
-238
-10
-54
75
140
171
197
260
-44
13
-19
-163
-2
-287
-359
-12
12
26
28
2
358
258
54
5
37
15
-73
-231
-225
-129
-36
-35
14
142
156
210
100
9
33
114
-230
-59
-189
-176
-61
-17
-29
195
48
229
184
51
2
43
-187
-131
-280
-221
-116
-60
25
153
190
134
226
104
37
-91
-52
-208
-158
-257
-117
-38
24
32
247
45
225
215
10
-56
-20
-265
-120
-254
-175
-26
57
35
217
139
190
220
61
-69
-77
-189
-233
-146
-106
-158
72
48
102
245
184
195
130
2
19
-95
-318
-225
-214
-160
-82
33
8
353
189
234
185
-1
78
3
-312
-339
-235
-62
-53
-43
36
254
325
215
147
79
60
-43
-258
-291
-235
-180
-155
-31
104
212
331
239
296
81
185
-190
-137
-398
-326
-305
-135
-177
169
149
413
389
263
123
196
-153
-107
-399
-343
-277
-214
-70
65
73
357
335
278
258
2
105
-161
-245
-466
-259
-228
40
-144
259
125
446
329
291
47
89
-158
-66
-383
-357
-283
-85
-10
59
100
276
403
322
152
56
-67
-98
-273
-359
-248
-224
-38
-12
204
152
366
312
169
16
-19
-129
-197
-327
-270
-136
-8
-51
151
163
338
257
211
42
-23
-1
-157
-327
-176
-288
-69
-17
-28
120
355
262
274
67
-60
79
-123
-291
-320
-295
-50
-31
-43
-14
232
368
229
101
11
-109
-29
-126
-299
-237
-157
74
123
19
71
372
116
173
-8
-146
-10
-36
-239
-203
-126
-80
108
59
-34
246
223
150
144
-55
-22
-87
-137
-276
-193
-143
20
82
57
145
331
108
217
30
-140
-130
-36
-336
-85
-265
-155
184
57
26
309
185
163
147
-152
-84
17
-123
-361
-139
-108
41
75
116
156
261
163
144
12
-111
-164
-58
-368
-91
-305
-17
101
193
13
275
192
156
105
-103
-133
-74
-170
-238
-137
-99
47
150
130
193
160
161
116
142
-187
-215
-176
-206
-131
-99
-101
152
259
200
180
177
179
158
-110
-148
-254
-244
-189
-170
-107
-4
182
181
254
189
290
49
86
-233
-266
-322
-134
-248
-46
-165
197
333
148
255
136
196
77
-8
-330
-208
-267
-249
-185
39
-71
223
288
274
210
213
-107
52
-216
-286
-288
-209
-191
112
-130
237
359
201
296
169
52
-49
-139
-357
-276
-289
-192
-140
-8
142
195
389
348
308
85
-108
47
-316
-371
-312
-273
-140
73
-86
341
284
360
350
244
13
2
-250
-346
-316
-347
-282
-117
17
184
320
332
390
285
151
-151
-4
-332
-325
-447
-255
-197
61
79
285
328
395
249
266
-156
-112
-165
-380
-398
-230
-288
-25
256
108
391
371
368
230
151
-222
-100
-345
-274
-450
-351
-112
161
136
285
362
396
279
223
-175
-225
-192
-295
-381
-238
-237
70
241
116
347
307
320
243
42
-147
-120
-339
-261
-393
-221
-140
192
11
315
327
336
254
81
-114
-133
-191
-317
-235
-195
-195
191
154
71
383
208
215
239
-102
-206
-12
-309
-242
-316
-142
-69
304
-53
445
204
220
247
76
-281
-25
-286
-280
-153
-304
-139
218
134
231
324
151
331
119
-130
-177
-49
-358
-214
-276
-145
114
191
8
399
91
223
218
-44
-236
106
-413
-142
-166
-298
91
204
-20
335
169
185
246
-35
-180
-71
-149
-278
-103
-288
40
182
214
81
263
156
261
-8
-167
-225
-1
-408
-116
-245
-106
172
259
34
404
147
201
101
-57
-171
-154
-341
-294
-65
-251
99
186
171
260
301
200
235
9
-81
-283
-260
-359
-183
-156
-94
99
296
214
308
194
69
76
-111
-231
-215
-343
-235
-156
-97
197
234
94
336
258
144
71
-164
-159
-223
-368
-253
-220
-22
97
225
200
328
280
148
19
-111
-148
-319
-237
-298
-96
-46
72
149
253
258
352
188
35
-24
-199
-251
-252
-371
-182
-96
147
107
196
211
417
195
98
-172
-188
-214
-186
-463
-218
-214
208
155
189
190
289
265
158
-107
-95
-160
-224
-240
-343
-153
64
194
244
101
255
342
131
-46
-267
-203
-219
-96
-412
-79
-72
244
186
230
168
291
126
42
-203
-205
-256
-172
-233
-229
14
83
213
273
126
210
259
125
-50
-228
-165
-158
-111
-257
-48
65
277
135
73
82
349
119
42
-210
-158
-119
-141
-281
-181
-47
165
206
46
127
294
228
62
-27
-250
-167
-121
-195
-184
-205
25
257
163
165
118
146
119
62
-244
-214
-112
-63
-167
-56
-113
231
207
27
71
196
51
86
-104
-257
-15
-17
-93
63
-77
1
254
37
138
86
-75
48
136
-295
-18
-133
78
-32
-104
-91
155
78
67
41
-5
9
161
-104
-184
48
-43
-60
0
-100
-40
293
-38
95
-9
-128
182
133
-267
24
-104
72
144
-174
-205
170
32
40
17
-78
53
167
-64
-181
-21
-14
28
-18
-259
51
248
-34
114
-57
-86
184
12
-210
23
-88
6
130
-47
-33
119
114
79
-116
-102
-1
77
-45
-171
-19
19
207
25
-80
37
114
51
-22
-115
-3
105
-103
-13
-60
-83
128
57
-117
81
46
57
120
-86
-94
14
-32
-89
-31
-115
-9
126
-36
5
61
9
132
45
-260
98
44
-210
62
-190
-86
162
66
14
180
-61
151
18
-4
-29
2
-245
26
-44
-82
-4
46
40
145
-10
59
132
98
-245
31
-94
-113
62
-164
-46
95
-58
192
276
-161
166
87
-153
8
-210
-232
101
-16
-56
-41
-9
245
245
-43
-78
107
96
-33
-156
-108
-89
152
-150
-145
96
-17
107
152
-212
126
165
-71
82
-275
-76
65
-2
-103
-60
-64
161
159
-22
-122
66
203
-50
-115
-133
42
87
-155
-209
78
21
124
30
-129
121
107
154
47
-59
-77
41
43
-111
-179
-39
5
99
41
-149
88
255
8
-10
-77
46
133
-112
-140
-88
-5
63
-98
-15
-35
64
122
90
19
-38
60
90
-61
-190
-103
4
-12
69
-118
34
261
-10
165
-61
-18
31
-10
-194
-79
-10
-4
-49
47
-36
121
96
139
-72
37
-32
-12
-58
-109
-117
-42
24
46
-4
5
222
-71
102
-26
-140
48
-69
-172
63
-27
113
118
51
77
-45
88
-101
-75
-93
-112
35
123
-79
35
-17
146
80
-23
-195
118
62
-20
1
-172
95
115
-176
84
7
14
125
-49
-64
15
-26
-119
27
-87
-14
58
123
43
-16
18
59
-26
-22
-182
-33
66
-50
-24
36
-52
201
-118
54
84
-100
89
-55
-119
76
-41
-68
47
-84
27
41
0
157
-36
-106
145
-74
-18
-49
-81
82
31
-44
6
33
86
148
-71
-33
-28
36
-115
-14
-116
-27
87
35
-31
121
77
66
166
-54
-196
82
-77
-73
-63
-208
113
193
-67
-3
120
146
133
-83
-147
-41
-35
-101
-155
13
-51
187
-13
96
95
47
39
161
-161
-115
-104
-14
-27
-38
-238
104
182
11
14
34
166
119
-76
-159
-100
79
-4
-170
-84
37
174
12
-13
75
48
73
66
-237
-43
21
58
-51
-109
-20
119
184
28
-50
11
66
24
-57
-172
24
93
-28
-60
-95
-45
153
63
-55
31
92
96
34
-142
-16
12
2
-100
-141
-81
39
148
54
-43
98
153
-22
36
-127
-43
43
-108
-213
62
-67
11
96
-45
56
121
-29
14
-43
-50
39
-104
-28
18
-1
-38
112
-4
2
79
85
-127
99
-2
-74
12
-111
-126
136
-42
-7
101
95
99
55
-101
-60
100
-94
-87
-115
-25
13
89
-53
82
87
55
143
-23
-125
88
-12
-15
-81
-245
44
39
-36
-78
-33
162
159
-23
10
-57
253
-9
-226
-37
10
-28
-39
-140
-85
166
84
155
38
32
86
18
-44
-80
-320
53
37
12
-144
-93
95
289
-12
-43
30
118
103
-161
-88
15
109
-54
-122
-129
100
40
20
-36
78
63
147
20
-77
-105
-16
154
-25
-159
-19
84
182
16
-103
6
152
6
-138
-213
19
-18
-8
-127
-48
163
89
27
-10
98
40
96
-110
-155
-42
-102
45
6
-130
81
69
131
65
-41
-109
162
-65
60
-200
57
21
-7
-81
-60
-89
171
-27
-9
19
61
122
-1
-99
-8
-51
37
-59
-46
-45
106
-52
121
-73
4
18
-71
64
-51
-60
99
-82
-39
29
-21
36
-71
-57
71
-43
80
20
-34
152
-41
24
-134
51
11
112
-230
35
-17
100
74
-174
-19
169
-97
11
-54
-31
127
34
-93
-11
-59
40
-68
-87
29
-10
37
28
66
-73
30
104
-20
-172
-81
-46
89
7
-9
-33
216
23
40
-108
53
90
-107
-47
4
-129
104
25
-89
98
34
-43
100
-56
52
-9
9
38
-77
-129
-33
133
-140
-36
-23
152
118
55
-31
66
120
24
-136
-13
-159
13
-76
-82
-77
49
48
140
-53
52
128
17
95
-70
-141
-13
16
-99
-145
-68
85
215
-16
14
126
79
106
-141
-99
12
-16
-163
-64
-65
70
24
122
-12
34
41
22
56
-95
-100
20
-99
-7
-22
-161
52
201
-86
-8
82
52
163
-112
-113
41
-22
-101
-76
-76
38
127
1
-20
92
-23
91
57
-110
-52
-17
22
27
-120
-115
149
49
-87
17
15
176
50
-146
-25
94
15
-41
-172
-58
175
41
-207
45
113
61
65
-33
-63
151
-30
11
-28
-142
-28
132
-148
-67
-29
18
36
16
-93
-60
166
94
-11
-60
-75
138
4
-168
-8
74
-4
15
35
-59
178
12
-17
-51
-22
-99
133
-133
-65
34
-31
97
1
-74
17
119
-53
31
-147
-16
63
40
-140
6
102
131
48
19
-100
196
-6
-82
-54
-69
-35
144
-170
-40
52
-80
195
3
-100
120
136
-52
118
-142
16
27
15
-191
-4
39
41
29
17
-97
261
-44
-63
92
-79
1
57
-254
37
146
-95
-26
122
-148
144
43
-127
150
-33
-47
-34
-38
-86
46
-83
-88
54
81
-51
222
-49
18
154
20
10
44
-226
-128
54
-101
-67
92
-71
171
126
-37
226
14
-54
124
-194
-113
-118
-176
-67
-37
-63
69
178
189
65
217
77
26
-8
-130
-200
-128
-176
-94
-61
31
100
234
148
224
220
-104
41
-130
-180
-251
-237
-159
-111
-68
135
137
212
145
217
178
-41
-33
-135
-184
-161
-167
-191
-45
-7
86
220
204
17
256
62
-20
-47
-239
-254
-87
-271
-87
-23
91
193
281
72
198
144
36
-1
-207
-257
-162
-126
-254
45
18
100
253
276
-17
195
27
-35
-115
-182
-323
-41
-275
-56
7
43
277
278
91
154
101
13
-107
-169
-206
-169
-112
-236
-30
173
137
186
287
-5
276
16
-171
-162
-139
-187
-6
-171
-40
96
83
270
136
11
143
85
-84
-115
-180
-151
-77
-50
-170
50
167
140
115
166
-46
248
27
-106
-226
-145
-246
172
-198
4
121
138
304
181
-140
189
91
-222
-47
-292
-150
-18
-71
-77
233
113
235
117
138
86
71
-134
-136
-241
-14
-324
60
-28
-12
232
212
171
230
-47
67
1
-262
-91
-244
-194
-36
-101
-44
232
87
216
187
133
48
64
-84
-222
-221
-101
-147
-18
33
-96
181
282
96
220
26
65
-33
-146
-254
-202
-108
-28
-110
-46
88
196
171
165
142
61
54
-92
-127
-287
-190
-135
-18
-96
-9
151
224
179
199
29
-9
90
-178
-233
-121
-182
-44
-65
27
164
256
131
159
90
110
-45
-248
-128
-208
-79
-213
-37
8
130
246
200
76
125
93
-33
-68
-164
-266
-106
-214
-65
18
100
216
233
139
180
36
11
-163
-181
-244
-150
-104
-133
-21
147
177
271
199
76
103
-14
-21
-189
-181
-287
-86
-99
-42
60
204
206
287
39
157
16
-37
-209
-239
-292
-75
-156
-7
36
240
249
209
169
69
146
-115
-206
-259
-291
-135
-21
-107
95
126
357
236
268
56
68
-180
-164
-252
-351
-171
-124
-105
115
137
307
345
154
177
-9
16
-103
-314
-326
-159
-160
-26
-85
184
111
252
158
150
41
105
-194
-123
-216
-228
-60
-108
-14
144
114
123
282
116
121
31
-20
-199
-133
-234
8
-132
-1
-73
205
97
194
43
74
-71
42
-164
6
-148
-117
-70
-62
-31
97
69
38
165
-116
98
36
24
-164
-115
-114
58
-44
-32
-78
212
131
126
-111
6
-2
40
-108
-75
-82
46
75
47
-70
50
-2
101
54
-154
-29
49
18
-17
-44
-107
144
-3
65
-98
36
15
84
-68
-101
-39
80
-43
82
-133
164
25
125
-49
32
-93
89
-70
-72
-117
64
73
3
39
-108
159
95
-58
-48
-20
-65
125
-87
-111
106
-47
-45
158
-200
124
68
-4
10
-17
-157
155
-69
-86
-90
-31
23
25
-110
-56
100
143
-139
4
114
-59
114
-73
-50
95
-102
13
108
-166
37
89
66
128
50
-204
180
57
-68
-87
48
-108
177
-125
-5
139
-21
7
28
-22
23
-25
-64
114
8
-128
43
142
-77
56
-109
-23
32
48
-147
59
-45
47
-36
115
-103
180
-15
-1
86
-123
-5
50
-147
58
-67
-77
100
-1
30
-2
25
22
26
-104
44
-96
9
-28
86
-167
86
-15
131
-46
50
7
59
35
-81
-128
95
-93
-10
-64
-71
174
11
89
40
-14
61
17
-190
36
-64
38
-116
-33
-15
77
15
92
35
80
26
116
-58
-49
-192
-41
-103
5
-143
-50
175
71
30
185
-79
83
-2
-73
-101
-71
-123
-68
-75
126
62
-71
117
60
74
15
13
-25
-7
-30
-140
-75
12
-34
68
18
15
-5
121
-2
120
-73
-80
43
-42
-101
-12
-51
154
55
-51
134
-25
7
54
-127
62
-66
-64
-2
39
-51
41
11
94
67
2
-7
84
107
-74
-85
-2
30
-77
18
-115
226
-13
50
-53
12
-48
181
-256
38
-11
-49
144
3
-137
107
22
43
-6
-87
-8
107
50
-126
59
-45
106
-55
-21
-34
200
-42
-30
0
-71
-11
107
-218
39
6
35
150
-44
-41
104
73
56
-59
-80
93
76
-8
-229
-17
45
37
4
-104
32
161
-3
-104
94
-51
80
-25
-172
21
-6
-50
79
-102
-18
138
-125
-61
89
-106
215
41
-101
-26
122
45
-71
-101
-76
22
26
-153
-139
48
157
92
-77
-99
68
217
-89
64
-198
-74
166
-100
-189
94
-120
246
15
-156
45
211
-38
43
-200
-61
81
-47
-171
-20
33
118
162
-174
64
138
162
-58
-49
-197
116
45
-137
-119
56
-8
183
-96
-54
22
170
-42
-2
-104
-60
152
56
-118
-13
40
25
102
-118
96
99
15
-28
-91
-198
218
-18
-221
-31
145
-62
91
-50
55
67
72
-64
-33
-11
-77
70
-18
-88
13
81
-86
134
-89
63
97
-45
-55
108
-168
112
-89
-61
166
-56
-27
118
-61
77
51
-124
13
50
-15
-20
-10
54
59
-23
82
-117
98
-109
11
22
-101
-44
188
-2
11
-44
-62
195
-97
-50
59
-120
-20
113
-246
96
-26
65
60
-33
13
214
-118
104
-116
-67
24
-32
-155
31
-239
202
50
-47
163
31
15
202
-49
-44
28
-125
25
-161
-14
-157
96
79
14
-68
158
-40
235
-148
-46
-2
44
-140
101
-279
215
9
-33
8
78
-66
235
-117
-91
148
-23
52
22
-120
-116
128
-69
-24
-72
-3
71
204
-108
20
-3
192
-76
-22
-286
104
47
-29
-172
61
-2
282
-115
-44
83
10
-65
74
-298
23
151
-125
-68
-60
-14
180
123
-107
128
-35
160
8
-101
-212
52
-59
-3
-287
18
35
241
33
132
122
202
-98
90
-328
-52
-64
-143
-92
19
-49
213
113
30
180
-28
106
71
-148
-122
-125
-120
24
-266
15
20
174
23
121
57
287
10
18
-139
-48
-169
-98
-135
40
-85
157
-21
176
42
124
61
5
-42
-6
-215
-81
-59
-215
120
39
35
69
72
-70
259
-96
-59
-6
-22
-120
11
-212
33
44
85
-9
53
24
152
-60
28
-109
35
-103
-1
-4
-118
-90
22
-17
129
-3
-41
210
90
-6
79
-175
-6
63
-188
-88
-53
-3
75
-16
22
112
8
106
-84
-30
14
55
28
-6
-142
-49
-57
-55
-112
-43
46
130
-4
95
-34
150
75
-115
-75
21
-85
-54
-151
-70
72
33
0
13
106
168
68
-32
-6
-58
13
-22
-155
-55
-129
32
58
32
-61
85
148
94
-7
-151
39
39
78
-236
-81
-25
193
44
-139
-19
177
59
81
-156
-122
91
101
24
-70
-250
168
76
8
-73
18
54
194
-74
-134
-29
67
58
-133
-62
-6
169
86
-86
-28
132
-41
101
-187
-34
105
26
31
-49
-188
139
-23
-85
30
-61
10
234
-91
27
33
11
77
-85
-149
62
-40
44
-56
-41
51
20
-1
94
-64
90
67
-3
15
2
-12
33
-85
2
-163
50
28
-15
77
31
30
121
-16
-83
128
-138
39
-34
-150
19
-65
-70
178
-63
57
6
1
88
61
-132
38
-116
-19
-92
8
-73
16
98
91
23
-40
-30
39
60
-205
-57
71
-69
63
-75
-120
325
-30
-5
11
-25
102
66
-373
3
8
-48
71
-5
-49
225
91
48
-85
-44
-18
68
-109
-138
-83
50
-6
53
-11
-34
225
-7
28
-6
-39
138
80
-322
71
-51
-28
67
-74
-133
269
-5
60
-54
52
44
164
-130
-128
-29
13
2
48
-221
26
130
112
4
-20
-62
230
61
-198
-18
-100
138
-95
-192
-112
269
82
-59
61
172
79
80
-148
-146
-22
-27
-81
-102
-154
61
161
92
17
64
183
190
13
-194
-172
-75
146
-338
-201
8
159
166
25
-37
278
217
95
-129
-110
12
44
-229
-292
-84
97
90
25
4
136
308
322
-28
-118
-131
20
-53
-409
-349
3
121
110
89
-71
402
354
96
-154
-205
27
113
-372
-336
-201
116
193
63
-80
336
233
273
-155
-148
-100
32
-224
-213
-309
26
197
187
-26
99
344
276
-40
-54
-237
-99
3
-423
-270
-68
59
227
104
-2
426
256
120
-23
-149
-160
-6
-385
-293
-290
30
56
191
-2
252
335
290
-55
-3
-68
-73
-149
-342
-221
-8
-34
120
150
53
396
148
80
61
-38
-244
-21
-385
-135
-246
6
51
133
118
343
144
212
-41
-106
-98
-102
-409
-135
-200
-16
25
79
188
267
205
96
74
-45
-10
-182
-230
-310
-46
-23
-7
95
210
193
347
133
1
-1
-18
-191
-214
-442
-115
24
47
59
170
229
421
156
40
54
-32
-106
-273
-300
-348
-121
50
-58
39
365
250
315
149
-39
37
-27
-302
-299
-319
-147
66
-8
12
250
271
368
82
92
9
-153
-127
-285
-307
-92
-64
137
49
47
273
425
142
83
-55
-39
-127
-245
-376
-219
-42
32
47
61
236
257
383
-15
91
-20
-238
-96
-194
-398
9
-103
71
216
60
237
408
-5
85
-29
-131
-51
-230
-426
-64
-76
7
140
87
203
392
264
-1
107
-162
-118
-203
-295
-371
-6
-113
-11
158
98
246
385
5
105
-105
-51
-96
-167
-480
-63
-133
3
42
127
116
411
106
96
81
-110
-149
-138
-313
-202
-40
-92
48
183
173
218
308
-20
198
-3
-158
-243
-145
-324
-105
-162
-21
168
223
159
363
127
205
99
-154
-267
-130
-361
-148
-207
-197
48
330
205
312
169
76
151
107
-344
-324
-189
-244
-117
-192
-141
340
334
153
202
222
234
99
-260
-296
-162
-272
-180
-285
-192
163
318
174
251
121
300
165
-85
-331
-270
-259
-195
-239
-205
-53
369
309
282
33
303
227
9
-292
-333
-183
-66
-287
-280
-33
286
372
160
101
120
345
126
-174
-351
-200
-238
-61
-291
-145
42
394
212
302
68
269
138
74
-373
-340
-272
-17
-252
-143
-32
300
351
82
136
164
210
31
-272
-329
-229
-183
-14
-192
-77
180
267
249
200
13
106
98
-69
-360
-228
-292
27
-133
-94
128
356
279
163
44
67
133
-169
-281
-242
-197
-212
-23
-156
201
250
173
317
237
9
110
-122
-219
-308
-177
-259
21
-77
43
254
225
294
346
-16
47
-21
-316
-193
-256
-264
-107
87
-94
244
236
250
339
123
-119
109
-185
-216
-286
-360
-128
119
10
73
252
366
346
233
53
-57
-26
-295
-304
-358
-261
-93
195
13
246
293
284
372
83
-229
-12
-207
-309
-234
-357
-57
87
45
127
197
370
306
100
43
-99
-2
-248
-272
-328
-197
-61
84
-32
353
226
239
321
12
-99
-18
-247
-238
-304
-360
54
-16
58
182
224
268
379
-4
36
-50
-44
-299
-211
-329
-101
26
84
-26
308
211
289
164
-153
-74
-73
-176
-207
-291
-321
128
165
30
-21
270
298
329
-76
-24
-123
53
-321
-102
-368
29
-14
164
-28
324
126
285
151
-72
-142
-90
-199
-164
-272
-189
63
112
39
27
193
290
129
-100
-75
-120
38
-228
-195
-232
144
-44
163
-40
304
77
201
-41
60
-212
46
-249
-147
-193
-100
16
111
26
173
202
273
51
-37
-166
-19
-33
-259
-276
-116
37
88
181
-6
305
207
216
-75
-18
-192
24
-220
-208
-124
-41
36
195
28
136
135
210
79
-91
-160
-52
-87
-216
-151
-143
27
48
177
92
260
98
154
26
19
-157
-155
-300
-100
-152
-85
50
243
64
280
136
102
124
-68
-196
-94
-244
-155
-232
-130
188
155
114
252
280
65
100
-133
-53
-252
-101
-354
-122
-23
18
123
266
117
378
165
-79
131
-83
-275
-119
-383
-212
-106
-159
142
143
257
284
217
146
184
-153
-50
-396
-156
-263
-181
-140
150
99
264
239
245
171
101
39
-178
-309
-232
-245
-214
-63
32
152
159
370
294
114
165
-22
-204
-158
-284
-367
-146
-160
-12
138
177
385
295
151
241
90
-173
-223
-390
-251
-175
-190
-119
155
279
275
208
209
133
225
-153
-298
-276
-169
-215
-66
-179
161
246
205
322
222
86
197
-22
-164
-270
-296
-215
-27
-204
18
173
229
212
212
-1
93
93
-231
-185
-166
-246
-11
-69
-115
113
249
222
97
124
40
85
-80
-129
-318
-133
-98
63
-125
91
227
290
213
118
-46
79
28
-313
-238
-193
-191
54
3
46
169
184
362
119
25
-27
39
-203
-70
-394
-160
-60
-14
60
67
100
383
246
76
-102
-62
-11
-173
-268
-297
-195
85
134
-28
208
137
345
242
-102
-67
-39
-180
-113
-252
-213
-7
3
98
163
63
362
220
162
-18
-118
-120
-150
-157
-290
-209
56
105
59
116
112
293
190
-65
9
-114
-119
-128
-247
-224
72
-116
-22
157
66
326
218
-2
163
-25
-100
-105
-256
-290
-99
-65
38
52
114
184
287
234
25
-17
-68
-103
-113
-210
-259
-12
-13
16
162
118
135
294
32
102
-82
-154
-128
-160
-212
-176
-84
74
59
212
139
171
203
34
43
-76
-191
-204
-156
-148
-87
-26
58
136
174
96
201
99
121
2
-81
-163
-188
-157
-75
-166
79
97
127
144
246
27
126
27
-21
-127
-258
-245
-22
-71
-42
61
82
120
177
164
22
-58
-86
-59
-118
-175
-300
51
-22
88
63
72
135
257
48
60
-110
-18
-102
-153
-227
-37
-76
34
141
115
102
213
122
149
-149
-112
-121
-110
-115
-127
-164
167
44
-33
143
174
148
37
-109
-69
6
-188
-130
-292
-17
25
52
77
107
178
192
8
-15
-89
-77
-94
-117
-114
-140
-40
104
181
16
73
150
238
-62
0
-232
-59
-8
-215
-200
-13
17
195
89
47
207
129
49
-100
-157
-154
-83
-181
50
-154
2
157
137
101
157
27
131
-19
-109
-226
-164
-52
-121
-42
34
50
269
140
94
115
67
-43
-37
-230
-180
-67
-154
-40
6
70
205
122
152
190
46
36
-149
-164
-231
-181
-204
-105
7
216
59
261
161
239
187
-65
-215
-45
-229
-157
-163
-195
-54
92
166
136
120
226
227
61
-34
-197
-66
-178
-179
-186
-127
76
260
50
157
265
108
207
-136
-140
-56
-150
-160
-187
-249
60
198
93
81
202
86
263
3
-150
-259
-55
-60
-107
-169
-126
131
277
24
7
229
122
164
-130
-138
-100
-24
-137
-68
-186
127
144
23
-58
253
54
92
-48
-114
-152
94
-88
-112
-7
-105
182
126
-141
-49
117
63
110
-122
-113
19
136
-185
62
-183
72
115
3
-84
34
-72
104
-73
-54
7
160
-1
65
-68
-59
51
51
-132
-23
18
-69
94
-6
-72
118
85
-124
100
-29
-54
93
-52
-64
61
-178
67
97
-130
81
98
-41
128
19
-158
57
-46
-66
-13
-45
-133
152
-75
51
156
6
73
106
-49
-70
-73
-44
-174
61
-167
81
181
13
35
81
6
110
-12
-210
-2
9
-7
-98
-81
-105
109
65
32
-25
-9
26
137
-44
-147
-78
95
-11
23
-92
-3
162
63
-33
65
-73
112
8
-115
-57
122
-59
0
-38
-99
87
196
-82
-49
-1
35
177
61
-241
20
108
7
-37
-122
-106
246
-32
-82
37
-50
124
160
-234
29
82
-61
81
-55
-134
77
13
-88
-14
14
34
150
21
-171
69
144
-60
-77
-103
-133
168
-39
-203
48
58
80
187
-174
53
91
-57
26
-76
-139
64
1
-204
62
25
4
123
71
-114
184
-7
-19
-42
-45
-129
157
-108
-79
78
14
-88
137
-122
126
146
-101
42
71
-143
140
-25
-202
109
16
-9
51
-59
3
200
-59
-52
-9
-75
24
96
-155
-138
111
71
4
-24
-75
91
244
-130
41
16
-48
91
-162
-226
78
15
-16
12
-129
128
167
77
-96
16
6
79
76
-230
-103
58
-3
43
-96
-5
85
180
-157
6
51
56
65
-132
-160
112
14
-50
15
-118
139
84
28
-50
-10
91
121
-52
-113
-54
88
-114
43
-169
30
79
196
-71
-4
9
63
-23
-37
-181
1
-20
-56
-1
-89
128
133
71
-5
-32
-40
108
-148
-58
-158
-20
9
95
-12
-22
44
163
6
36
-191
22
-52
0
-219
-56
38
42
115
-81
82
172
75
22
-16
-116
80
-133
-77
-75
-85
34
140
-100
135
46
110
-11
70
-160
78
-44
-16
-177
-106
13
81
24
-17
51
111
47
-1
-35
1
102
-119
-77
-91
-9
14
46
-147
206
-6
164
16
44
-78
194
-69
20
-139
-108
-68
73
-140
-92
55
88
186
48
-41
97
148
1
-114
-105
-112
-17
-103
-150
65
56
127
171
103
37
235
-23
1
-94
-110
-58
-30
-205
-85
5
159
103
143
77
134
138
-80
-109
-97
-53
-174
-133
-108
105
141
78
154
158
206
158
-65
-52
-177
-145
-129
-231
-189
20
12
144
52
100
301
140
120
-40
-91
-101
-93
-234
-266
-85
9
28
123
110
203
274
162
31
-42
-138
-126
-146
-307
-190
-70
32
52
204
158
352
103
103
-6
-137
-33
-251
-334
-137
-126
-97
81
100
214
303
162
32
74
-44
-90
-290
-137
-226
-45
-123
-2
99
189
136
313
78
36
14
-157
-63
-198
-341
-48
-9
-132
120
-22
301
131
106
21
60
-6
-34
-372
-177
-106
-37
-154
-34
72
225
136
260
42
116
76
-35
-247
-233
-208
-149
-63
0
-76
161
375
139
62
53
75
-47
-148
-272
-213
-105
-56
-49
63
146
361
175
173
-4
100
-36
-145
-285
-231
-265
-54
-69
35
67
312
244
259
138
-46
73
-78
-288
-310
-205
-182
-28
-3
88
244
322
203
160
44
12
-47
-271
-282
-150
-256
-108
-56
99
216
295
235
213
193
-2
-158
-100
-287
-253
-157
-154
-38
114
190
259
202
225
204
49
-65
-108
-276
-280
-230
-189
-105
-14
180
228
179
320
214
131
73
-279
-208
-273
-246
-220
-207
43
221
245
318
253
131
262
88
-171
-193
-373
-167
-178
-197
-61
154
166
305
173
229
164
189
-46
-237
-233
-210
-273
-130
-188
-14
224
119
320
218
53
218
62
-167
-172
-233
-176
-182
-149
-93
79
201
198
306
208
70
144
-55
-236
-167
-234
-248
-135
-93
49
197
236
153
260
94
80
-8
-203
-230
-119
-182
-129
-94
-8
172
201
142
214
210
22
21
-99
-152
-112
-301
-128
-176
-67
203
143
199
165
207
159
93
-118
-232
-109
-325
-147
-79
-57
34
283
175
221
177
197
90
2
-252
-184
-179
-304
-71
-174
26
225
188
191
339
28
228
-42
-168
-186
-113
-359
-100
-180
26
63
169
218
326
194
145
-41
-4
-156
-208
-260
-281
-176
10
52
262
181
304
307
98
203
-169
-209
-183
-281
-234
-176
-153
119
110
174
190
409
284
174
-111
-87
-76
-218
-295
-293
-214
34
7
188
103
383
354
110
119
26
-179
-17
-374
-315
-209
-180
47
128
-49
278
366
304
268
-79
-92
12
-293
-360
-316
-309
31
25
45
129
291
340
334
11
20
-128
-5
-273
-389
-326
-83
36
178
-61
308
289
353
161
-86
-66
38
-151
-308
-346
-282
99
59
32
89
186
272
336
-5
-102
-134
-1
-172
-255
-346
-5
59
174
-59
190
215
287
15
-62
-135
89
-298
-118
-243
-217
88
84
-55
186
112
236
176
-57
-70
-111
-72
-87
-225
-168
-5
30
239
-11
81
172
237
-30
-60
-209
-1
-190
-157
-193
-128
200
125
145
112
74
183
133
-196
-98
-231
-102
-16
-258
-138
124
139
298
96
25
216
110
-60
-168
-273
-131
22
-245
-48
51
164
185
247
58
90
87
-27
-172
-280
-166
-105
23
-114
14
89
306
232
48
75
173
-63
-59
-304
-275
-121
-98
-145
18
36
292
194
183
185
20
31
-66
-230
-214
-289
-96
4
-108
127
147
203
255
103
-4
168
3
-131
-244
-160
-156
-93
-98
8
74
304
156
182
107
130
7
-80
-250
-153
-312
-72
-43
-42
85
307
189
191
52
25
68
-11
-207
-325
-74
-85
-63
-112
92
135
306
59
240
100
73
7
-193
-280
-103
-242
-172
-12
-7
189
142
255
290
101
92
2
-151
-103
-297
-195
-125
-79
-36
49
87
309
39
249
156
-29
35
-203
-283
-19
-294
-158
-32
52
171
214
45
329
106
73
-91
-150
-171
-130
-248
-69
-128
120
124
238
150
164
208
87
-36
-73
-238
-202
-109
-268
-150
11
89
155
285
33
430
33
35
-221
-93
-255
-150
-359
-4
-124
139
144
220
213
294
141
120
-161
-168
-248
-252
-195
-362
-25
82
49
254
260
179
449
-8
-54
-182
-260
-272
-190
-460
-31
-19
271
182
322
248
342
49
164
-284
-248
-263
-215
-261
-339
57
200
190
293
339
171
335
-76
-188
-181
-316
-319
-178
-440
64
127
177
310
401
144
383
62
-91
-178
-246
-319
-173
-294
-185
112
119
154
279
272
190
324
-214
-48
-134
-244
-278
-199
-401
154
137
29
320
188
213
357
-44
-246
-28
-201
-299
-189
-265
-62
249
75
197
237
216
178
297
-325
-126
-153
-234
-245
-186
-229
181
160
167
203
203
269
203
-41
-284
-42
-300
-145
-228
-126
-123
300
124
332
74
254
172
262
-243
-237
-261
-131
-169
-184
-193
202
158
241
186
138
90
180
-87
-208
-159
-311
-42
-160
-186
-31
281
132
360
-29
223
98
48
-295
-72
-361
7
-200
-64
-81
272
197
279
150
118
17
119
-187
-145
-283
-209
-135
-72
-158
95
258
193
411
114
182
-8
42
-287
-185
-481
1
-283
30
0
166
154
447
150
155
34
-33
-211
-79
-317
-287
-115
-70
58
143
91
270
377
50
100
-10
-82
-154
-299
-431
28
-65
-5
12
227
210
441
84
65
41
-100
-285
-132
-336
-248
14
32
107
325
18
232
316
-89
44
-61
-319
-106
-129
-318
-26
-53
9
235
189
191
236
-20
114
26
-240
-214
-119
-238
-100
-39
-27
184
286
102
106
264
8
148
-200
-263
-143
-81
-274
-50
-226
121
266
166
118
239
37
151
-136
-215
-248
-135
-103
-129
-59
-19
228
256
214
29
138
49
43
-192
-338
-141
-110
-175
2
-96
142
248
266
104
113
-12
198
-128
-169
-195
-242
3
-152
-193
35
157
247
219
-12
200
214
-34
-57
-265
-177
84
-211
-190
-76
97
171
190
9
124
141
157
-184
-107
-187
-55
-109
-137
-225
153
145
222
128
50
233
82
-66
-181
-139
-266
12
-213
-83
20
166
246
201
54
214
133
12
-161
-174
-317
-60
-181
-107
-22
143
246
256
118
38
211
56
-131
-246
-118
-131
-49
-212
-14
82
249
215
154
10
217
46
-132
-120
-217
-202
-98
-241
-48
-4
132
187
197
146
146
56
76
-161
-176
-250
-132
-47
-107
-67
130
247
171
166
-2
196
51
-160
-165
-127
-156
-16
-169
-106
131
143
241
153
82
144
52
-76
-78
-321
-283
-172
-50
-27
52
159
318
257
151
43
107
-6
-124
-221
-257
-187
-39
-99
-165
261
54
241
232
63
59
138
-31
-113
-353
-129
-139
-27
-102
-21
38
267
160
174
6
29
104
-47
-227
-212
-122
12
-58
-128
64
57
172
106
91
39
61
-1
-83
-156
-190
-141
-49
17
-74
62
158
125
311
9
-77
102
24
-204
-63
-162
7
126
-133
23
70
249
-8
45
-111
173
7
0
-110
-30
-120
-40
-60
-106
-15
166
-4
249
-21
14
95
13
-165
-21
-264
2
-1
-96
-29
127
96
87
79
-88
30
70
24
-145
-2
-127
15
-45
-152
-29
10
8
63
20
-1
182
36
-46
45
-124
-51
29
-38
-159
31
-33
-14
78
-17
33
147
114
-73
-18
-57
69
-37
-162
29
-61
28
-43
-26
89
184
6
64
38
-31
-38
47
-146
12
-89
11
-76
1
48
70
48
72
-49
164
11
-32
-56
-63
2
-41
-95
-32
-3
116
43
-24
65
-1
132
-7
16
-180
-31
-79
11
-120
-58
89
48
82
88
-91
212
50
-56
14
-110
-62
40
-97
-125
-26
14
92
81
81
-22
196
153
38
-109
-35
-132
25
-153
-78
-90
70
36
187
-29
172
78
95
10
14
-185
68
-130
-19
-148
-58
13
73
79
35
15
215
27
-28
68
-103
20
-87
-101
-127
-43
-58
125
-18
135
17
183
47
42
-6
-16
-128
42
-155
-135
-30
-19
25
26
66
95
152
10
-13
-73
28
33
-173
-155
14
46
74
27
1
78
177
53
-168
-2
-128
38
-40
-191
-79
139
16
129
-8
7
105
97
-19
-40
-94
21
102
-110
-261
10
-9
85
60
-154
90
153
117
-46
-91
-145
108
58
-161
-61
37
30
141
63
-191
76
68
-80
-36
-110
-39
90
-99
-59
84
49
-15
101
-112
58
116
-32
-177
104
-183
82
-54
-44
23
181
-60
274
-62
-104
120
52
-129
-26
-189
-27
92
-88
7
-11
112
72
163
-164
88
33
-54
-160
-14
-185
118
-61
22
9
95
16
223
-83
21
96
-71
-81
-38
-162
-46
163
-76
73
-16
11
119
25
-209
164
-60
-17
-65
-60
-10
146
-150
9
-3
71
70
58
-86
84
20
-74
-181
-35
-117
-10
151
-187
269
169
58
179
-70
-131
168
-241
-138
-168
-22
38
180
-239
143
155
245
21
-4
-168
120
-133
-186
-103
-79
61
177
65
20
300
110
15
60
-146
-242
65
-349
5
-111
-21
176
262
-158
187
65
63
68
-191
-288
78
-106
-213
7
-104
159
256
-26
103
264
71
-41
-129
-127
-158
85
-307
27
-51
30
202
193
-130
279
-26
133
-45
-228
-237
90
-190
-66
-169
55
134
178
38
59
283
150
-46
-100
-176
-96
-42
-267
-135
74
39
149
206
10
268
-8
110
-26
-204
-265
-23
-215
-18
20
9
117
243
133
162
73
-40
-22
-121
-279
-176
-73
-120
34
130
38
225
231
134
3
-92
-100
-99
-143
-252
-160
-136
96
181
44
129
322
65
140
-52
-73
-114
-142
-256
-81
-134
-4
53
124
60
203
179
176
56
-79
-156
-186
-84
-107
-245
-201
124
60
153
117
201
236
187
-2
-51
-121
-197
-178
-137
-161
-73
125
17
239
174
151
159
180
-210
-24
-228
-127
-168
-188
-141
194
-13
225
114
133
181
214
-159
-138
-133
-250
-247
-163
-139
6
185
6
347
243
54
153
36
-223
106
-449
-161
-134
-108
-128
193
-72
398
167
153
70
165
-66
-61
-205
-329
-183
-131
-99
36
134
192
354
249
105
57
23
-216
-13
-450
-180
-21
-46
-87
231
-84
444
138
59
-15
80
-178
-8
-256
-261
-75
-8
-8
47
127
156
278
102
-8
7
57
-167
-163
-264
-223
47
51
-101
256
-27
419
201
5
-63
18
-234
-47
-309
-194
-190
83
35
128
92
187
307
188
-42
-10
-22
-83
-245
-238
-231
24
29
-43
170
160
243
314
35
64
-66
-72
-163
-238
-215
-126
-79
181
81
91
199
271
225
107
-224
-82
-88
-193
-234
-191
-52
124
105
143
317
95
272
61
-20
-181
-234
-59
-229
-170
-134
-78
272
156
48
253
106
211
40
-196
-148
-42
-202
-182
-278
16
146
127
-45
262
141
316
114
-52
-106
-176
-42
-164
-321
-202
-44
180
115
17
271
209
243
41
-77
-222
2
-230
-222
-227
1
57
177
58
137
225
314
45
-82
-169
-31
-224
-224
-317
-74
2
254
101
70
301
241
108
-4
-237
-184
-3
-298
-288
-140
-26
108
217
133
150
281
282
-4
-52
-296
-44
-141
-373
-194
-180
14
323
182
128
338
260
110
-2
-274
-202
-153
-288
-300
-151
-41
143
293
145
170
306
202
15
-93
-275
-210
-74
-335
-196
-151
36
324
211
151
251
235
83
23
-386
-165
-230
-141
-314
-64
7
234
274
251
68
317
100
69
-231
-266
-376
-70
-262
-134
-14
117
277
325
224
265
138
134
-56
-425
-264
-275
-137
-182
-177
8
399
289
322
46
188
131
106
-290
-322
-431
91
-212
-140
-118
242
334
388
42
200
97
147
-118
-321
-460
-171
-128
-77
-94
45
334
361
362
61
94
93
-115
-305
-422
-374
-12
-114
-33
51
263
412
448
-70
143
9
-106
-170
-337
-347
-70
-47
-74
85
171
348
342
160
-4
39
28
-186
-214
-410
-204
-31
-44
-6
193
147
368
288
-41
73
8
-201
-67
-416
-312
-6
-39
31
121
98
447
337
15
110
-37
-93
-188
-201
-358
-122
-57
-4
57
278
114
413
145
3
98
-165
-250
-62
-378
-234
9
-17
109
230
144
318
115
66
0
19
-243
-130
-300
-125
-102
9
-91
243
157
86
254
137
25
58
-215
-213
-88
-320
-86
-43
25
113
224
47
341
22
90
-123
-28
-264
29
-371
15
-129
93
-34
177
34
263
164
28
53
-87
-157
-59
-125
-301
-83
-66
96
117
206
5
376
97
118
-123
-148
-183
-33
-366
-33
-137
87
158
185
98
343
80
65
0
-103
-202
-132
-294
-196
-34
-119
149
173
93
236
238
44
51
-191
-131
-159
-185
-245
-17
12
124
52
290
107
294
22
-19
-114
60
-185
-166
-286
-180
105
-45
-4
158
70
341
208
-31
32
-86
-90
-111
-337
-237
4
55
60
75
256
209
258
40
-111
-30
52
-225
-168
-318
-143
192
19
-61
132
220
355
146
-86
-64
58
-79
-151
-404
-182
85
74
3
58
162
369
158
-23
-189
-11
9
-234
-226
-281
-52
175
62
-60
141
168
334
58
-120
-171
49
6
-214
-292
-109
54
82
2
-23
199
312
184
-36
-107
-41
4
-205
-238
-173
0
131
143
-33
221
108
273
87
-175
-97
-56
-90
-222
-258
-82
47
25
30
97
269
245
123
-33
-47
-17
-212
-213
-278
-137
24
102
142
152
248
186
128
-3
-190
-134
-183
-165
-162
-218
-52
99
178
237
111
188
219
93
-14
-197
-230
-178
-250
-264
-189
2
206
218
272
227
162
139
-44
-132
-237
-316
-215
-54
-243
18
96
150
420
228
168
96
93
-35
-64
-274
-221
-363
-188
-51
-8
214
176
335
372
174
158
4
-191
-184
-341
-402
-115
-247
-14
241
151
329
286
218
241
-10
-156
-147
-296
-231
-337
-229
-32
93
210
206
243
408
201
146
-67
-261
-175
-263
-383
-156
-166
-80
330
160
324
356
104
329
-29
-149
-217
-385
-210
-196
-262
-53
143
228
352
175
286
320
98
-151
-303
-192
-238
-328
-190
-199
160
363
38
291
347
102
254
-83
-242
-126
-281
-339
-74
-294
146
209
197
336
190
127
383
-57
-187
-274
-145
-253
-205
-311
-77
207
277
150
223
235
213
154
-111
-337
-153
-208
-359
-76
-248
80
245
251
299
233
73
235
10
-207
-235
-279
-258
-155
-280
19
203
221
209
207
256
144
49
-95
-343
-101
-240
-329
-119
-28
65
234
64
267
306
68
155
11
-147
-199
-314
-256
-73
-250
28
172
246
232
224
139
163
-3
-65
-317
-151
-246
-223
-181
-3
80
229
73
256
369
70
36
-18
-61
-166
-266
-342
-13
-153
24
14
200
333
259
49
116
39
-82
-190
-262
-246
-100
-123
-64
40
210
192
267
251
123
-4
-22
-65
-287
-290
-255
-57
6
-1
13
366
326
268
40
-16
67
-166
-186
-348
-205
-157
-58
24
139
222
248
258
173
95
-20
-171
-73
-249
-295
-207
-13
35
114
42
252
232
320
-3
4
-91
-90
-184
-411
-211
-46
-5
91
173
169
381
174
74
79
-104
-222
-171
-318
-172
-203
-11
85
226
164
260
240
215
25
-73
-216
-104
-220
-329
-179
-97
155
159
203
71
421
82
107
-15
-136
-356
-164
-344
-137
-65
-21
176
293
166
236
249
76
135
-249
-169
-160
-195
-179
-47
-145
73
150
135
106
267
20
184
-58
-141
-146
-126
-145
-106
4
-167
225
178
141
4
53
34
111
-168
-179
-98
-27
-57
6
-76
97
171
55
139
54
-8
33
32
-222
-58
-70
-109
68
38
-112
235
76
156
-27
37
-86
139
-152
-133
-96
43
-23
127
-185
176
122
128
-34
-22
-63
88
-35
-122
-141
14
36
88
-29
7
37
193
42
-210
46
-37
119
-179
-43
-120
172
59
40
-93
64
82
114
-125
-101
-80
98
-70
29
-29
-15
210
-20
-34
-59
-86
129
68
-254
29
6
83
18
-161
-131
254
-7
-24
-116
47
115
159
-209
-83
8
66
-17
-79
-249
140
110
27
-77
-88
49
171
-28
-220
114
36
64
66
-203
-27
334
-112
-95
-78
6
75
119
-358
22
185
-48
53
-69
-193
224
52
-82
15
-78
34
164
-106
-154
105
48
0
34
-155
-83
211
-81
-108
59
-106
104
130
-185
22
68
17
-31
-5
-84
78
62
-77
24
-22
-18
45
-23
-56
-32
37
20
74
-72
14
74
-49
-3
4
-46
63
84
-61
49
-83
76
-128
35
-101
103
-31
34
102
123
-36
25
13
-42
-147
-79
-120
-33
23
18
88
158
88
35
65
-37
19
9
-66
-103
4
-105
117
-136
37
-59
102
16
274
-71
17
173
32
-119
-95
-163
-60
-20
-132
-141
168
19
152
31
20
59
168
-172
-95
25
-36
13
-42
-111
27
173
-95
63
25
26
83
-28
-155
81
-97
-13
-21
-51
-52
165
-77
90
-1
92
-22
105
-170
-27
-43
-5
-105
-18
-137
87
77
65
-12
76
37
6
4
-54
41
-31
-93
45
-157
45
165
-33
-25
81
5
40
37
-256
65
47
43
-5
-6
-89
137
5
-48
-17
45
-10
53
33
-64
39
115
-16
16
-52
-100
30
-42
-123
20
-22
64
81
-103
85
77
-32
-19
27
-57
107
-96
-45
-70
-41
-53
109
-105
-39
72
88
94
-15
61
-5
80
-32
-98
-81
-42
6
-36
-33
-26
140
-39
43
20
-6
95
29
-69
29
-109
56
-48
-95
-40
87
36
94
7
95
77
133
-138
-24
-14
-76
-41
13
-111
55
93
29
61
81
-7
118
-44
-161
33
10
-50
-7
-24
18
126
-40
13
8
-113
27
66
-195
-49
40
30
70
28
-80
186
-22
-25
-36
-68
-21
20
-86
-104
-20
158
-10
119
28
-47
168
-14
-65
-82
-139
-4
57
-147
6
83
98
72
-31
-34
237
-65
-84
-80
-85
43
-54
-115
27
37
214
103
48
39
22
103
-89
-297
-153
-39
-73
-95
-117
112
283
212
105
51
191
104
-152
-231
-290
-287
-148
-137
-206
123
250
279
334
106
178
358
-98
-245
-345
-281
-276
-136
-281
15
198
230
327
272
154
293
-59
-107
-193
-377
-261
-192
-193
-81
72
160
355
330
123
299
220
-99
-191
-254
-326
-164
-226
-308
9
231
136
382
232
259
318
33
-122
-232
-446
-226
-197
-399
-101
151
140
394
257
323
328
117
-119
-218
-299
-345
-190
-368
-211
136
241
248
423
230
212
324
-16
-229
-136
-448
-273
-190
-545
37
136
255
374
218
222
394
150
-83
-153
-330
-245
-251
-373
-148
26
118
295
352
238
268
250
36
-227
-48
-355
-225
-174
-355
33
91
95
372
170
126
305
93
-79
-101
-312
-196
-199
-317
-71
105
14
296
239
233
246
94
-7
-93
-274
-249
-285
-203
-66
-80
172
112
297
256
217
117
101
-180
-145
-234
-212
-194
-162
-74
181
102
250
174
194
149
-36
-103
-34
-266
-172
-189
-60
12
-27
128
236
191
147
68
25
-30
-143
-197
-263
-79
-136
5
12
166
83
176
203
158
112
-57
-108
-84
-154
-156
-241
-34
53
84
48
222
217
281
84
-84
-153
-97
-262
-201
-159
-132
87
81
243
200
65
128
111
-83
-56
-151
-138
-142
-158
-173
104
-26
106
182
232
161
163
14
-52
-101
-131
-318
-119
-221
-78
139
86
123
356
204
113
156
-91
-89
-99
-267
-200
-162
-118
82
-1
135
236
279
170
159
-87
18
-186
-210
-255
-179
-235
-57
-40
220
213
211
308
163
121
36
-130
-261
-268
-245
-210
-152
-18
118
188
239
265
256
269
-38
-27
-115
-274
-164
-305
-214
57
-108
171
195
248
229
206
-26
30
-131
-247
-209
-311
-169
-59
14
79
187
281
207
166
61
48
1
-170
-306
-158
-293
-128
-63
55
168
246
296
236
246
35
102
-264
-263
-202
-345
-215
-89
-29
143
343
150
205
308
115
18
-139
-329
-157
-150
-255
-101
-63
145
208
268
207
207
95
-52
-50
-190
-266
-160
-214
-166
17
38
41
371
80
242
234
123
-162
-123
-266
-169
-199
-276
-122
127
94
256
303
163
162
50
3
-125
-223
-276
-164
-112
-190
48
51
212
398
88
133
202
-1
-115
-89
-343
-238
-87
-264
-57
88
107
397
348
87
181
75
-11
-138
-298
-376
-105
-31
-173
19
151
366
349
116
26
225
-5
-251
-236
-417
-183
-10
-154
-93
204
221
409
251
75
91
85
-202
-190
-366
-317
-84
-47
-4
129
216
299
306
111
12
48
52
-266
-220
-382
-148
-49
-94
-98
268
212
324
238
34
47
78
-242
-159
-424
-253
-143
-68
23
160
244
251
362
132
16
-22
-112
-310
-218
-369
-214
-9
10
130
324
202
404
264
-57
83
-185
-291
-310
-400
-245
-4
-10
131
196
326
323
252
20
68
-122
-308
-341
-277
-297
-167
12
102
251
324
110
488
145
6
-10
-251
-330
-214
-371
-220
-60
44
113
339
239
354
198
145
10
-86
-346
-315
-136
-310
-117
-79
46
361
316
-19
410
166
92
-17
-316
-330
-13
-393
-143
-174
-54
246
338
124
439
159
147
55
-139
-383
-296
-199
-250
-56
-147
119
355
337
80
323
103
133
-100
-381
-288
44
-466
-113
-53
-103
354
238
66
420
130
61
33
-123
-259
-233
-327
-172
-10
-121
24
290
321
100
292
-48
154
5
-240
-336
-10
-304
20
-118
-19
278
270
120
258
60
117
-35
-155
-206
-174
-215
-83
-31
20
84
300
278
153
51
-3
4
-114
-220
-351
-132
-97
67
-112
116
212
307
124
111
-72
3
-88
-245
-252
-116
-157
34
83
69
200
257
264
167
-19
-74
-4
-302
-228
-314
-235
-4
72
-59
284
268
365
252
-29
-111
-34
-212
-319
-266
-299
-68
-29
99
169
244
291
325
183
72
-169
-90
-208
-231
-250
-368
5
112
65
311
212
302
430
72
-140
-98
-231
-257
-225
-380
-152
66
102
293
279
228
282
233
-49
-73
-220
-325
-227
-233
-336
13
28
108
368
192
227
381
50
-120
-17
-324
-214
-293
-300
-218
133
41
208
305
199
212
241
-109
-5
-166
-252
-148
-298
-224
40
31
76
379
166
297
275
73
-99
22
-288
-237
-293
-199
-238
154
22
175
327
203
204
309
-112
6
-274
-259
-47
-206
-268
52
-72
230
290
60
320
199
32
-64
-94
-287
-150
-187
-177
-138
191
44
242
158
98
136
153
-264
63
-289
-308
-65
-140
-69
231
-159
348
260
102
194
3
-97
-82
-165
-357
-87
-160
-44
69
248
112
244
186
136
92
46
-291
-27
-140
-224
-71
-309
58
251
-49
347
247
74
238
-52
-121
-102
-219
-205
-139
-172
-45
137
245
243
197
243
82
95
-85
-264
-146
-272
-215
-32
-202
84
137
59
330
235
38
173
-16
-182
-53
-309
-185
-191
-155
-9
193
208
199
274
247
73
71
-155
-376
-103
-364
-237
-102
-2
128
420
80
298
188
99
156
-173
-360
-124
-271
-195
-108
-184
58
262
295
174
236
157
157
119
-251
-322
-154
-231
-201
-48
-87
61
423
126
253
110
46
150
-94
-358
-163
-300
-149
-130
-64
36
287
301
230
168
222
8
27
-305
-308
-224
-220
-225
31
-72
149
430
89
294
217
-23
-7
-9
-397
-106
-361
-187
-122
55
-43
298
218
323
161
82
-19
16
-242
-280
-197
-151
-188
47
-95
238
383
109
173
243
-38
57
-181
-406
-125
-237
-234
38
-18
87
303
159
303
198
-112
-18
46
-269
-230
-293
-56
-116
92
-96
257
113
309
133
225
-137
134
-155
-162
-204
-186
-267
146
-60
174
159
193
218
184
55
-149
46
-160
-235
-304
-132
-65
57
-42
156
262
200
173
135
-92
106
-113
-182
-190
-171
-138
91
-82
110
103
182
131
209
14
-11
-169
-115
-162
-177
-166
22
-30
61
174
270
164
48
41
76
-62
-255
-161
-220
-112
-16
-79
-13
254
147
266
50
91
54
67
-294
-97
-327
-48
-160
23
-3
209
120
237
93
21
-3
108
-94
-187
-210
-22
-82
-37
-99
-24
275
104
193
53
-36
135
-13
-163
6
-317
130
-125
-84
31
172
47
157
-79
110
-42
-38
23
-129
-175
59
-32
-50
28
-73
244
28
40
32
11
1
15
-193
-4
-144
94
19
-57
16
155
58
138
-121
73
14
-36
-85
-89
-148
-20
60
9
40
-9
93
76
-27
27
-2
-2
25
-131
-23
37
28
7
-12
-51
132
-114
119
-99
-76
31
79
-179
128
-80
93
5
1
81
-23
-123
64
-38
-31
80
-26
52
-10
-17
132
13
-85
18
-128
104
-125
19
-54
-23
27
122
-87
57
38
73
45
6
-88
69
-84
-69
50
-156
13
47
16
56
-33
57
26
-42
-17
-15
51
26
22
-51
-29
-22
117
-90
-33
-154
60
87
-8
-218
208
27
20
103
-174
47
122
-106
10
-44
-103
97
-132
-141
28
38
27
79
59
27
36
102
-163
93
-178
-104
63
-131
-38
242
-50
108
126
-139
200
131
-176
-13
-36
-223
173
-143
-190
82
109
64
169
-36
80
146
27
-120
-27
-145
-124
31
-106
-82
178
37
193
80
-56
96
132
-136
-69
-131
-124
79
-90
-208
114
90
196
74
27
9
246
-32
-142
-88
-80
-132
-14
-193
-64
153
32
114
117
76
102
54
-77
-11
-155
-52
-17
-176
-135
100
8
81
81
70
83
158
-67
-78
-9
-63
24
-3
-322
121
151
3
14
37
44
186
-38
-128
-9
-33
88
-31
-48
-74
40
129
-2
-60
-79
65
104
-112
-115
-24
54
211
-54
-199
154
106
-55
-33
-151
-92
224
-149
-172
-3
96
162
-19
-24
21
121
-39
46
-187
-181
87
36
-173
10
30
129
151
-61
-56
216
39
-145
-141
-156
-44
107
-243
-37
151
107
141
122
-121
151
166
-189
-65
-216
-182
91
-109
-172
70
64
193
276
-11
65
131
66
-136
-157
-189
-9
-47
-205
-178
187
120
121
133
79
132
164
-9
-200
-175
-95
-70
-54
-191
-70
171
188
188
-42
156
133
29
-177
-130
-136
-67
-110
-79
-138
229
155
27
47
112
40
86
-116
-249
-30
-96
-73
-5
-147
68
252
60
109
-24
121
87
-78
-240
-120
32
-52
-222
50
45
203
96
-24
46
144
-14
39
-126
-169
68
-42
-117
105
-76
-9
158
-79
-13
163
-113
81
114
-137
-43
104
-79
12
-1
-49
85
-43
-142
42
74
-51
91
33
27
175
15
-60
132
-150
-80
-87
-122
-100
26
-225
172
91
109
86
172
74
173
-102
-67
-96
-74
-211
-63
-100
-25
22
108
214
57
52
15
98
-12
-138
-280
-42
22
-68
-88
75
98
276
74
142
142
92
10
-140
-324
-98
-173
5
-112
61
76
306
242
144
61
84
71
-40
-316
-301
-188
-51
-90
-89
110
303
370
133
113
28
178
-112
-230
-377
-176
-219
-51
-91
44
79
450
122
300
-47
124
-24
-50
-396
-178
-268
-29
-22
-46
65
250
235
224
85
9
93
-61
-277
-173
-112
-149
12
-39
-98
199
269
101
201
-90
14
56
-99
-314
-87
-162
60
75
-22
146
203
63
160
-1
-74
-14
-145
-223
-90
-111
-103
126
-28
108
269
156
124
158
-81
-80
-3
-211
-249
-76
-194
110
34
19
177
295
19
167
-1
-85
-63
-190
-258
-28
-167
-142
79
104
151
251
160
81
150
-100
-155
-69
-137
-164
-101
-160
128
124
51
138
210
109
107
-49
-45
-172
-120
-199
-56
-140
-12
145
116
141
222
128
72
82
-139
-47
-102
-199
-60
-144
-56
87
133
16
277
102
169
19
-49
-113
-148
-222
-102
-207
-25
26
168
148
129
281
127
76
-46
-167
-137
-171
-264
-121
-31
-69
72
256
91
308
34
147
17
-6
-254
-113
-191
-109
-235
56
73
134
170
66
159
202
37
-98
-79
-182
-183
-205
-219
-30
24
60
230
172
194
102
143
40
-125
-289
-89
-266
-76
-221
-5
174
106
140
189
113
217
19
-130
-103
-167
-202
-120
-175
-58
-13
126
189
292
76
144
59
100
-153
-244
-199
-275
-66
-102
-40
122
242
264
233
131
140
44
-176
-184
-271
-293
-84
-209
36
47
113
346
307
104
192
76
-35
-102
-290
-296
-214
-273
-76
-12
85
258
239
296
132
162
40
-181
-125
-320
-300
-167
-233
26
119
34
330
367
80
330
-44
-58
-34
-333
-317
-158
-352
-75
42
191
187
317
225
316
57
-18
-175
-121
-268
-275
-224
-106
55
147
10
163
390
82
232
-96
-74
3
-163
-299
-55
-208
-3
99
137
109
280
110
243
40
-95
-173
-85
-148
-291
-192
-17
26
193
-8
135
350
144
128
-4
-185
30
-90
-344
-110
-206
26
202
-10
105
138
141
213
50
-144
-117
-12
-154
-283
-185
32
98
171
-149
96
350
160
-14
-162
-196
157
-116
-328
-87
-136
110
389
-113
148
225
115
168
-147
-245
-35
-74
-180
-240
-112
42
184
214
36
61
314
171
-67
-84
-290
-27
-114
-144
-160
-15
5
363
-11
134
215
105
78
-58
-333
-81
-133
-115
-221
-52
95
241
148
180
76
327
31
-145
-167
-263
-214
-187
-197
-205
114
157
220
228
155
215
166
-2
-130
-294
-152
-259
-179
-199
-88
178
299
156
191
120
299
125
-174
-310
-220
-277
-187
-127
-178
73
262
224
337
178
145
176
-68
-235
-258
-294
-212
-202
-111
2
170
261
268
263
147
181
99
-109
-270
-238
-362
-119
-96
-110
41
162
163
355
252
113
152
-16
-179
-145
-413
-155
-146
-92
6
202
236
323
258
112
92
54
-174
-263
-248
-290
-93
-133
-138
213
306
164
317
166
91
166
-45
-306
-88
-316
-258
-137
-100
-26
240
98
223
384
81
-12
162
-142
-227
-234
-282
-167
26
-222
66
305
267
317
116
-33
137
14
-284
-239
-186
-196
-56
-139
-25
210
189
250
307
55
63
89
-96
-212
-188
-331
-73
-64
-30
-47
236
234
251
204
-36
33
-1
-249
-250
-116
-201
51
-1
-38
197
231
158
192
-93
81
-72
-134
-221
-139
-282
-11
-72
150
88
235
156
157
150
5
-73
-134
-201
-165
-83
-238
17
105
184
148
207
-45
208
-54
-19
-193
-220
-214
-110
-144
-38
-64
258
103
281
155
112
121
45
-188
-181
-210
-291
-34
-182
-1
191
220
150
344
22
140
39
-156
-213
-148
-217
-103
-147
41
37
282
42
172
211
168
92
-64
-307
-173
-108
-277
-70
-204
16
397
266
121
239
106
158
-46
-334
-411
-114
-209
-107
-103
13
220
367
185
155
168
162
-59
-46
-362
-309
-129
-226
-132
-75
-9
239
440
171
252
106
243
40
-250
-388
-176
-297
-140
-158
-24
115
354
203
319
217
112
21
-75
-279
-192
-261
-323
-106
-8
141
105
342
152
445
30
119
-19
-247
-228
-184
-319
-100
-185
40
183
289
210
236
198
72
41
-267
-193
-209
-192
-291
-66
-21
124
164
311
152
357
35
57
-28
-163
-264
-264
-316
-97
-33
-42
287
240
277
351
71
107
-16
-264
-175
-340
-338
-124
1
101
173
150
321
349
112
36
-42
-44
-108
-311
-277
-191
63
10
-67
216
192
241
250
-28
60
35
-197
-303
-171
-246
57
-69
-1
260
191
213
230
-30
29
7
-239
-173
-283
-214
-34
62
1
120
182
268
313
69
-70
-44
-73
-270
-274
-193
-154
98
27
31
239
265
265
105
-29
-83
-36
-366
-150
-228
-160
68
-13
169
333
182
243
128
7
-10
-189
-195
-266
-240
-152
-90
62
209
163
307
327
193
100
-4
-136
-199
-268
-350
-217
-138
162
-43
205
277
253
250
43
-140
83
-249
-210
-163
-263
-103
73
-20
132
145
223
272
12
-5
38
-121
-116
-166
-332
-104
-41
-21
-23
135
190
262
152
46
-35
88
-282
-148
-185
-198
45
-28
-97
182
203
140
249
46
32
34
-160
-224
-198
-220
-25
23
-54
72
219
238
184
77
-2
-81
11
-277
-226
-210
-202
114
-3
-32
320
118
220
220
12
-49
-24
-153
-232
-210
-343
-30
22
36
34
260
183
329
36
-39
-104
-83
-166
-215
-302
-103
13
61
54
307
132
289
185
-61
-124
-13
-319
-141
-217
-255
-37
108
175
148
231
247
391
0
-132
-142
-190
-299
-253
-393
-110
-11
233
149
301
357
275
165
-50
-143
-163
-351
-308
-229
-276
-33
163
206
292
273
319
376
86
-134
-228
-208
-318
-345
-334
-137
50
291
300
334
340
295
189
-60
-249
-305
-268
-331
-137
-359
127
205
205
363
253
245
311
16
-113
-250
-335
-209
-322
-313
-80
131
180
373
324
250
333
198
-155
-237
-200
-346
-321
-189
-221
152
271
220
330
257
213
173
-12
-164
-272
-320
-145
-241
-213
-135
170
301
314
149
265
158
140
-208
-259
-238
-211
-236
-136
-118
116
317
160
278
210
70
158
-57
-247
-91
-270
-81
-76
-61
-38
178
179
211
18
169
30
76
-174
-208
-157
-93
-74
-57
-74
198
251
18
151
10
-17
63
-116
-251
53
-174
-129
-4
-4
136
95
8
94
44
-13
-6
64
-194
-68
44
-69
-31
0
-99
172
135
-97
81
56
-107
109
-90
-142
151
-55
-71
90
-8
16
143
-89
-31
71
-177
-45
137
-231
62
90
-90
137
133
-125
160
49
-119
71
-102
-182
45
-51
-100
126
0
79
183
-5
-57
188
-134
-108
64
-175
62
38
-186
118
56
-127
241
-140
-130
229
6
-66
55
-181
45
112
-114
-144
50
29
43
135
-207
104
56
-41
-53
103
-179
207
29
-132
87
40
-128
216
-224
-75
151
11
-45
128
-114
157
138
-68
-163
53
67
-10
13
-268
135
131
-1
-6
52
-144
231
-6
-148
-15
50
-155
175
-250
38
61
61
3
134
-157
242
-82
50
-125
-80
28
-92
-50
-74
-7
182
40
36
22
9
244
-57
-101
-72
-50
-83
162
-350
-39
35
-1
158
29
-83
325
58
22
51
-150
-25
-132
-122
-114
-42
24
108
-32
185
6
139
2
-3
42
-61
-41
39
-120
8
21
-131
140
-2
-72
181
-58
-30
182
-205
15
46
-121
34
-11
-170
154
-115
164
12
42
-103
66
11
5
-30
-92
-112
42
58
-62
75
28
-37
118
-72
-61
175
-206
26
-26
-56
106
69
-244
70
-40
-5
89
33
-77
119
27
-9
-51
-43
-56
8
-54
-29
28
50
3
61
8
12
48
-103
72
9
-80
-24
96
-119
77
-33
-101
69
-6
-68
132
-1
4
31
-62
78
157
-92
-82
35
53
15
-56
-95
48
-37
63
-21
23
52
-4
39
-92
14
-2
16
28
-54
-92
55
-17
-46
92
-113
6
88
9
-89
79
-18
98
31
49
-9
65
-51
-53
-95
-78
6
2
4
-5
-8
137
124
-4
0
-54
-7
52
-53
-89
-2
-6
121
-26
-50
18
102
18
-80
-31
-1
-51
11
-84
-67
49
8
124
73
-133
40
39
-29
-32
-158
-111
94
66
-59
74
55
181
93
-128
-56
90
-1
-177
8
-155
86
130
-85
14
118
42
71
-4
-126
49
5
-81
-12
-149
10
100
73
-127
55
29
105
-11
-173
-133
110
19
-22
-82
-62
52
96
-20
-61
74
9
122
-40
-80
-77
165
-80
-40
-73
-46
148
67
-119
-18
-37
112
20
-44
-154
163
-49
5
-33
-60
27
55
4
-47
-16
-26
97
98
-70
-148
59
109
-37
-22
-140
11
188
-38
-113
-87
-9
177
15
-234
93
81
48
153
-180
8
229
14
-77
-75
-107
133
48
-77
-42
41
233
74
-97
-46
-64
20
-36
-166
-14
-51
160
10
-83
36
115
33
9
-132
-30
108
-136
-48
-5
-57
145
-72
-11
-5
96
24
69
-167
-2
-48
-20
39
-144
-4
29
141
41
-22
57
11
34
-55
-205
98
81
-104
-39
3
-23
205
-68
-26
50
33
103
39
-238
96
2
-7
102
-81
-23
158
-65
38
27
-52
9
-34
-61
-120
145
2
-13
157
4
51
94
-140
45
-35
-152
-2
-113
-149
268
-65
-31
138
104
-13
211
-209
58
91
-108
-157
-2
-64
88
65
-88
-80
161
-28
107
-43
-152
74
108
-185
-16
-144
35
211
-6
-192
146
31
101
-14
-155
59
112
-61
-72
-39
18
84
-56
-33
-5
61
67
7
68
-9
26
140
-133
15
-87
101
-4
-92
-143
172
-11
144
-50
-167
150
83
-42
48
-138
51
184
-203
-40
-107
61
74
30
-166
107
102
121
-164
-67
-116
176
7
-146
-172
119
26
72
-79
-87
96
138
-54
-13
-56
94
146
-138
-58
-84
-15
59
-42
-122
121
64
100
20
-12
-22
125
-69
-74
-78
-29
19
18
-114
61
-5
95
7
37
31
62
38
-121
-52
19
-134
62
-24
-99
139
35
20
161
-50
46
76
-213
7
-14
-60
18
53
-122
136
0
-40
75
-10
25
7
-54
-76
123
-51
-53
-147
112
-120
162
-31
-29
80
32
-60
5
-136
162
-55
1
-103
62
12
147
-12
-48
115
-7
-2
-92
-146
-74
143
-69
-17
-60
73
13
245
-216
-21
16
156
-117
-48
-157
173
158
-59
-88
15
89
154
-118
-92
50
16
44
-143
-49
-33
128
-56
64
-73
126
74
178
-190
27
-93
179
-52
-147
-154
108
101
-17
-42
6
90
226
-102
-63
-12
36
75
-78
-176
-81
75
-94
81
-163
146
216
85
-60
52
-79
100
-28
-196
-117
102
-55
19
-78
-132
200
139
-149
-68
131
91
96
1
-175
34
93
-139
-82
-151
109
63
-35
-148
132
50
120
-10
-55
-33
128
-9
-18
-199
-130
76
-40
-115
-85
153
107
131
-16
27
32
76
-78
-127
-98
58
-121
-25
-85
74
67
171
3
-26
39
77
-48
-20
-198
-84
22
-102
-43
-9
28
60
238
-61
93
27
40
-77
-111
-163
-96
-102
-104
62
-31
83
147
47
-1
175
7
-104
-48
-138
-125
44
-198
-122
75
34
89
87
7
189
160
130
-159
-10
-155
-118
-141
-176
-115
10
129
55
115
105
279
50
28
27
-107
-157
-19
-221
-185
-5
18
112
76
93
190
162
41
-71
9
-142
-170
-68
-66
-194
5
99
6
152
-1
205
71
43
-19
-25
-69
97
-196
-144
-54
-19
-20
144
-81
197
145
37
64
15
-72
17
-32
-140
-186
-16
-36
32
124
-25
196
243
25
-55
35
-103
73
-282
-150
-32
-37
3
83
-56
270
108
173
28
25
-17
-21
-150
-171
-251
-15
-15
-57
180
96
101
311
18
-31
160
-200
-57
-226
-248
-125
-8
-59
150
42
172
260
167
23
89
-127
-109
-222
-168
-128
-75
1
23
219
92
137
204
158
-21
6
-204
-107
-90
-303
-141
-36
-89
200
72
100
297
145
221
33
-169
-122
-229
-221
-187
-135
-118
166
259
175
171
276
193
54
-125
-335
-289
-18
-307
-53
-151
42
296
373
161
262
31
176
-57
-308
-308
-133
-238
-39
-210
-60
189
340
230
162
145
148
72
-133
-318
-306
-89
-150
-165
-138
132
336
377
79
115
115
116
-102
-318
-285
-151
-129
16
-226
97
226
301
261
114
101
157
24
-318
-299
-264
-94
-80
-149
-10
327
219
302
122
4
148
99
-201
-249
-318
-216
10
-82
-186
67
228
249
353
-19
53
223
62
-238
-386
-288
19
-126
-103
-14
298
244
254
154
107
48
76
-141
-177
-283
-210
-22
-127
-114
85
177
250
327
-112
77
193
-94
-152
-186
-404
59
-129
-158
-9
230
170
253
25
136
111
41
-251
-108
-204
-136
-9
-182
-32
207
107
269
238
-111
182
36
-155
-165
-128
-403
117
-84
-147
123
184
173
326
15
97
77
25
-210
-228
-279
-63
-84
-58
-33
212
193
336
111
17
32
70
-162
-127
-290
-270
76
-34
-53
159
78
298
325
-40
15
-58
-90
-64
-269
-250
-55
-72
132
28
166
243
254
53
-4
-139
-75
-210
-159
-255
-147
-42
108
155
106
170
239
174
17
-60
-109
-208
-190
-320
-125
-23
21
150
137
236
337
158
119
-6
-104
-185
-162
-342
-192
-48
-31
148
136
142
271
255
65
13
-110
-186
-148
-200
-263
-139
-58
8
216
118
218
257
159
27
-14
-143
-148
-140
-261
-211
-36
-34
49
203
200
216
225
-13
60
-18
-216
-256
-228
-156
-18
-77
6
224
169
224
98
40
53
-53
-112
-210
-261
-90
-72
-64
-5
90
238
272
154
115
-3
87
-19
-161
-354
-167
-176
17
-31
36
140
268
260
120
-26
107
-22
-41
-184
-376
-56
10
-112
-16
27
215
290
60
32
47
88
-69
-124
-372
-59
-99
84
-163
119
123
290
185
113
-68
83
-112
-169
-175
-249
-40
-52
-41
65
164
213
312
64
-2
37
38
-141
-191
-274
-75
-158
99
-72
185
103
335
41
192
-49
101
-204
-147
-190
-214
-199
-17
-48
203
175
107
335
145
57
70
-168
-122
-164
-302
-125
-81
-15
39
192
133
293
28
194
-74
193
-298
-164
-109
-94
-227
51
-136
259
65
91
185
108
92
82
-219
-236
-22
-180
-247
-93
-24
148
171
142
138
194
167
-42
-4
-260
-205
-143
-87
-174
5
-20
217
233
124
88
164
72
37
-171
-350
-173
-42
-166
-135
-40
169
275
299
109
95
62
58
-168
-228
-302
-263
-75
-44
-51
22
193
386
203
63
128
84
-47
-131
-225
-312
-54
-110
-136
35
132
280
284
108
34
63
-53
-118
-232
-337
-172
45
0
-21
129
232
356
242
8
-44
123
-132
-173
-312
-327
-31
-4
-100
109
142
392
310
-11
98
58
-63
-220
-328
-330
-39
-120
24
53
190
268
320
104
67
-95
58
-208
-144
-307
-262
30
83
2
214
127
344
317
-149
32
8
-106
-253
-330
-266
98
-54
21
111
230
301
278
1
7
-15
-101
-247
-197
-241
-155
82
-18
-6
262
213
177
206
-36
-6
-13
-279
-223
-262
-164
68
-99
-16
274
246
299
125
22
11
17
-217
-244
-337
-209
13
-58
31
121
298
238
179
89
100
19
-11
-278
-273
-252
-216
27
-112
-79
322
193
266
214
-24
126
100
-321
-214
-279
-266
1
-81
-53
130
303
248
269
10
25
82
60
-202
-224
-289
-119
-27
43
-140
181
227
272
230
-48
56
209
-213
-198
-191
-249
-123
8
-122
115
55
187
387
28
5
94
-78
-133
-161
-363
-120
-94
-52
80
137
275
347
170
48
5
-65
-176
-236
-244
-244
-136
98
44
191
171
204
277
44
-8
12
-118
-119
-276
-202
-53
104
16
76
120
278
211
-28
-42
-43
-110
-201
-240
-93
-54
57
167
125
100
215
138
19
75
-214
-145
-161
-76
-216
-59
-27
258
200
165
67
309
22
57
-298
-198
-158
-105
-306
-17
-32
266
185
279
78
210
33
18
-56
-308
-335
-197
-107
-189
-8
-83
314
307
238
132
312
-20
108
-340
-337
-278
-132
-325
56
-20
189
282
296
134
332
-15
20
-155
-278
-305
-173
-243
-97
77
33
312
313
82
219
180
-90
0
-364
-283
-159
-80
-318
138
90
255
350
225
63
270
-101
-115
-99
-365
-241
-90
-296
-15
72
12
245
376
152
196
164
-128
62
-176
-349
-223
-93
-250
80
-33
89
322
297
88
258
-85
-91
30
-282
-256
-158
-178
10
107
-45
181
284
258
86
63
-101
-2
-42
-335
-271
-76
-98
137
13
93
276
300
60
193
-97
-102
-17
-252
-300
-160
-217
124
233
0
221
213
203
169
-60
-208
-3
-165
-350
-118
-99
-39
109
54
199
425
250
4
82
-55
-174
0
-372
-257
-57
-122
128
172
48
304
290
75
119
-136
-203
-40
-182
-372
-112
-28
147
131
118
81
357
246
-33
-143
-107
-184
-90
-327
-184
-18
104
180
211
38
239
312
44
-44
-168
-216
-71
-207
-333
-125
76
229
163
211
163
370
131
11
-242
-182
-230
-268
-295
-232
119
161
126
368
144
255
259
-103
-37
-177
-262
-156
-285
-463
106
28
182
215
169
272
514
7
-128
-188
-158
-178
-270
-413
-163
173
193
142
223
250
375
206
-158
-218
-154
-232
-218
-342
-343
98
142
210
232
186
340
364
35
-215
-229
-184
-130
-318
-397
-99
181
197
146
169
352
295
153
-122
-243
62
-233
-220
-327
-250
50
215
80
201
180
274
354
-84
-95
-127
-97
-227
-324
-380
11
162
172
49
181
497
381
1
-132
-227
-18
-230
-292
-361
-205
60
270
-28
261
147
306
187
-5
-296
-16
-137
-193
-269
-329
-62
176
28
148
98
283
396
115
-73
-162
-67
-194
-293
-327
-70
-11
232
23
212
247
288
143
51
-220
-19
-277
-197
-105
-212
-55
114
111
178
199
36
286
157
-140
-210
32
-144
-44
-317
-61
13
231
-131
160
106
192
174
-85
-143
62
-191
-63
-144
-257
66
56
80
124
109
28
256
30
-7
-240
-112
-48
18
-231
-43
37
222
-44
141
-38
155
28
-38
-181
-15
-101
-4
-108
-75
97
55
19
117
-8
-100
198
-104
97
-126
-135
17
61
-139
-85
-8
104
153
42
-69
108
95
66
-87
7
-62
29
-105
21
61
14
81
94
-113
-79
135
-136
104
-117
-37
27
185
-93
64
-188
86
89
-26
-180
108
-62
109
-39
-80
-72
204
-115
20
-91
12
130
63
-173
39
-36
24
177
-181
-106
75
61
-89
89
-273
189
136
33
-227
153
-70
173
11
-256
-93
240
-4
39
-212
78
174
52
-155
-67
-78
127
73
-116
-130
86
220
-26
-70
-210
87
101
-9
-232
48
18
210
-45
-105
-52
266
-5
-73
-155
-4
103
37
-229
-53
77
117
15
-56
-29
29
226
-13
-87
-42
44
-16
-34
-187
52
-12
132
-60
-5
-27
274
-41
37
-88
-27
60
17
-254
-13
5
39
48
-169
2
106
97
-30
-34
-28
108
-60
-33
-157
73
10
-9
-21
-7
37
204
-110
85
-3
-21
33
42
-194
53
-13
-36
100
-133
41
153
16
-46
88
-64
14
-95
19
-62
47
19
-37
-43
68
20
72
-133
-16
9
24
107
-89
-24
63
75
0
-13
-40
64
42
-152
-40
11
22
103
-33
40
120
-3
62
-25
-135
-26
-26
-57
-96
57
37
129
221
-80
119
69
41
-78
-137
-112
17
-12
-162
-9
68
6
222
65
-6
206
-15
37
-96
-179
-65
-96
-137
-91
-96
125
158
134
63
65
144
130
-74
-81
-139
-10
-127
-102
-238
111
-1
109
53
41
213
115
81
-149
-87
-35
-50
-193
-98
-205
40
78
151
45
111
152
166
-44
-63
-173
-14
-123
-33
-174
34
87
55
88
6
158
72
-19
5
-90
-171
68
-172
-39
-62
13
35
122
-32
98
124
140
-128
-88
-118
53
-32
-73
-123
106
123
24
81
-65
32
79
-166
73
-32
-136
150
-124
-67
52
-62
53
48
-149
54
-6
37
10
-74
-80
76
-18
-56
-56
119
55
-4
-37
-23
50
-49
-60
-44
80
-39
72
-52
-37
135
-33
-90
114
-21
134
2
-97
57
19
-39
7
-152
-64
53
105
70
30
-40
47
150
-88
5
-126
65
-24
-95
-138
82
-2
-19
-28
73
-37
228
13
-110
-3
-52
-26
39
-309
-78
89
62
52
22
76
133
218
-57
-34
-102
-22
-110
-116
-275
144
-126
61
125
172
96
258
13
60
-59
-108
-212
-142
-353
-58
-9
66
22
129
213
278
266
-13
-30
36
-109
-277
-244
-213
-28
-236
51
154
244
252
276
113
212
67
-170
-169
-251
-390
-171
-175
-52
140
74
264
400
220
88
110
-59
-86
-321
-347
-161
-76
-302
61
136
257
328
255
93
390
42
-310
-164
-256
-325
-201
-280
-43
229
72
264
421
245
239
98
-162
-120
-284
-278
-234
-189
-203
74
272
149
409
169
197
310
10
-246
-225
-206
-254
-219
-327
-63
178
248
268
290
281
273
36
-81
-181
-237
-301
-229
-270
-95
73
210
214
268
169
243
137
-3
-206
-200
-250
-189
-235
-197
-56
257
239
151
270
286
230
-38
-229
-276
-86
-304
-222
-266
5
174
188
261
265
180
182
82
-108
-293
-87
-298
-212
-241
-85
56
257
211
132
236
245
209
-94
-244
-250
-106
-242
-256
-238
114
68
383
72
253
109
223
-75
-86
-367
-114
-187
-98
-227
14
107
261
100
271
152
102
88
-135
-239
-165
-196
-212
-181
-153
230
142
287
193
178
55
166
-153
-123
-275
-201
-282
-7
22
97
185
234
95
213
147
-31
76
-238
-253
-165
-128
-167
-17
-229
264
223
230
122
178
42
211
-245
-199
-268
-73
-201
-75
-74
63
249
194
111
119
57
58
44
-197
-221
-100
-73
-92
39
-107
204
255
161
43
45
16
193
-242
-261
-226
-39
-35
-15
-100
145
213
323
13
51
-9
-6
-81
-215
-334
-75
49
-114
79
-32
128
306
147
-29
108
-88
125
-169
-228
-280
51
-119
-19
-103
194
187
391
-48
45
75
-18
-91
-153
-352
-32
70
-127
117
-4
120
281
238
-131
273
-141
48
-180
-289
-266
31
-226
-6
-168
167
316
231
-69
84
84
152
-190
-96
-270
-84
-56
-106
-8
56
65
208
146
12
97
-59
-12
-43
-276
-111
9
-147
29
-30
148
258
77
-12
132
54
61
-144
-149
-141
-19
-116
-117
-82
82
44
232
35
60
156
14
-10
-71
-174
-135
31
-134
10
-16
97
197
48
-40
158
12
71
-26
-114
-39
14
-20
14
-93
97
-3
11
-20
-35
59
35
-43
79
22
11
23
-96
48
-10
-124
-9
-28
-167
57
-63
118
51
44
97
189
22
79
-73
-118
-53
-194
-217
-58
-70
-13
110
171
235
176
134
0
58
-89
-139
-180
-140
-70
-43
-89
60
148
43
147
199
-22
128
-25
-151
-42
-143
-156
-92
-18
-21
186
42
197
108
117
-48
53
-140
-75
-236
-112
-4
94
-173
114
51
210
115
17
-68
165
-51
-75
-232
-153
-9
-57
-89
-6
130
256
196
73
49
-36
29
-131
-182
-234
-94
-60
163
-141
126
53
218
103
16
-113
105
7
-106
-223
-92
-15
82
-100
-57
66
186
67
57
3
20
110
-133
13
-43
-20
-45
88
-63
81
-101
85
41
-67
-114
102
-13
91
-131
0
73
166
-79
5
14
39
-36
-16
63
-78
95
-77
77
-62
42
-113
73
43
129
-177
176
11
106
-72
7
-113
107
-138
-28
-62
68
51
28
52
96
100
7
102
-62
-113
-25
28
-84
-123
-133
72
97
148
-52
95
48
279
-76
-70
-167
93
-62
7
-172
-4
66
58
-40
11
41
106
25
-11
-138
81
11
-38
-40
-149
159
25
-4
-81
79
11
163
-139
-29
-73
148
-83
12
-114
23
101
83
-85
-57
1
157
56
-219
-39
35
1
-122
23
-108
134
56
-131
-41
175
-6
70
-33
-41
21
37
-172
30
-162
-41
66
73
-41
49
-19
123
36
-188
-49
33
6
20
-123
45
135
45
-156
56
-5
-28
12
-113
-35
64
-28
-50
79
-156
183
-62
1
40
53
-201
204
-182
-17
-65
104
21
102
-122
119
146
-121
-109
11
-108
-52
-66
-119
65
107
34
31
46
-10
144
-30
10
45
48
-222
85
-89
39
-89
-24
23
111
-84
15
-23
60
84
-19
-80
57
-86
-12
45
-59
-34
57
31
22
-45
51
77
12
19
-105
16
15
-18
-73
55
-14
220
-95
6
-98
171
-27
-102
-138
82
-67
35
-50
21
-9
106
17
102
-78
4
-6
16
-85
-70
-54
75
70
-67
32
-23
191
92
-17
-127
60
-106
-128
-28
-134
37
178
10
48
99
69
71
20
-135
-60
-69
-55
-117
-19
-54
166
45
29
112
75
33
53
-163
-104
43
-166
-70
-82
-73
108
91
13
132
185
141
60
-219
-95
-24
-201
-180
-185
-44
166
139
9
224
246
290
76
-78
-166
-103
-158
-290
-212
-183
16
258
177
94
272
354
176
62
-305
-195
-195
-345
-259
-215
14
249
224
269
288
251
205
15
-227
-259
-136
-265
-274
-244
-14
81
247
211
252
356
241
149
-126
-282
-125
-268
-434
-290
-209
120
311
174
313
300
292
252
-88
-268
-235
-212
-273
-298
-302
-66
298
202
128
279
378
265
139
-201
-259
-72
-215
-371
-308
-209
116
278
136
272
316
229
326
-30
-240
-116
-309
-294
-178
-325
-112
229
241
274
256
226
275
47
-99
-208
-281
-276
-315
-246
-158
148
87
191
272
311
280
205
-65
-153
-145
-276
-288
-244
-305
52
89
132
243
211
267
290
79
-80
-86
-147
-275
-238
-192
-214
84
-50
53
210
221
291
231
0
2
-92
-220
-235
-225
-251
-71
104
114
135
245
171
153
212
-126
-125
-126
-185
-190
-116
-275
66
94
128
209
148
178
191
-63
-99
-152
-220
-180
-204
-56
-111
205
114
251
266
173
-8
71
-155
-138
-336
-223
-162
-77
-173
181
101
251
202
203
33
117
-159
-135
-223
-202
-155
-171
-36
96
267
156
163
263
135
-18
39
-197
-146
-167
-260
-106
39
-16
260
103
168
274
93
-20
-81
-172
-170
-188
-189
-162
17
79
194
273
230
94
145
94
-172
-124
-309
-191
-113
-204
-92
98
190
347
113
240
224
71
61
-231
-375
-159
-271
-68
-210
-126
226
284
279
250
159
208
183
-92
-370
-295
-173
-158
-222
-234
115
256
366
120
295
85
308
-3
-305
-335
-182
-315
-172
-184
-164
326
278
256
244
205
286
112
-171
-244
-263
-238
-116
-262
-169
107
234
279
150
276
177
257
11
-345
-207
-83
-278
-292
-216
-126
317
166
172
243
203
138
203
-177
-220
-189
-253
-139
-228
-181
31
277
149
104
225
76
218
15
-157
-190
60
-275
4
-290
-79
205
27
13
217
17
131
95
-112
-109
-48
-36
-128
1
-182
113
184
21
24
179
-129
271
-150
-72
-70
50
-215
141
-150
71
109
0
-38
89
17
21
-14
-86
-1
-60
5
-105
75
17
-8
49
-26
-32
133
-127
133
32
-101
1
157
-138
188
-114
-8
62
-79
-64
25
-53
10
7
-67
17
104
-16
31
4
38
9
86
-126
-78
8
-45
-19
86
-107
126
124
-90
159
-117
-36
104
-172
-128
84
-74
153
-1
-98
87
143
7
9
-44
-35
65
36
-61
-102
102
38
29
-54
-47
98
54
-103
-11
-92
-38
34
32
-95
106
105
113
117
-77
3
17
-80
-76
-77
-116
41
36
-110
-3
120
42
138
-76
63
46
53
-54
-53
-101
2
-86
-15
-76
55
105
60
99
31
133
174
-49
-90
-44
-161
41
-15
-227
57
34
6
210
-8
69
148
-5
-70
-112
-87
29
-106
-100
-114
29
62
98
27
125
33
228
-22
-57
-2
-115
-136
-45
-183
7
-1
47
110
28
79
213
78
-17
-105
19
-3
-75
-138
-103
-22
21
24
12
112
33
194
-39
0
27
-72
-46
-110
-176
3
-37
64
0
-7
81
182
12
49
-92
16
24
1
-168
-44
-22
46
-101
12
-48
188
60
-9
0
53
-103
103
-125
-25
67
-40
-58
-22
38
20
-10
-53
73
-93
66
-9
-15
-12
36
-92
39
-94
-69
-50
94
-145
40
-47
79
49
67
1
59
96
44
-163
-8
-43
-63
-125
-16
53
-14
144
-6
15
97
91
-108
76
-95
19
-43
-48
-213
107
-131
114
36
-27
-3
284
-43
102
-126
15
-30
-36
-214
-41
-7
69
57
-12
20
140
106
-139
143
-126
24
-19
-150
-109
122
-74
26
29
-32
71
257
-128
69
-103
-116
73
-29
-102
54
-65
128
94
-38
-28
79
-18
-100
-34
-35
-101
96
22
-19
91
-19
-11
86
-1
-35
25
-81
102
-38
-115
136
39
-80
152
-168
128
42
-80
-123
144
-74
164
-90
35
9
39
-113
-56
47
-34
6
62
6
-45
22
46
-30
20
-66
-33
63
-87
18
-39
28
163
-9
-40
71
24
93
-55
-79
-92
16
-205
-29
24
57
-10
159
87
84
-33
108
-34
51
-220
-155
22
-33
-157
21
-113
271
157
82
27
103
85
-58
-168
-207
-61
-173
-65
-73
80
33
163
152
258
-11
90
16
-13
-195
-223
-140
-86
-152
18
37
161
239
218
220
151
67
-128
-103
-313
-172
-288
-105
-99
110
94
281
124
390
101
117
-69
-101
-254
-287
-376
-50
-169
58
128
162
302
290
187
83
17
-205
-89
-367
-289
-270
-128
-150
171
97
442
185
298
89
101
-80
-119
-373
-259
-239
-48
-86
1
111
248
359
221
87
21
142
-206
-94
-278
-317
-173
-21
-222
268
86
359
231
285
16
81
-181
-134
-268
-323
-229
-21
-71
62
112
242
380
296
55
88
31
-202
-151
-327
-347
-88
6
-159
221
130
282
310
179
40
127
-192
-84
-327
-357
-243
38
-153
66
-39
299
435
145
19
110
-48
-15
-231
-388
-266
-89
-57
-31
97
169
314
352
196
-96
183
-167
-171
-272
-393
-216
112
-78
140
119
261
471
217
-77
119
-126
-173
-187
-389
-249
26
-53
103
160
276
334
327
139
-121
-40
-140
-360
-147
-379
-233
-31
18
221
286
99
465
246
-63
21
-190
-207
-205
-434
-205
-18
-1
176
57
277
371
230
20
25
-166
-44
-330
-244
-241
-159
97
48
115
337
135
346
193
-92
-107
-246
-94
-261
-332
-118
49
73
236
153
291
280
139
-47
-67
-226
-76
-315
-190
-279
-39
179
189
111
371
156
264
84
-89
-146
-205
-357
-185
-229
-14
62
117
219
290
289
171
-27
-47
-102
-266
-121
-333
-194
-52
74
88
255
149
321
209
85
-141
-29
-234
-162
-335
-208
-188
156
42
196
233
242
198
258
-200
-69
-108
-265
-126
-229
-301
178
108
139
259
118
374
187
23
-150
-23
-294
-178
-268
-161
-155
177
55
338
212
255
107
233
-184
-57
-329
-216
-173
-168
-190
144
113
174
276
36
230
130
-32
-135
-67
-282
-64
-232
-123
-66
189
-87
340
150
211
112
211
-205
59
-217
-141
-186
-146
-200
233
21
12
270
93
143
179
-103
-120
96
-190
-129
-165
-156
31
159
-118
180
118
60
10
166
-122
-34
-147
-125
19
18
-276
195
36
84
106
-14
4
145
-118
-132
25
-105
87
-49
-65
12
110
22
128
-54
-31
-29
29
-66
-27
-117
-28
74
130
-126
89
62
150
-83
-82
-111
85
-173
-51
-131
-2
138
-32
43
26
76
35
-40
-128
86
13
-51
-91
32
42
91
-119
35
10
-6
-3
0
-91
40
-10
13
-119
-5
37
70
11
-1
-67
132
95
70
-87
-139
50
42
-73
-115
-84
-32
207
-54
-79
115
53
113
42
-115
29
25
-9
-105
-202
-16
105
24
-59
-53
77
173
41
-66
-145
163
84
-105
-163
-84
110
167
-122
-99
66
147
50
-73
-144
168
44
23
-112
-61
82
158
-149
-125
42
35
97
-133
-65
8
163
78
-81
-112
46
169
41
-202
-118
-45
185
-92
-187
-122
202
128
42
-154
82
233
53
-137
-125
-68
137
80
-208
-56
123
28
100
19
-100
150
25
-20
-129
-148
1
210
-131
-101
21
152
114
-36
-124
-32
197
7
-105
-124
24
120
4
-179
-132
80
88
-42
42
-136
152
173
-59
-91
-64
45
227
-100
-155
-24
46
61
12
-114
-36
115
62
-54
-23
-15
84
-31
-112
-70
34
87
50
-42
16
-21
131
-123
12
-140
35
10
-33
-81
34
-12
93
12
-78
-1
84
45
-17
-112
-29
43
139
-161
-6
-35
204
73
-143
35
22
51
-48
-64
-26
27
-16
34
-110
-10
105
127
-49
-101
-107
110
121
45
-265
79
-18
166
-75
-54
-86
234
-61
-61
-138
26
71
195
-196
-10
58
119
95
-111
-172
69
117
-61
-144
-43
60
192
-85
-144
136
103
91
-5
-157
95
92
-50
-73
-130
18
20
146
-110
-122
120
29
-14
55
-92
77
52
-132
45
30
45
64
-216
-73
81
70
26
54
-84
105
35
11
-124
-59
11
-19
-26
-31
22
99
87
33
3
-112
115
-19
-116
11
-118
-17
41
46
-73
-4
91
103
61
-69
-23
33
8
-101
-170
-67
52
-19
42
37
84
116
174
-10
18
-61
-63
-50
-44
-163
-137
19
120
58
13
26
171
161
-101
-82
-54
-39
-13
-52
-186
75
40
141
3
102
20
134
-31
55
-160
-76
-38
-46
-168
2
3
73
67
-39
-18
165
86
10
-140
-86
89
-17
-128
-161
-25
45
89
-35
66
110
63
7
-19
-108
-33
-55
-129
-155
55
38
173
17
14
76
63
-4
48
-211
-42
89
65
-185
-52
-51
151
34
47
-35
90
89
-16
45
-34
-32
28
-27
-88
-69
-70
90
51
-13
-39
38
101
78
-130
20
-12
125
-11
-44
-158
123
-27
64
-85
-50
30
21
27
68
13
3
23
-37
-9
-116
2
-11
17
-42
130
27
78
-19
-13
16
40
-132
9
-156
-41
-17
-35
-50
6
84
145
3
97
45
89
83
-164
4
-109
-88
-59
-28
-116
200
7
112
49
-21
70
180
-61
31
-104
-63
-33
-52
-88
-14
-1
110
137
97
40
77
111
-95
-56
-117
-175
34
-77
-61
229
-25
144
143
21
-10
95
-110
-20
-113
-134
-1
4
-62
25
-66
60
182
146
-33
3
103
-8
21
-280
-115
8
20
-83
113
-133
195
238
-6
56
-5
-183
97
-71
-273
33
-120
-25
104
19
-13
149
147
36
-55
30
-19
101
-173
-179
16
-26
-67
84
-82
107
187
-40
108
19
-183
149
38
-154
19
-181
-40
40
-9
-81
113
63
111
2
-92
-17
81
-35
-199
59
-123
85
99
-56
126
52
-46
64
-10
-224
61
-119
-46
-21
-134
73
188
-24
34
20
34
62
106
-235
-51
53
-59
-51
-36
-93
225
41
-155
50
9
34
118
-100
-75
94
-19
93
-114
-198
96
156
-73
-43
-119
-21
215
43
-165
-6
129
131
33
-205
-59
211
58
-37
-215
-121
120
103
-157
-2
-59
135
225
-104
-59
16
-2
143
-99
-260
-11
122
15
-54
13
20
268
36
-108
-84
-13
-3
44
-216
-140
160
40
22
74
-18
125
152
-121
70
-5
-121
78
-96
-199
34
91
1
53
-24
-5
183
107
-130
29
-111
-28
-6
-192
-114
161
-89
183
11
1
304
154
-177
92
-224
-77
-16
-165
-159
106
59
187
102
-34
113
94
29
-148
-91
-130
-25
66
-183
-28
152
-78
216
7
-141
227
52
-76
91
-320
-42
153
-179
9
62
-76
250
108
-70
104
12
-31
7
-141
-131
42
-6
-92
-39
87
-47
211
22
-12
132
56
4
58
-198
-17
49
-238
-4
-21
-59
123
106
-66
120
6
81
51
-90
-53
86
-62
40
-36
-128
31
25
-93
-57
43
14
140
-22
-103
28
112
-72
-3
-147
-77
112
26
-90
115
-87
140
34
-8
-57
-3
-99
37
34
-107
90
9
44
19
18
-78
172
-44
-20
-99
8
2
152
-230
-104
95
48
-22
109
-86
126
55
17
-87
10
-102
5
-64
-33
-27
39
-31
205
-33
-81
135
8
39
15
-142
-27
155
-274
-100
36
-16
53
6
-73
177
124
-3
-70
-5
-120
101
-125
-64
-38
-8
-59
84
-36
20
116
30
90
-8
-149
11
82
-207
-99
-47
119
25
112
-225
139
143
-28
-60
-64
-156
149
-145
-53
-35
109
72
42
18
85
77
-6
62
-84
-177
-48
42
-15
-36
-73
0
134
98
-87
101
119
-83
-25
-108
8
29
-97
-202
-43
7
10
33
44
141
116
13
11
38
-53
-160
20
-149
-42
-21
-76
196
69
24
123
160
2
-101
-176
-106
21
-137
-269
100
105
94
103
21
162
142
-84
-40
-50
-162
-35
-11
-150
-3
-34
41
202
100
-77
88
89
-33
-15
-148
-101
60
-73
-161
101
179
118
31
-53
-34
128
-154
-71
-76
-10
56
49
-74
164
17
10
22
54
-101
67
-71
-132
-13
22
18
76
25
18
91
55
45
-77
-75
-77
33
-116
-176
14
168
50
61
-73
123
123
26
-119
-10
-29
34
29
-104
-113
7
-12
76
24
-11
168
125
1
31
-144
27
-64
-86
-147
-1
27
19
70
130
27
159
-30
-27
-50
-89
-108
64
-127
8
-14
34
85
143
26
92
92
-101
31
-152
-27
-113
8
7
47
-21
22
27
149
-61
32
-12
47
71
-28
-147
163
-89
7
-5
-78
-87
138
-19
40
72
-1
22
69
-12
-14
30
-98
-20
-125
17
-10
124
-127
32
105
65
68
69
-150
137
35
-106
-75
-48
-115
170
-204
-65
122
114
90
45
-5
9
103
-176
-27
-94
-17
-44
56
-102
30
179
17
-21
87
-138
127
102
-168
-63
-30
-41
132
-93
-162
150
98
102
60
-15
-40
105
-126
-58
-93
-30
58
15
-89
81
79
106
28
34
-77
168
-56
-127
-48
-64
-185
43
-26
15
187
5
62
218
-10
-10
1
-195
-45
-98
-95
-33
2
-71
196
-15
94
40
12
-20
72
-171
-43
-41
42
-109
15
-88
6
94
4
-51
52
110
21
102
-45
-34
31
-53
-125
-18
-35
8
62
-70
0
68
19
-7
-72
13
-43
69
-12
21
-13
21
-91
116
-95
38
51
-46
95
85
-140
137
-183
-19
64
-49
-9
108
-50
74
-9
-93
56
-116
27
-41
-3
105
34
-64
135
-74
49
-55
-61
-1
4
13
19
-143
160
-72
-33
7
1
-111
62
-73
96
-85
-102
-12
66
-4
75
-73
147
52
12
-64
-5
-41
4
-246
-63
-18
65
66
23
29
213
94
101
24
-110
117
-63
-11
-202
-32
-31
68
-20
5
-25
225
144
55
15
5
-7
27
-327
-182
58
10
-127
142
-87
241
180
-43
-16
80
-7
84
-175
-201
96
30
-101
55
-72
71
229
24
-54
144
-19
-20
59
-267
-20
-45
-5
-116
37
-59
204
144
11
68
47
-53
140
-223
-149
28
-90
2
4
-99
110
134
6
42
11
-21
65
20
-155
-42
-90
13
-64
-16
-43
246
67
19
-52
195
59
-2
-149
-131
99
-53
-89
-9
-28
85
168
-99
40
67
78
-8
-37
-121
-3
76
-104
-193
-5
46
112
-17
-119
45
203
13
-105
-51
-2
104
-134
-168
-116
39
65
135
-137
81
95
193
-122
-22
-132
-2
-34
-5
-185
-9
121
52
50
-54
58
95
-16
-12
-21
-31
23
-33
-24
-213
42
39
154
-136
149
-29
120
-79
-43
-221
90
-125
42
-129
153
-29
186
-17
-22
-86
145
-69
-21
-68
-166
43
66
-98
16
19
-14
213
-113
67
34
10
-123
97
-279
133
-56
-23
-38
135
-73
225
-46
-2
-21
-7
-109
83
-155
-85
19
9
-62
105
-28
65
209
-53
-4
-17
-29
-68
18
-240
83
-70
77
106
52
-51
241
-11
11
-9
-186
-107
94
-153
-18
48
71
93
152
-67
150
68
-104
-51
-115
-116
76
-94
-182
168
17
65
138
69
-39
103
-70
-81
-28
-105
-70
-6
-110
-28
105
9
166
157
-96
87
-60
-22
-11
-126
-52
13
-90
-23
70
150
100
94
35
94
15
31
-172
-63
-100
-64
-62
-40
2
206
-39
124
22
24
87
21
-85
-37
-25
-67
16
-127
149
-40
29
-36
145
33
32
-22
78
-118
20
-132
19
-3
44
-32
144
91
38
-6
-16
-13
4
-202
-126
73
14
-25
-2
143
101
75
-76
90
11
-70
-66
57
-146
24
-127
-32
39
107
-152
174
52
7
71
-25
-33
104
-105
-59
7
-70
-11
60
-51
11
86
-79
125
8
27
-87
169
-60
62
-137
-29
-5
105
-217
54
-71
96
96
-79
-32
156
66
57
-44
-163
158
-32
-52
-70
-71
-188
194
-50
109
-106
128
44
123
-190
53
-3
15
-126
-51
-113
250
82
-45
-69
120
5
156
-154
-176
134
-80
-87
60
-116
20
256
-126
74
98
-54
70
184
-244
-15
-67
-142
-17
-69
-205
210
23
61
68
68
61
286
-190
-220
68
-15
-190
-152
-200
86
319
-132
31
113
110
136
114
-295
85
-93
-121
-81
-148
-162
336
-63
122
122
-21
123
238
-213
-105
-104
-14
-27
-87
-306
106
221
-99
96
65
123
214
-19
-258
152
-58
-124
-168
-123
-43
201
-51
-14
213
-15
73
143
-216
-15
20
-109
-62
13
-168
100
197
-137
14
96
62
168
-27
-184
184
23
-154
-91
-63
-19
171
-135
-103
248
10
104
11
-269
87
117
-184
-69
-101
-8
70
74
-71
51
59
109
85
-84
-144
110
32
-187
-46
-45
67
189
-125
-37
201
153
71
-140
-139
115
168
-249
-57
-59
143
104
-77
-126
203
112
87
-26
-60
-34
57
-15
-144
-33
-57
21
93
-68
-101
242
47
17
-57
-98
37
176
-207
-68
-69
68
102
-2
-190
187
107
162
-113
6
-69
92
-137
-48
-93
41
3
52
12
-82
320
-62
87
45
-161
-97
135
-275
57
-97
5
123
30
-186
230
27
21
-51
-49
-30
129
-129
-31
-86
-22
69
-40
-9
-47
173
-42
69
93
-55
-46
197
-238
-2
-89
-17
85
16
-200
167
90
47
71
-168
71
167
-158
-12
-83
-57
12
64
-129
48
45
131
-9
-13
-55
-6
25
-78
-154
-10
-78
62
32
-112
40
154
127
-10
-77
36
176
-171
-127
-115
-3
11
38
-144
89
49
213
33
-30
-27
88
-9
-48
-155
-14
-48
37
-72
-7
13
74
-19
-6
80
128
-12
74
-80
-23
-12
0
-138
-60
40
-18
137
-76
83
-18
164
59
-41
-188
32
73
1
-113
39
-16
175
-127
38
10
145
-46
56
-140
69
4
-103
-47
-39
-74
31
98
-71
106
-36
66
10
-25
-105
86
7
-70
-72
53
-99
115
-84
-44
72
73
6
55
-46
90
2
-156
-63
-21
-138
36
-43
-53
206
106
26
28
56
4
88
-240
-26
-92
-49
-51
-30
-28
-13
157
80
-4
40
50
94
0
-93
-180
7
-42
-31
-115
-86
237
136
7
100
77
17
79
-184
-61
25
-144
-47
-2
-41
-2
45
13
82
51
-68
23
64
-79
31
-102
-34
-62
33
-101
95
-55
-1
124
-22
-42
85
-55
-26
-13
-49
-125
32
-36
80
-93
23
-28
165
-97
26
61
9
18
4
1
-8
95
-97
12
-7
-64
7
27
-36
140
-103
74
61
46
-41
-2
-110
42
-29
-137
-13
50
-93
65
-58
148
62
36
19
127
26
-101
-114
-81
-101
-57
-26
-88
207
14
161
69
11
58
87
-85
-48
-118
-175
20
-42
3
64
-134
137
186
93
75
137
-22
-52
-130
-222
-83
-43
-202
-110
208
71
228
88
56
96
64
-138
75
-246
-150
46
-163
13
61
-74
173
132
60
157
-11
21
142
-202
-89
-39
-114
-106
-24
65
98
-12
129
149
189
-38
-119
-32
-85
-172
1
-216
